{"C:\\Users\\FLORZINHA\\Desktop\\projeto-aether\\AetherPlataforma\\EscalaiApp\\src\\components\\AdminBottomNav.tsx": {"path":"C:\\Users\\FLORZINHA\\Desktop\\projeto-aether\\AetherPlataforma\\EscalaiApp\\src\\components\\AdminBottomNav.tsx","statementMap":{"0":{"start":{"line":37,"column":0},"end":{"line":37,"column":24}},"1":{"start":{"line":1,"column":0},"end":{"line":1,"column":40}},"2":{"start":{"line":2,"column":0},"end":{"line":2,"column":78}},"3":{"start":{"line":3,"column":0},"end":{"line":3,"column":135}},"4":{"start":{"line":4,"column":0},"end":{"line":4,"column":37}},"5":{"start":{"line":5,"column":0},"end":{"line":5,"column":46}},"6":{"start":{"line":18,"column":21},"end":{"line":23,"column":2}},"7":{"start":{"line":26,"column":23},"end":{"line":32,"column":2}},"8":{"start":{"line":38,"column":36},"end":{"line":38,"column":51}},"9":{"start":{"line":41,"column":30},"end":{"line":41,"column":75}},"10":{"start":{"line":41,"column":55},"end":{"line":41,"column":74}},"11":{"start":{"line":43,"column":4},"end":{"line":127,"column":6}},"12":{"start":{"line":48,"column":37},"end":{"line":48,"column":54}},"13":{"start":{"line":49,"column":20},"end":{"line":62,"column":22}},"14":{"start":{"line":52,"column":43},"end":{"line":52,"column":70}},"15":{"start":{"line":67,"column":35},"end":{"line":67,"column":52}},"16":{"start":{"line":80,"column":94},"end":{"line":80,"column":112}},"17":{"start":{"line":81,"column":42},"end":{"line":81,"column":60}},"18":{"start":{"line":89,"column":61},"end":{"line":89,"column":79}},"19":{"start":{"line":97,"column":49},"end":{"line":97,"column":66}},"20":{"start":{"line":98,"column":32},"end":{"line":120,"column":34}},"21":{"start":{"line":102,"column":44},"end":{"line":102,"column":63}},"22":{"start":{"line":103,"column":44},"end":{"line":103,"column":72}}},"fnMap":{"0":{"name":"AdminBottomNav","decl":{"start":{"line":37,"column":24},"end":{"line":37,"column":38}},"loc":{"start":{"line":37,"column":73},"end":{"line":128,"column":1}}},"1":{"name":"(anonymous_1)","decl":{"start":{"line":41,"column":50},"end":{"line":41,"column":51}},"loc":{"start":{"line":41,"column":55},"end":{"line":41,"column":74}}},"2":{"name":"(anonymous_2)","decl":{"start":{"line":47,"column":34},"end":{"line":47,"column":35}},"loc":{"start":{"line":47,"column":65},"end":{"line":63,"column":17}}},"3":{"name":"(anonymous_3)","decl":{"start":{"line":52,"column":37},"end":{"line":52,"column":40}},"loc":{"start":{"line":52,"column":43},"end":{"line":52,"column":70}}},"4":{"name":"(anonymous_4)","decl":{"start":{"line":67,"column":29},"end":{"line":67,"column":32}},"loc":{"start":{"line":67,"column":35},"end":{"line":67,"column":52}}},"5":{"name":"(anonymous_5)","decl":{"start":{"line":80,"column":88},"end":{"line":80,"column":91}},"loc":{"start":{"line":80,"column":94},"end":{"line":80,"column":112}}},"6":{"name":"(anonymous_6)","decl":{"start":{"line":81,"column":36},"end":{"line":81,"column":39}},"loc":{"start":{"line":81,"column":42},"end":{"line":81,"column":60}}},"7":{"name":"(anonymous_7)","decl":{"start":{"line":82,"column":40},"end":{"line":82,"column":43}},"loc":{"start":{"line":82,"column":45},"end":{"line":82,"column":90}}},"8":{"name":"(anonymous_8)","decl":{"start":{"line":89,"column":55},"end":{"line":89,"column":58}},"loc":{"start":{"line":89,"column":61},"end":{"line":89,"column":79}}},"9":{"name":"(anonymous_9)","decl":{"start":{"line":96,"column":48},"end":{"line":96,"column":49}},"loc":{"start":{"line":96,"column":92},"end":{"line":121,"column":29}}},"10":{"name":"(anonymous_10)","decl":{"start":{"line":101,"column":49},"end":{"line":101,"column":52}},"loc":{"start":{"line":101,"column":54},"end":{"line":104,"column":41}}}},"branchMap":{"0":{"loc":{"start":{"line":53,"column":83},"end":{"line":53,"column":122}},"type":"cond-expr","locations":[{"start":{"line":53,"column":94},"end":{"line":53,"column":107}},{"start":{"line":53,"column":110},"end":{"line":53,"column":122}}]},"1":{"loc":{"start":{"line":55,"column":41},"end":{"line":55,"column":84}},"type":"cond-expr","locations":[{"start":{"line":55,"column":52},"end":{"line":55,"column":72}},{"start":{"line":55,"column":75},"end":{"line":55,"column":84}}]},"2":{"loc":{"start":{"line":57,"column":83},"end":{"line":57,"column":167}},"type":"cond-expr","locations":[{"start":{"line":57,"column":94},"end":{"line":57,"column":130}},{"start":{"line":57,"column":133},"end":{"line":57,"column":167}}]},"3":{"loc":{"start":{"line":68,"column":75},"end":{"line":68,"column":123}},"type":"cond-expr","locations":[{"start":{"line":68,"column":95},"end":{"line":68,"column":108}},{"start":{"line":68,"column":111},"end":{"line":68,"column":123}}]},"4":{"loc":{"start":{"line":70,"column":43},"end":{"line":70,"column":95}},"type":"cond-expr","locations":[{"start":{"line":70,"column":63},"end":{"line":70,"column":83}},{"start":{"line":70,"column":86},"end":{"line":70,"column":95}}]},"5":{"loc":{"start":{"line":72,"column":75},"end":{"line":72,"column":168}},"type":"cond-expr","locations":[{"start":{"line":72,"column":95},"end":{"line":72,"column":131}},{"start":{"line":72,"column":134},"end":{"line":72,"column":168}}]},"6":{"loc":{"start":{"line":105,"column":104},"end":{"line":107,"column":null}},"type":"cond-expr","locations":[{"start":{"line":106,"column":46},"end":{"line":106,"column":79}},{"start":{"line":107,"column":46},"end":{"line":107,"column":null}}]},"7":{"loc":{"start":{"line":110,"column":111},"end":{"line":110,"column":152}},"type":"cond-expr","locations":[{"start":{"line":110,"column":122},"end":{"line":110,"column":137}},{"start":{"line":110,"column":140},"end":{"line":110,"column":152}}]},"8":{"loc":{"start":{"line":111,"column":57},"end":{"line":111,"column":100}},"type":"cond-expr","locations":[{"start":{"line":111,"column":68},"end":{"line":111,"column":88}},{"start":{"line":111,"column":91},"end":{"line":111,"column":100}}]},"9":{"loc":{"start":{"line":114,"column":76},"end":{"line":114,"column":160}},"type":"cond-expr","locations":[{"start":{"line":114,"column":87},"end":{"line":114,"column":123}},{"start":{"line":114,"column":126},"end":{"line":114,"column":160}}]}},"s":{"0":0,"1":0,"2":0,"3":0,"4":0,"5":0,"6":0,"7":0,"8":0,"9":0,"10":0,"11":0,"12":0,"13":0,"14":0,"15":0,"16":0,"17":0,"18":0,"19":0,"20":0,"21":0,"22":0},"f":{"0":0,"1":0,"2":0,"3":0,"4":0,"5":0,"6":0,"7":0,"8":0,"9":0,"10":0},"b":{"0":[0,0],"1":[0,0],"2":[0,0],"3":[0,0],"4":[0,0],"5":[0,0],"6":[0,0],"7":[0,0],"8":[0,0],"9":[0,0]}}
,"C:\\Users\\FLORZINHA\\Desktop\\projeto-aether\\AetherPlataforma\\EscalaiApp\\src\\components\\AdminNotificationCenter.tsx": {"path":"C:\\Users\\FLORZINHA\\Desktop\\projeto-aether\\AetherPlataforma\\EscalaiApp\\src\\components\\AdminNotificationCenter.tsx","statementMap":{"0":{"start":{"line":29,"column":0},"end":{"line":29,"column":16}},"1":{"start":{"line":6,"column":0},"end":{"line":6,"column":64}},"2":{"start":{"line":7,"column":0},"end":{"line":7,"column":86}},"3":{"start":{"line":8,"column":0},"end":{"line":8,"column":105}},"4":{"start":{"line":9,"column":0},"end":{"line":9,"column":46}},"5":{"start":{"line":10,"column":0},"end":{"line":10,"column":42}},"6":{"start":{"line":11,"column":0},"end":{"line":11,"column":71}},"7":{"start":{"line":12,"column":0},"end":{"line":12,"column":42}},"8":{"start":{"line":15,"column":20},"end":{"line":22,"column":11}},"9":{"start":{"line":30,"column":46},"end":{"line":30,"column":79}},"10":{"start":{"line":31,"column":38},"end":{"line":31,"column":52}},"11":{"start":{"line":33,"column":31},"end":{"line":58,"column":10}},"12":{"start":{"line":34,"column":8},"end":{"line":34,"column":27}},"13":{"start":{"line":35,"column":8},"end":{"line":57,"column":9}},"14":{"start":{"line":37,"column":27},"end":{"line":37,"column":100}},"15":{"start":{"line":38,"column":26},"end":{"line":50,"column":29}},"16":{"start":{"line":39,"column":34},"end":{"line":48,"column":40}},"17":{"start":{"line":49,"column":32},"end":{"line":49,"column":97}},"18":{"start":{"line":52,"column":12},"end":{"line":52,"column":36}},"19":{"start":{"line":54,"column":12},"end":{"line":54,"column":88}},"20":{"start":{"line":56,"column":12},"end":{"line":56,"column":32}},"21":{"start":{"line":60,"column":4},"end":{"line":62,"column":38}},"22":{"start":{"line":61,"column":8},"end":{"line":61,"column":42}},"23":{"start":{"line":61,"column":21},"end":{"line":61,"column":42}},"24":{"start":{"line":64,"column":4},"end":{"line":64,"column":30}},"25":{"start":{"line":64,"column":18},"end":{"line":64,"column":30}},"26":{"start":{"line":66,"column":31},"end":{"line":113,"column":5}},"27":{"start":{"line":67,"column":23},"end":{"line":67,"column":93}},"28":{"start":{"line":68,"column":21},"end":{"line":68,"column":32}},"29":{"start":{"line":69,"column":24},"end":{"line":69,"column":65}},"30":{"start":{"line":71,"column":28},"end":{"line":83,"column":9}},"31":{"start":{"line":72,"column":12},"end":{"line":72,"column":34}},"32":{"start":{"line":72,"column":27},"end":{"line":72,"column":34}},"33":{"start":{"line":73,"column":12},"end":{"line":82,"column":13}},"34":{"start":{"line":75,"column":16},"end":{"line":77,"column":19}},"35":{"start":{"line":79,"column":16},"end":{"line":79,"column":101}},"36":{"start":{"line":79,"column":41},"end":{"line":79,"column":99}},"37":{"start":{"line":79,"column":55},"end":{"line":79,"column":98}},"38":{"start":{"line":81,"column":16},"end":{"line":81,"column":89}},"39":{"start":{"line":85,"column":8},"end":{"line":112,"column":10}},"40":{"start":{"line":115,"column":32},"end":{"line":129,"column":5}},"41":{"start":{"line":116,"column":28},"end":{"line":116,"column":62}},"42":{"start":{"line":116,"column":54},"end":{"line":116,"column":61}},"43":{"start":{"line":117,"column":8},"end":{"line":117,"column":45}},"44":{"start":{"line":117,"column":38},"end":{"line":117,"column":45}},"45":{"start":{"line":119,"column":8},"end":{"line":128,"column":9}},"46":{"start":{"line":120,"column":12},"end":{"line":124,"column":14}},"47":{"start":{"line":122,"column":20},"end":{"line":122,"column":105}},"48":{"start":{"line":125,"column":12},"end":{"line":125,"column":76}},"49":{"start":{"line":125,"column":37},"end":{"line":125,"column":74}},"50":{"start":{"line":125,"column":52},"end":{"line":125,"column":72}},"51":{"start":{"line":127,"column":12},"end":{"line":127,"column":88}},"52":{"start":{"line":131,"column":4},"end":{"line":183,"column":6}},"53":{"start":{"line":138,"column":49},"end":{"line":138,"column":56}},"54":{"start":{"line":149,"column":45},"end":{"line":149,"column":52}},"55":{"start":{"line":162,"column":40},"end":{"line":162,"column":47}},"56":{"start":{"line":187,"column":16},"end":{"line":187,"column":26}},"57":{"start":{"line":188,"column":19},"end":{"line":188,"column":49}},"58":{"start":{"line":189,"column":4},"end":{"line":189,"column":35}},"59":{"start":{"line":189,"column":20},"end":{"line":189,"column":35}},"60":{"start":{"line":190,"column":20},"end":{"line":190,"column":46}},"61":{"start":{"line":191,"column":20},"end":{"line":191,"column":48}},"62":{"start":{"line":192,"column":21},"end":{"line":192,"column":50}},"63":{"start":{"line":194,"column":4},"end":{"line":194,"column":36}},"64":{"start":{"line":194,"column":21},"end":{"line":194,"column":36}},"65":{"start":{"line":195,"column":4},"end":{"line":195,"column":48}},"66":{"start":{"line":195,"column":22},"end":{"line":195,"column":48}},"67":{"start":{"line":196,"column":4},"end":{"line":196,"column":46}},"68":{"start":{"line":196,"column":22},"end":{"line":196,"column":46}},"69":{"start":{"line":197,"column":4},"end":{"line":197,"column":47}},"70":{"start":{"line":197,"column":22},"end":{"line":197,"column":47}},"71":{"start":{"line":198,"column":4},"end":{"line":198,"column":80}}},"fnMap":{"0":{"name":"AdminNotificationCenter","decl":{"start":{"line":29,"column":16},"end":{"line":29,"column":39}},"loc":{"start":{"line":29,"column":90},"end":{"line":184,"column":1}}},"1":{"name":"(anonymous_1)","decl":{"start":{"line":33,"column":43},"end":{"line":33,"column":48}},"loc":{"start":{"line":33,"column":54},"end":{"line":58,"column":5}}},"2":{"name":"(anonymous_2)","decl":{"start":{"line":39,"column":21},"end":{"line":39,"column":22}},"loc":{"start":{"line":39,"column":34},"end":{"line":48,"column":40}}},"3":{"name":"(anonymous_3)","decl":{"start":{"line":49,"column":22},"end":{"line":49,"column":23}},"loc":{"start":{"line":49,"column":32},"end":{"line":49,"column":97}}},"4":{"name":"(anonymous_4)","decl":{"start":{"line":60,"column":14},"end":{"line":60,"column":17}},"loc":{"start":{"line":60,"column":19},"end":{"line":62,"column":5}}},"5":{"name":"(anonymous_5)","decl":{"start":{"line":66,"column":31},"end":{"line":66,"column":32}},"loc":{"start":{"line":66,"column":73},"end":{"line":113,"column":5}}},"6":{"name":"(anonymous_6)","decl":{"start":{"line":71,"column":28},"end":{"line":71,"column":33}},"loc":{"start":{"line":71,"column":39},"end":{"line":83,"column":9}}},"7":{"name":"(anonymous_7)","decl":{"start":{"line":79,"column":33},"end":{"line":79,"column":37}},"loc":{"start":{"line":79,"column":41},"end":{"line":79,"column":99}}},"8":{"name":"(anonymous_8)","decl":{"start":{"line":79,"column":50},"end":{"line":79,"column":51}},"loc":{"start":{"line":79,"column":55},"end":{"line":79,"column":98}}},"9":{"name":"(anonymous_9)","decl":{"start":{"line":115,"column":32},"end":{"line":115,"column":37}},"loc":{"start":{"line":115,"column":43},"end":{"line":129,"column":5}}},"10":{"name":"(anonymous_10)","decl":{"start":{"line":116,"column":49},"end":{"line":116,"column":50}},"loc":{"start":{"line":116,"column":54},"end":{"line":116,"column":61}}},"11":{"name":"(anonymous_11)","decl":{"start":{"line":121,"column":32},"end":{"line":121,"column":36}},"loc":{"start":{"line":122,"column":20},"end":{"line":122,"column":105}}},"12":{"name":"(anonymous_12)","decl":{"start":{"line":125,"column":29},"end":{"line":125,"column":33}},"loc":{"start":{"line":125,"column":37},"end":{"line":125,"column":74}}},"13":{"name":"(anonymous_13)","decl":{"start":{"line":125,"column":46},"end":{"line":125,"column":47}},"loc":{"start":{"line":125,"column":52},"end":{"line":125,"column":72}}},"14":{"name":"(anonymous_14)","decl":{"start":{"line":138,"column":44},"end":{"line":138,"column":45}},"loc":{"start":{"line":138,"column":49},"end":{"line":138,"column":56}}},"15":{"name":"(anonymous_15)","decl":{"start":{"line":149,"column":40},"end":{"line":149,"column":41}},"loc":{"start":{"line":149,"column":45},"end":{"line":149,"column":52}}},"16":{"name":"(anonymous_16)","decl":{"start":{"line":162,"column":30},"end":{"line":162,"column":31}},"loc":{"start":{"line":162,"column":40},"end":{"line":162,"column":47}}},"17":{"name":"getRelativeTime","decl":{"start":{"line":186,"column":9},"end":{"line":186,"column":24}},"loc":{"start":{"line":186,"column":35},"end":{"line":199,"column":1}}}},"branchMap":{"0":{"loc":{"start":{"line":38,"column":27},"end":{"line":38,"column":48}},"type":"binary-expr","locations":[{"start":{"line":38,"column":27},"end":{"line":38,"column":42}},{"start":{"line":38,"column":46},"end":{"line":38,"column":48}}]},"1":{"loc":{"start":{"line":43,"column":26},"end":{"line":43,"column":42}},"type":"binary-expr","locations":[{"start":{"line":43,"column":26},"end":{"line":43,"column":32}},{"start":{"line":43,"column":36},"end":{"line":43,"column":42}}]},"2":{"loc":{"start":{"line":61,"column":8},"end":{"line":61,"column":42}},"type":"if","locations":[{"start":{"line":61,"column":8},"end":{"line":61,"column":42}},{"start":{},"end":{}}]},"3":{"loc":{"start":{"line":64,"column":4},"end":{"line":64,"column":30}},"type":"if","locations":[{"start":{"line":64,"column":4},"end":{"line":64,"column":30}},{"start":{},"end":{}}]},"4":{"loc":{"start":{"line":67,"column":23},"end":{"line":67,"column":93}},"type":"binary-expr","locations":[{"start":{"line":67,"column":23},"end":{"line":67,"column":73}},{"start":{"line":67,"column":77},"end":{"line":67,"column":93}}]},"5":{"loc":{"start":{"line":72,"column":12},"end":{"line":72,"column":34}},"type":"if","locations":[{"start":{"line":72,"column":12},"end":{"line":72,"column":34}},{"start":{},"end":{}}]},"6":{"loc":{"start":{"line":79,"column":55},"end":{"line":79,"column":98}},"type":"cond-expr","locations":[{"start":{"line":79,"column":74},"end":{"line":79,"column":94}},{"start":{"line":79,"column":97},"end":{"line":79,"column":98}}]},"7":{"loc":{"start":{"line":89,"column":78},"end":{"line":91,"column":null}},"type":"cond-expr","locations":[{"start":{"line":90,"column":22},"end":{"line":90,"column":66}},{"start":{"line":91,"column":22},"end":{"line":91,"column":null}}]},"8":{"loc":{"start":{"line":96,"column":21},"end":{"line":97,"column":null}},"type":"binary-expr","locations":[{"start":{"line":96,"column":21},"end":{"line":96,"column":31}},{"start":{"line":97,"column":24},"end":{"line":97,"column":127}}]},"9":{"loc":{"start":{"line":117,"column":8},"end":{"line":117,"column":45}},"type":"if","locations":[{"start":{"line":117,"column":8},"end":{"line":117,"column":45}},{"start":{},"end":{}}]},"10":{"loc":{"start":{"line":138,"column":25},"end":{"line":139,"column":null}},"type":"binary-expr","locations":[{"start":{"line":138,"column":25},"end":{"line":138,"column":57}},{"start":{"line":139,"column":28},"end":{"line":139,"column":134}}]},"11":{"loc":{"start":{"line":149,"column":21},"end":{"line":152,"column":null}},"type":"binary-expr","locations":[{"start":{"line":149,"column":21},"end":{"line":149,"column":53}},{"start":{"line":150,"column":24},"end":{"line":151,"column":null}}]},"12":{"loc":{"start":{"line":169,"column":20},"end":{"line":179,"column":28}},"type":"cond-expr","locations":[{"start":{"line":170,"column":24},"end":{"line":177,"column":null}},{"start":{"line":179,"column":24},"end":{"line":179,"column":28}}]},"13":{"loc":{"start":{"line":189,"column":4},"end":{"line":189,"column":35}},"type":"if","locations":[{"start":{"line":189,"column":4},"end":{"line":189,"column":35}},{"start":{},"end":{}}]},"14":{"loc":{"start":{"line":194,"column":4},"end":{"line":194,"column":36}},"type":"if","locations":[{"start":{"line":194,"column":4},"end":{"line":194,"column":36}},{"start":{},"end":{}}]},"15":{"loc":{"start":{"line":195,"column":4},"end":{"line":195,"column":48}},"type":"if","locations":[{"start":{"line":195,"column":4},"end":{"line":195,"column":48}},{"start":{},"end":{}}]},"16":{"loc":{"start":{"line":196,"column":4},"end":{"line":196,"column":46}},"type":"if","locations":[{"start":{"line":196,"column":4},"end":{"line":196,"column":46}},{"start":{},"end":{}}]},"17":{"loc":{"start":{"line":197,"column":4},"end":{"line":197,"column":47}},"type":"if","locations":[{"start":{"line":197,"column":4},"end":{"line":197,"column":47}},{"start":{},"end":{}}]}},"s":{"0":0,"1":0,"2":0,"3":0,"4":0,"5":0,"6":0,"7":0,"8":0,"9":0,"10":0,"11":0,"12":0,"13":0,"14":0,"15":0,"16":0,"17":0,"18":0,"19":0,"20":0,"21":0,"22":0,"23":0,"24":0,"25":0,"26":0,"27":0,"28":0,"29":0,"30":0,"31":0,"32":0,"33":0,"34":0,"35":0,"36":0,"37":0,"38":0,"39":0,"40":0,"41":0,"42":0,"43":0,"44":0,"45":0,"46":0,"47":0,"48":0,"49":0,"50":0,"51":0,"52":0,"53":0,"54":0,"55":0,"56":0,"57":0,"58":0,"59":0,"60":0,"61":0,"62":0,"63":0,"64":0,"65":0,"66":0,"67":0,"68":0,"69":0,"70":0,"71":0},"f":{"0":0,"1":0,"2":0,"3":0,"4":0,"5":0,"6":0,"7":0,"8":0,"9":0,"10":0,"11":0,"12":0,"13":0,"14":0,"15":0,"16":0,"17":0},"b":{"0":[0,0],"1":[0,0],"2":[0,0],"3":[0,0],"4":[0,0],"5":[0,0],"6":[0,0],"7":[0,0],"8":[0,0],"9":[0,0],"10":[0,0],"11":[0,0],"12":[0,0],"13":[0,0],"14":[0,0],"15":[0,0],"16":[0,0],"17":[0,0]}}
,"C:\\Users\\FLORZINHA\\Desktop\\projeto-aether\\AetherPlataforma\\EscalaiApp\\src\\components\\AlertModal.tsx": {"path":"C:\\Users\\FLORZINHA\\Desktop\\projeto-aether\\AetherPlataforma\\EscalaiApp\\src\\components\\AlertModal.tsx","statementMap":{"0":{"start":{"line":14,"column":0},"end":{"line":14,"column":24}},"1":{"start":{"line":2,"column":0},"end":{"line":2,"column":91}},"2":{"start":{"line":3,"column":0},"end":{"line":3,"column":82}},"3":{"start":{"line":15,"column":4},"end":{"line":15,"column":30}},"4":{"start":{"line":15,"column":18},"end":{"line":15,"column":30}},"5":{"start":{"line":17,"column":20},"end":{"line":24,"column":5}},"6":{"start":{"line":18,"column":8},"end":{"line":23,"column":9}},"7":{"start":{"line":19,"column":28},"end":{"line":19,"column":78}},"8":{"start":{"line":20,"column":26},"end":{"line":20,"column":77}},"9":{"start":{"line":21,"column":28},"end":{"line":21,"column":79}},"10":{"start":{"line":22,"column":34},"end":{"line":22,"column":83}},"11":{"start":{"line":26,"column":27},"end":{"line":33,"column":5}},"12":{"start":{"line":27,"column":8},"end":{"line":32,"column":9}},"13":{"start":{"line":28,"column":28},"end":{"line":28,"column":45}},"14":{"start":{"line":29,"column":26},"end":{"line":29,"column":43}},"15":{"start":{"line":30,"column":28},"end":{"line":30,"column":45}},"16":{"start":{"line":31,"column":34},"end":{"line":31,"column":51}},"17":{"start":{"line":35,"column":4},"end":{"line":75,"column":6}},"18":{"start":{"line":78,"column":15},"end":{"line":87,"column":2}}},"fnMap":{"0":{"name":"AlertModal","decl":{"start":{"line":14,"column":24},"end":{"line":14,"column":34}},"loc":{"start":{"line":14,"column":94},"end":{"line":76,"column":1}}},"1":{"name":"(anonymous_1)","decl":{"start":{"line":17,"column":20},"end":{"line":17,"column":23}},"loc":{"start":{"line":17,"column":25},"end":{"line":24,"column":5}}},"2":{"name":"(anonymous_2)","decl":{"start":{"line":26,"column":27},"end":{"line":26,"column":30}},"loc":{"start":{"line":26,"column":32},"end":{"line":33,"column":5}}}},"branchMap":{"0":{"loc":{"start":{"line":15,"column":4},"end":{"line":15,"column":30}},"type":"if","locations":[{"start":{"line":15,"column":4},"end":{"line":15,"column":30}},{"start":{},"end":{}}]},"1":{"loc":{"start":{"line":18,"column":8},"end":{"line":23,"column":9}},"type":"switch","locations":[{"start":{"line":19,"column":12},"end":{"line":19,"column":78}},{"start":{"line":20,"column":12},"end":{"line":20,"column":77}},{"start":{"line":21,"column":12},"end":{"line":21,"column":79}},{"start":{"line":22,"column":12},"end":{"line":22,"column":24}},{"start":{"line":22,"column":25},"end":{"line":22,"column":83}}]},"2":{"loc":{"start":{"line":27,"column":8},"end":{"line":32,"column":9}},"type":"switch","locations":[{"start":{"line":28,"column":12},"end":{"line":28,"column":45}},{"start":{"line":29,"column":12},"end":{"line":29,"column":43}},{"start":{"line":30,"column":12},"end":{"line":30,"column":45}},{"start":{"line":31,"column":12},"end":{"line":31,"column":24}},{"start":{"line":31,"column":25},"end":{"line":31,"column":51}}]},"3":{"loc":{"start":{"line":43,"column":63},"end":{"line":43,"column":169}},"type":"cond-expr","locations":[{"start":{"line":43,"column":84},"end":{"line":43,"column":93}},{"start":{"line":43,"column":96},"end":{"line":43,"column":169}}]},"4":{"loc":{"start":{"line":43,"column":96},"end":{"line":43,"column":169}},"type":"cond-expr","locations":[{"start":{"line":43,"column":115},"end":{"line":43,"column":124}},{"start":{"line":43,"column":127},"end":{"line":43,"column":169}}]},"5":{"loc":{"start":{"line":43,"column":127},"end":{"line":43,"column":169}},"type":"cond-expr","locations":[{"start":{"line":43,"column":148},"end":{"line":43,"column":157}},{"start":{"line":43,"column":160},"end":{"line":43,"column":169}}]}},"s":{"0":0,"1":0,"2":0,"3":0,"4":0,"5":0,"6":0,"7":0,"8":0,"9":0,"10":0,"11":0,"12":0,"13":0,"14":0,"15":0,"16":0,"17":0,"18":0},"f":{"0":0,"1":0,"2":0},"b":{"0":[0,0],"1":[0,0,0,0,0],"2":[0,0,0,0,0],"3":[0,0],"4":[0,0],"5":[0,0]}}
,"C:\\Users\\FLORZINHA\\Desktop\\projeto-aether\\AetherPlataforma\\EscalaiApp\\src\\components\\AssignmentDetailModal.tsx": {"path":"C:\\Users\\FLORZINHA\\Desktop\\projeto-aether\\AetherPlataforma\\EscalaiApp\\src\\components\\AssignmentDetailModal.tsx","statementMap":{"0":{"start":{"line":41,"column":0},"end":{"line":41,"column":16}},"1":{"start":{"line":8,"column":0},"end":{"line":8,"column":90}},"2":{"start":{"line":9,"column":0},"end":{"line":9,"column":115}},"3":{"start":{"line":10,"column":0},"end":{"line":10,"column":46}},"4":{"start":{"line":11,"column":0},"end":{"line":11,"column":62}},"5":{"start":{"line":23,"column":27},"end":{"line":27,"column":11}},"6":{"start":{"line":30,"column":28},"end":{"line":35,"column":11}},"7":{"start":{"line":46,"column":4},"end":{"line":46,"column":33}},"8":{"start":{"line":46,"column":21},"end":{"line":46,"column":33}},"9":{"start":{"line":48,"column":23},"end":{"line":48,"column":94}},"10":{"start":{"line":49,"column":24},"end":{"line":49,"column":93}},"11":{"start":{"line":50,"column":21},"end":{"line":50,"column":36}},"12":{"start":{"line":51,"column":21},"end":{"line":51,"column":87}},"13":{"start":{"line":53,"column":4},"end":{"line":214,"column":6}},"14":{"start":{"line":158,"column":51},"end":{"line":158,"column":75}},"15":{"start":{"line":159,"column":53},"end":{"line":159,"column":64}},"16":{"start":{"line":160,"column":53},"end":{"line":160,"column":83}},"17":{"start":{"line":161,"column":52},"end":{"line":161,"column":136}},"18":{"start":{"line":163,"column":36},"end":{"line":186,"column":38}}},"fnMap":{"0":{"name":"AssignmentDetailModal","decl":{"start":{"line":41,"column":16},"end":{"line":41,"column":37}},"loc":{"start":{"line":45,"column":24},"end":{"line":215,"column":1}}},"1":{"name":"(anonymous_1)","decl":{"start":{"line":66,"column":29},"end":{"line":66,"column":32}},"loc":{"start":{"line":66,"column":34},"end":{"line":66,"column":38}}},"2":{"name":"(anonymous_2)","decl":{"start":{"line":157,"column":85},"end":{"line":157,"column":86}},"loc":{"start":{"line":157,"column":99},"end":{"line":187,"column":33}}}},"branchMap":{"0":{"loc":{"start":{"line":46,"column":4},"end":{"line":46,"column":33}},"type":"if","locations":[{"start":{"line":46,"column":4},"end":{"line":46,"column":33}},{"start":{},"end":{}}]},"1":{"loc":{"start":{"line":48,"column":23},"end":{"line":48,"column":94}},"type":"binary-expr","locations":[{"start":{"line":48,"column":23},"end":{"line":48,"column":64}},{"start":{"line":48,"column":68},"end":{"line":48,"column":94}}]},"2":{"loc":{"start":{"line":49,"column":24},"end":{"line":49,"column":93}},"type":"binary-expr","locations":[{"start":{"line":49,"column":24},"end":{"line":49,"column":62}},{"start":{"line":49,"column":66},"end":{"line":49,"column":93}}]},"3":{"loc":{"start":{"line":51,"column":21},"end":{"line":51,"column":87}},"type":"binary-expr","locations":[{"start":{"line":51,"column":21},"end":{"line":51,"column":47}},{"start":{"line":51,"column":51},"end":{"line":51,"column":87}}]},"4":{"loc":{"start":{"line":110,"column":100},"end":{"line":110,"column":124}},"type":"binary-expr","locations":[{"start":{"line":110,"column":100},"end":{"line":110,"column":115}},{"start":{"line":110,"column":119},"end":{"line":110,"column":124}}]},"5":{"loc":{"start":{"line":114,"column":100},"end":{"line":114,"column":130}},"type":"binary-expr","locations":[{"start":{"line":114,"column":100},"end":{"line":114,"column":121}},{"start":{"line":114,"column":125},"end":{"line":114,"column":130}}]},"6":{"loc":{"start":{"line":124,"column":104},"end":{"line":124,"column":125}},"type":"binary-expr","locations":[{"start":{"line":124,"column":104},"end":{"line":124,"column":120}},{"start":{"line":124,"column":124},"end":{"line":124,"column":125}}]},"7":{"loc":{"start":{"line":129,"column":91},"end":{"line":129,"column":192}},"type":"cond-expr","locations":[{"start":{"line":129,"column":110},"end":{"line":129,"column":156}},{"start":{"line":129,"column":159},"end":{"line":129,"column":192}}]},"8":{"loc":{"start":{"line":130,"column":123},"end":{"line":130,"column":178}},"type":"cond-expr","locations":[{"start":{"line":130,"column":142},"end":{"line":130,"column":159}},{"start":{"line":130,"column":162},"end":{"line":130,"column":178}}]},"9":{"loc":{"start":{"line":131,"column":49},"end":{"line":131,"column":84}},"type":"cond-expr","locations":[{"start":{"line":131,"column":68},"end":{"line":131,"column":73}},{"start":{"line":131,"column":76},"end":{"line":131,"column":84}}]},"10":{"loc":{"start":{"line":141,"column":100},"end":{"line":141,"column":139}},"type":"binary-expr","locations":[{"start":{"line":141,"column":100},"end":{"line":141,"column":121}},{"start":{"line":141,"column":125},"end":{"line":141,"column":139}}]},"11":{"loc":{"start":{"line":168,"column":69},"end":{"line":168,"column":109}},"type":"cond-expr","locations":[{"start":{"line":168,"column":78},"end":{"line":168,"column":97}},{"start":{"line":168,"column":100},"end":{"line":168,"column":109}}]},"12":{"loc":{"start":{"line":169,"column":65},"end":{"line":169,"column":105}},"type":"cond-expr","locations":[{"start":{"line":169,"column":74},"end":{"line":169,"column":93}},{"start":{"line":169,"column":96},"end":{"line":169,"column":105}}]},"13":{"loc":{"start":{"line":172,"column":65},"end":{"line":172,"column":98}},"type":"cond-expr","locations":[{"start":{"line":172,"column":74},"end":{"line":172,"column":86}},{"start":{"line":172,"column":89},"end":{"line":172,"column":98}}]},"14":{"loc":{"start":{"line":175,"column":88},"end":{"line":175,"column":127}},"type":"cond-expr","locations":[{"start":{"line":175,"column":99},"end":{"line":175,"column":122}},{"start":{"line":175,"column":125},"end":{"line":175,"column":127}}]},"15":{"loc":{"start":{"line":176,"column":64},"end":{"line":176,"column":97}},"type":"cond-expr","locations":[{"start":{"line":176,"column":73},"end":{"line":176,"column":85}},{"start":{"line":176,"column":88},"end":{"line":176,"column":97}}]},"16":{"loc":{"start":{"line":180,"column":45},"end":{"line":183,"column":null}},"type":"binary-expr","locations":[{"start":{"line":180,"column":45},"end":{"line":180,"column":53}},{"start":{"line":181,"column":48},"end":{"line":182,"column":null}}]}},"s":{"0":0,"1":0,"2":0,"3":0,"4":0,"5":0,"6":0,"7":0,"8":0,"9":0,"10":0,"11":0,"12":0,"13":0,"14":0,"15":0,"16":0,"17":0,"18":0},"f":{"0":0,"1":0,"2":0},"b":{"0":[0,0],"1":[0,0],"2":[0,0],"3":[0,0],"4":[0,0],"5":[0,0],"6":[0,0],"7":[0,0],"8":[0,0],"9":[0,0],"10":[0,0],"11":[0,0],"12":[0,0],"13":[0,0],"14":[0,0],"15":[0,0],"16":[0,0]}}
,"C:\\Users\\FLORZINHA\\Desktop\\projeto-aether\\AetherPlataforma\\EscalaiApp\\src\\components\\DateSelectionModal.tsx": {"path":"C:\\Users\\FLORZINHA\\Desktop\\projeto-aether\\AetherPlataforma\\EscalaiApp\\src\\components\\DateSelectionModal.tsx","statementMap":{"0":{"start":{"line":12,"column":0},"end":{"line":12,"column":24}},"1":{"start":{"line":1,"column":0},"end":{"line":1,"column":51}},"2":{"start":{"line":2,"column":0},"end":{"line":2,"column":90}},"3":{"start":{"line":3,"column":0},"end":{"line":3,"column":64}},"4":{"start":{"line":4,"column":0},"end":{"line":4,"column":46}},"5":{"start":{"line":13,"column":30},"end":{"line":13,"column":106}},"6":{"start":{"line":14,"column":44},"end":{"line":14,"column":64}},"7":{"start":{"line":16,"column":4},"end":{"line":33,"column":18}},"8":{"start":{"line":18,"column":26},"end":{"line":18,"column":28}},"9":{"start":{"line":19,"column":22},"end":{"line":19,"column":32}},"10":{"start":{"line":20,"column":8},"end":{"line":28,"column":9}},"11":{"start":{"line":20,"column":21},"end":{"line":20,"column":22}},"12":{"start":{"line":21,"column":22},"end":{"line":21,"column":37}},"13":{"start":{"line":22,"column":12},"end":{"line":22,"column":43}},"14":{"start":{"line":23,"column":24},"end":{"line":23,"column":53}},"15":{"start":{"line":24,"column":28},"end":{"line":24,"column":127}},"16":{"start":{"line":25,"column":24},"end":{"line":25,"column":90}},"17":{"start":{"line":26,"column":26},"end":{"line":26,"column":123}},"18":{"start":{"line":27,"column":12},"end":{"line":27,"column":57}},"19":{"start":{"line":29,"column":8},"end":{"line":29,"column":28}},"20":{"start":{"line":30,"column":8},"end":{"line":32,"column":9}},"21":{"start":{"line":31,"column":12},"end":{"line":31,"column":46}},"22":{"start":{"line":35,"column":4},"end":{"line":90,"column":6}},"23":{"start":{"line":60,"column":55},"end":{"line":60,"column":80}},"24":{"start":{"line":61,"column":36},"end":{"line":71,"column":38}},"25":{"start":{"line":64,"column":59},"end":{"line":64,"column":84}},"26":{"start":{"line":78,"column":32},"end":{"line":78,"column":59}},"27":{"start":{"line":79,"column":32},"end":{"line":79,"column":42}}},"fnMap":{"0":{"name":"DateSelectionModal","decl":{"start":{"line":12,"column":24},"end":{"line":12,"column":42}},"loc":{"start":{"line":12,"column":102},"end":{"line":91,"column":1}}},"1":{"name":"(anonymous_1)","decl":{"start":{"line":16,"column":14},"end":{"line":16,"column":17}},"loc":{"start":{"line":16,"column":19},"end":{"line":33,"column":5}}},"2":{"name":"(anonymous_2)","decl":{"start":{"line":59,"column":43},"end":{"line":59,"column":44}},"loc":{"start":{"line":59,"column":52},"end":{"line":72,"column":33}}},"3":{"name":"(anonymous_3)","decl":{"start":{"line":64,"column":53},"end":{"line":64,"column":56}},"loc":{"start":{"line":64,"column":59},"end":{"line":64,"column":84}}},"4":{"name":"(anonymous_4)","decl":{"start":{"line":77,"column":37},"end":{"line":77,"column":40}},"loc":{"start":{"line":77,"column":42},"end":{"line":80,"column":29}}}},"branchMap":{"0":{"loc":{"start":{"line":30,"column":8},"end":{"line":32,"column":9}},"type":"if","locations":[{"start":{"line":30,"column":8},"end":{"line":32,"column":9}},{"start":{},"end":{}}]},"1":{"loc":{"start":{"line":65,"column":141},"end":{"line":65,"column":213}},"type":"cond-expr","locations":[{"start":{"line":65,"column":154},"end":{"line":65,"column":181}},{"start":{"line":65,"column":184},"end":{"line":65,"column":213}}]},"2":{"loc":{"start":{"line":67,"column":128},"end":{"line":67,"column":177}},"type":"cond-expr","locations":[{"start":{"line":67,"column":141},"end":{"line":67,"column":157}},{"start":{"line":67,"column":160},"end":{"line":67,"column":177}}]},"3":{"loc":{"start":{"line":68,"column":111},"end":{"line":68,"column":155}},"type":"cond-expr","locations":[{"start":{"line":68,"column":124},"end":{"line":68,"column":140}},{"start":{"line":68,"column":143},"end":{"line":68,"column":155}}]},"4":{"loc":{"start":{"line":69,"column":124},"end":{"line":69,"column":176}},"type":"cond-expr","locations":[{"start":{"line":69,"column":137},"end":{"line":69,"column":156}},{"start":{"line":69,"column":159},"end":{"line":69,"column":176}}]}},"s":{"0":0,"1":0,"2":0,"3":0,"4":0,"5":0,"6":0,"7":0,"8":0,"9":0,"10":0,"11":0,"12":0,"13":0,"14":0,"15":0,"16":0,"17":0,"18":0,"19":0,"20":0,"21":0,"22":0,"23":0,"24":0,"25":0,"26":0,"27":0},"f":{"0":0,"1":0,"2":0,"3":0,"4":0},"b":{"0":[0,0],"1":[0,0],"2":[0,0],"3":[0,0],"4":[0,0]}}
,"C:\\Users\\FLORZINHA\\Desktop\\projeto-aether\\AetherPlataforma\\EscalaiApp\\src\\components\\DriverBottomNav.tsx": {"path":"C:\\Users\\FLORZINHA\\Desktop\\projeto-aether\\AetherPlataforma\\EscalaiApp\\src\\components\\DriverBottomNav.tsx","statementMap":{"0":{"start":{"line":20,"column":0},"end":{"line":20,"column":24}},"1":{"start":{"line":1,"column":0},"end":{"line":1,"column":49}},"2":{"start":{"line":2,"column":0},"end":{"line":2,"column":70}},"3":{"start":{"line":3,"column":0},"end":{"line":3,"column":80}},"4":{"start":{"line":4,"column":0},"end":{"line":4,"column":37}},"5":{"start":{"line":5,"column":0},"end":{"line":5,"column":46}},"6":{"start":{"line":6,"column":0},"end":{"line":6,"column":76}},"7":{"start":{"line":12,"column":13},"end":{"line":18,"column":2}},"8":{"start":{"line":21,"column":35},"end":{"line":21,"column":59}},"9":{"start":{"line":22,"column":22},"end":{"line":22,"column":59}},"10":{"start":{"line":24,"column":4},"end":{"line":36,"column":44}},"11":{"start":{"line":25,"column":8},"end":{"line":35,"column":9}},"12":{"start":{"line":26,"column":12},"end":{"line":31,"column":22}},"13":{"start":{"line":33,"column":12},"end":{"line":33,"column":38}},"14":{"start":{"line":34,"column":12},"end":{"line":34,"column":34}},"15":{"start":{"line":38,"column":4},"end":{"line":74,"column":6}},"16":{"start":{"line":41,"column":33},"end":{"line":41,"column":50}},"17":{"start":{"line":42,"column":34},"end":{"line":42,"column":95}},"18":{"start":{"line":44,"column":16},"end":{"line":71,"column":18}},"19":{"start":{"line":47,"column":39},"end":{"line":47,"column":66}}},"fnMap":{"0":{"name":"DriverBottomNav","decl":{"start":{"line":20,"column":24},"end":{"line":20,"column":39}},"loc":{"start":{"line":20,"column":75},"end":{"line":75,"column":1}}},"1":{"name":"(anonymous_1)","decl":{"start":{"line":24,"column":14},"end":{"line":24,"column":17}},"loc":{"start":{"line":24,"column":19},"end":{"line":36,"column":5}}},"2":{"name":"(anonymous_2)","decl":{"start":{"line":40,"column":22},"end":{"line":40,"column":23}},"loc":{"start":{"line":40,"column":53},"end":{"line":72,"column":13}}},"3":{"name":"(anonymous_3)","decl":{"start":{"line":47,"column":33},"end":{"line":47,"column":36}},"loc":{"start":{"line":47,"column":39},"end":{"line":47,"column":66}}}},"branchMap":{"0":{"loc":{"start":{"line":25,"column":8},"end":{"line":35,"column":9}},"type":"if","locations":[{"start":{"line":25,"column":8},"end":{"line":35,"column":9}},{"start":{"line":32,"column":15},"end":{"line":35,"column":9}}]},"1":{"loc":{"start":{"line":25,"column":12},"end":{"line":25,"column":66}},"type":"binary-expr","locations":[{"start":{"line":25,"column":12},"end":{"line":25,"column":34}},{"start":{"line":25,"column":38},"end":{"line":25,"column":66}}]},"2":{"loc":{"start":{"line":42,"column":34},"end":{"line":42,"column":95}},"type":"binary-expr","locations":[{"start":{"line":42,"column":34},"end":{"line":42,"column":56}},{"start":{"line":42,"column":60},"end":{"line":42,"column":82}},{"start":{"line":42,"column":86},"end":{"line":42,"column":95}}]},"3":{"loc":{"start":{"line":48,"column":76},"end":{"line":48,"column":115}},"type":"cond-expr","locations":[{"start":{"line":48,"column":87},"end":{"line":48,"column":100}},{"start":{"line":48,"column":103},"end":{"line":48,"column":115}}]},"4":{"loc":{"start":{"line":50,"column":25},"end":{"line":68,"column":null}},"type":"cond-expr","locations":[{"start":{"line":51,"column":28},"end":{"line":58,"column":null}},{"start":{"line":61,"column":28},"end":{"line":67,"column":null}}]},"5":{"loc":{"start":{"line":62,"column":45},"end":{"line":62,"column":88}},"type":"cond-expr","locations":[{"start":{"line":62,"column":56},"end":{"line":62,"column":76}},{"start":{"line":62,"column":79},"end":{"line":62,"column":88}}]},"6":{"loc":{"start":{"line":64,"column":92},"end":{"line":64,"column":176}},"type":"cond-expr","locations":[{"start":{"line":64,"column":103},"end":{"line":64,"column":139}},{"start":{"line":64,"column":142},"end":{"line":64,"column":176}}]}},"s":{"0":0,"1":0,"2":0,"3":0,"4":0,"5":0,"6":0,"7":0,"8":0,"9":0,"10":0,"11":0,"12":0,"13":0,"14":0,"15":0,"16":0,"17":0,"18":0,"19":0},"f":{"0":0,"1":0,"2":0,"3":0},"b":{"0":[0,0],"1":[0,0],"2":[0,0,0],"3":[0,0],"4":[0,0],"5":[0,0],"6":[0,0]}}
,"C:\\Users\\FLORZINHA\\Desktop\\projeto-aether\\AetherPlataforma\\EscalaiApp\\src\\components\\DriverDetailModal.tsx": {"path":"C:\\Users\\FLORZINHA\\Desktop\\projeto-aether\\AetherPlataforma\\EscalaiApp\\src\\components\\DriverDetailModal.tsx","statementMap":{"0":{"start":{"line":45,"column":0},"end":{"line":45,"column":16}},"1":{"start":{"line":8,"column":0},"end":{"line":8,"column":90}},"2":{"start":{"line":9,"column":0},"end":{"line":9,"column":107}},"3":{"start":{"line":10,"column":0},"end":{"line":10,"column":46}},"4":{"start":{"line":11,"column":0},"end":{"line":11,"column":49}},"5":{"start":{"line":34,"column":22},"end":{"line":39,"column":11}},"6":{"start":{"line":52,"column":4},"end":{"line":52,"column":29}},"7":{"start":{"line":52,"column":17},"end":{"line":52,"column":29}},"8":{"start":{"line":54,"column":25},"end":{"line":54,"column":79}},"9":{"start":{"line":56,"column":4},"end":{"line":196,"column":6}},"10":{"start":{"line":159,"column":57},"end":{"line":159,"column":67}},"11":{"start":{"line":159,"column":68},"end":{"line":159,"column":106}},"12":{"start":{"line":159,"column":85},"end":{"line":159,"column":99}},"13":{"start":{"line":171,"column":57},"end":{"line":171,"column":67}},"14":{"start":{"line":171,"column":68},"end":{"line":171,"column":108}},"15":{"start":{"line":171,"column":85},"end":{"line":171,"column":101}}},"fnMap":{"0":{"name":"DriverDetailModal","decl":{"start":{"line":45,"column":16},"end":{"line":45,"column":33}},"loc":{"start":{"line":51,"column":20},"end":{"line":197,"column":1}}},"1":{"name":"(anonymous_1)","decl":{"start":{"line":69,"column":29},"end":{"line":69,"column":32}},"loc":{"start":{"line":69,"column":34},"end":{"line":69,"column":38}}},"2":{"name":"(anonymous_2)","decl":{"start":{"line":159,"column":49},"end":{"line":159,"column":52}},"loc":{"start":{"line":159,"column":54},"end":{"line":159,"column":108}}},"3":{"name":"(anonymous_3)","decl":{"start":{"line":159,"column":79},"end":{"line":159,"column":82}},"loc":{"start":{"line":159,"column":85},"end":{"line":159,"column":99}}},"4":{"name":"(anonymous_4)","decl":{"start":{"line":171,"column":49},"end":{"line":171,"column":52}},"loc":{"start":{"line":171,"column":54},"end":{"line":171,"column":110}}},"5":{"name":"(anonymous_5)","decl":{"start":{"line":171,"column":79},"end":{"line":171,"column":82}},"loc":{"start":{"line":171,"column":85},"end":{"line":171,"column":101}}}},"branchMap":{"0":{"loc":{"start":{"line":52,"column":4},"end":{"line":52,"column":29}},"type":"if","locations":[{"start":{"line":52,"column":4},"end":{"line":52,"column":29}},{"start":{},"end":{}}]},"1":{"loc":{"start":{"line":54,"column":25},"end":{"line":54,"column":79}},"type":"binary-expr","locations":[{"start":{"line":54,"column":25},"end":{"line":54,"column":53}},{"start":{"line":54,"column":57},"end":{"line":54,"column":79}}]},"2":{"loc":{"start":{"line":112,"column":29},"end":{"line":118,"column":null}},"type":"binary-expr","locations":[{"start":{"line":112,"column":29},"end":{"line":112,"column":49}},{"start":{"line":113,"column":32},"end":{"line":117,"column":null}}]},"3":{"loc":{"start":{"line":157,"column":33},"end":{"line":166,"column":null}},"type":"binary-expr","locations":[{"start":{"line":157,"column":33},"end":{"line":157,"column":39}},{"start":{"line":158,"column":36},"end":{"line":165,"column":null}}]},"4":{"loc":{"start":{"line":169,"column":33},"end":{"line":178,"column":null}},"type":"binary-expr","locations":[{"start":{"line":169,"column":33},"end":{"line":169,"column":41}},{"start":{"line":170,"column":36},"end":{"line":177,"column":null}}]}},"s":{"0":0,"1":0,"2":0,"3":0,"4":0,"5":0,"6":0,"7":0,"8":0,"9":0,"10":0,"11":0,"12":0,"13":0,"14":0,"15":0},"f":{"0":0,"1":0,"2":0,"3":0,"4":0,"5":0},"b":{"0":[0,0],"1":[0,0],"2":[0,0],"3":[0,0],"4":[0,0]}}
,"C:\\Users\\FLORZINHA\\Desktop\\projeto-aether\\AetherPlataforma\\EscalaiApp\\src\\components\\EnterpriseModal.tsx": {"path":"C:\\Users\\FLORZINHA\\Desktop\\projeto-aether\\AetherPlataforma\\EscalaiApp\\src\\components\\EnterpriseModal.tsx","statementMap":{"0":{"start":{"line":19,"column":0},"end":{"line":19,"column":16}},"1":{"start":{"line":2,"column":0},"end":{"line":2,"column":98}},"2":{"start":{"line":3,"column":0},"end":{"line":3,"column":46}},"3":{"start":{"line":4,"column":0},"end":{"line":4,"column":75}},"4":{"start":{"line":31,"column":4},"end":{"line":31,"column":30}},"5":{"start":{"line":31,"column":18},"end":{"line":31,"column":30}},"6":{"start":{"line":33,"column":20},"end":{"line":40,"column":5}},"7":{"start":{"line":34,"column":8},"end":{"line":39,"column":9}},"8":{"start":{"line":35,"column":28},"end":{"line":35,"column":91}},"9":{"start":{"line":36,"column":26},"end":{"line":36,"column":77}},"10":{"start":{"line":37,"column":28},"end":{"line":37,"column":79}},"11":{"start":{"line":38,"column":21},"end":{"line":38,"column":63}},"12":{"start":{"line":42,"column":22},"end":{"line":49,"column":5}},"13":{"start":{"line":43,"column":8},"end":{"line":48,"column":9}},"14":{"start":{"line":44,"column":28},"end":{"line":44,"column":69}},"15":{"start":{"line":45,"column":26},"end":{"line":45,"column":67}},"16":{"start":{"line":46,"column":28},"end":{"line":46,"column":75}},"17":{"start":{"line":47,"column":21},"end":{"line":47,"column":64}},"18":{"start":{"line":51,"column":4},"end":{"line":146,"column":6}}},"fnMap":{"0":{"name":"EnterpriseModal","decl":{"start":{"line":19,"column":16},"end":{"line":19,"column":31}},"loc":{"start":{"line":30,"column":23},"end":{"line":147,"column":1}}},"1":{"name":"(anonymous_1)","decl":{"start":{"line":33,"column":20},"end":{"line":33,"column":23}},"loc":{"start":{"line":33,"column":25},"end":{"line":40,"column":5}}},"2":{"name":"(anonymous_2)","decl":{"start":{"line":42,"column":22},"end":{"line":42,"column":25}},"loc":{"start":{"line":42,"column":27},"end":{"line":49,"column":5}}}},"branchMap":{"0":{"loc":{"start":{"line":23,"column":4},"end":{"line":23,"column":17}},"type":"default-arg","locations":[{"start":{"line":23,"column":11},"end":{"line":23,"column":17}}]},"1":{"loc":{"start":{"line":26,"column":4},"end":{"line":26,"column":29}},"type":"default-arg","locations":[{"start":{"line":26,"column":18},"end":{"line":26,"column":29}}]},"2":{"loc":{"start":{"line":27,"column":4},"end":{"line":27,"column":27}},"type":"default-arg","locations":[{"start":{"line":27,"column":17},"end":{"line":27,"column":27}}]},"3":{"loc":{"start":{"line":28,"column":4},"end":{"line":28,"column":21}},"type":"default-arg","locations":[{"start":{"line":28,"column":16},"end":{"line":28,"column":21}}]},"4":{"loc":{"start":{"line":31,"column":4},"end":{"line":31,"column":30}},"type":"if","locations":[{"start":{"line":31,"column":4},"end":{"line":31,"column":30}},{"start":{},"end":{}}]},"5":{"loc":{"start":{"line":34,"column":8},"end":{"line":39,"column":9}},"type":"switch","locations":[{"start":{"line":35,"column":12},"end":{"line":35,"column":91}},{"start":{"line":36,"column":12},"end":{"line":36,"column":77}},{"start":{"line":37,"column":12},"end":{"line":37,"column":79}},{"start":{"line":38,"column":12},"end":{"line":38,"column":63}}]},"6":{"loc":{"start":{"line":43,"column":8},"end":{"line":48,"column":9}},"type":"switch","locations":[{"start":{"line":44,"column":12},"end":{"line":44,"column":69}},{"start":{"line":45,"column":12},"end":{"line":45,"column":67}},{"start":{"line":46,"column":12},"end":{"line":46,"column":75}},{"start":{"line":47,"column":12},"end":{"line":47,"column":64}}]},"7":{"loc":{"start":{"line":60,"column":21},"end":{"line":67,"column":null}},"type":"binary-expr","locations":[{"start":{"line":60,"column":21},"end":{"line":60,"column":36}},{"start":{"line":61,"column":24},"end":{"line":66,"column":null}}]},"8":{"loc":{"start":{"line":71,"column":25},"end":{"line":74,"column":null}},"type":"binary-expr","locations":[{"start":{"line":71,"column":25},"end":{"line":71,"column":40}},{"start":{"line":72,"column":28},"end":{"line":73,"column":null}}]},"9":{"loc":{"start":{"line":77,"column":25},"end":{"line":78,"column":null}},"type":"binary-expr","locations":[{"start":{"line":77,"column":26},"end":{"line":77,"column":41}},{"start":{"line":77,"column":45},"end":{"line":77,"column":50}},{"start":{"line":78,"column":28},"end":{"line":78,"column":106}}]},"10":{"loc":{"start":{"line":81,"column":25},"end":{"line":82,"column":null}},"type":"binary-expr","locations":[{"start":{"line":81,"column":26},"end":{"line":81,"column":41}},{"start":{"line":81,"column":45},"end":{"line":81,"column":50}},{"start":{"line":82,"column":28},"end":{"line":82,"column":118}}]},"11":{"loc":{"start":{"line":85,"column":25},"end":{"line":88,"column":null}},"type":"binary-expr","locations":[{"start":{"line":85,"column":25},"end":{"line":85,"column":36}},{"start":{"line":86,"column":28},"end":{"line":87,"column":null}}]},"12":{"loc":{"start":{"line":86,"column":109},"end":{"line":86,"column":154}},"type":"cond-expr","locations":[{"start":{"line":86,"column":127},"end":{"line":86,"column":133}},{"start":{"line":86,"column":136},"end":{"line":86,"column":154}}]},"13":{"loc":{"start":{"line":92,"column":25},"end":{"line":95,"column":null}},"type":"binary-expr","locations":[{"start":{"line":92,"column":25},"end":{"line":92,"column":33}},{"start":{"line":93,"column":28},"end":{"line":94,"column":null}}]},"14":{"loc":{"start":{"line":99,"column":25},"end":{"line":140,"column":null}},"type":"cond-expr","locations":[{"start":{"line":100,"column":28},"end":{"line":121,"column":null}},{"start":{"line":124,"column":28},"end":{"line":139,"column":null}}]},"15":{"loc":{"start":{"line":112,"column":120},"end":{"line":112,"column":166}},"type":"cond-expr","locations":[{"start":{"line":112,"column":139},"end":{"line":112,"column":151}},{"start":{"line":112,"column":154},"end":{"line":112,"column":166}}]},"16":{"loc":{"start":{"line":114,"column":37},"end":{"line":119,"column":null}},"type":"cond-expr","locations":[{"start":{"line":115,"column":40},"end":{"line":115,"column":117}},{"start":{"line":117,"column":40},"end":{"line":118,"column":null}}]},"17":{"loc":{"start":{"line":115,"column":66},"end":{"line":115,"column":100}},"type":"cond-expr","locations":[{"start":{"line":115,"column":85},"end":{"line":115,"column":91}},{"start":{"line":115,"column":94},"end":{"line":115,"column":100}}]},"18":{"loc":{"start":{"line":117,"column":92},"end":{"line":117,"column":138}},"type":"cond-expr","locations":[{"start":{"line":117,"column":111},"end":{"line":117,"column":123}},{"start":{"line":117,"column":126},"end":{"line":117,"column":138}}]},"19":{"loc":{"start":{"line":127,"column":89},"end":{"line":130,"column":null}},"type":"cond-expr","locations":[{"start":{"line":127,"column":108},"end":{"line":127,"column":141}},{"start":{"line":128,"column":40},"end":{"line":130,"column":null}}]},"20":{"loc":{"start":{"line":128,"column":40},"end":{"line":130,"column":null}},"type":"cond-expr","locations":[{"start":{"line":128,"column":61},"end":{"line":128,"column":94}},{"start":{"line":129,"column":44},"end":{"line":130,"column":null}}]},"21":{"loc":{"start":{"line":129,"column":44},"end":{"line":130,"column":null}},"type":"cond-expr","locations":[{"start":{"line":129,"column":65},"end":{"line":129,"column":104}},{"start":{"line":130,"column":48},"end":{"line":130,"column":null}}]},"22":{"loc":{"start":{"line":133,"column":96},"end":{"line":136,"column":null}},"type":"cond-expr","locations":[{"start":{"line":133,"column":115},"end":{"line":133,"column":129}},{"start":{"line":134,"column":40},"end":{"line":136,"column":null}}]},"23":{"loc":{"start":{"line":134,"column":40},"end":{"line":136,"column":null}},"type":"cond-expr","locations":[{"start":{"line":134,"column":61},"end":{"line":134,"column":75}},{"start":{"line":135,"column":44},"end":{"line":136,"column":null}}]},"24":{"loc":{"start":{"line":135,"column":44},"end":{"line":136,"column":null}},"type":"cond-expr","locations":[{"start":{"line":135,"column":65},"end":{"line":135,"column":82}},{"start":{"line":136,"column":48},"end":{"line":136,"column":null}}]}},"s":{"0":0,"1":0,"2":0,"3":0,"4":0,"5":0,"6":0,"7":0,"8":0,"9":0,"10":0,"11":0,"12":0,"13":0,"14":0,"15":0,"16":0,"17":0,"18":0},"f":{"0":0,"1":0,"2":0},"b":{"0":[0],"1":[0],"2":[0],"3":[0],"4":[0,0],"5":[0,0,0,0],"6":[0,0,0,0],"7":[0,0],"8":[0,0],"9":[0,0,0],"10":[0,0,0],"11":[0,0],"12":[0,0],"13":[0,0],"14":[0,0],"15":[0,0],"16":[0,0],"17":[0,0],"18":[0,0],"19":[0,0],"20":[0,0],"21":[0,0],"22":[0,0],"23":[0,0],"24":[0,0]}}
,"C:\\Users\\FLORZINHA\\Desktop\\projeto-aether\\AetherPlataforma\\EscalaiApp\\src\\components\\ErrorBoundary.tsx": {"path":"C:\\Users\\FLORZINHA\\Desktop\\projeto-aether\\AetherPlataforma\\EscalaiApp\\src\\components\\ErrorBoundary.tsx","statementMap":{"0":{"start":{"line":1,"column":0},"end":{"line":1,"column":52}},"1":{"start":{"line":2,"column":0},"end":{"line":2,"column":72}},"2":{"start":{"line":3,"column":0},"end":{"line":3,"column":46}},"3":{"start":{"line":4,"column":0},"end":{"line":4,"column":56}},"4":{"start":{"line":22,"column":8},"end":{"line":22,"column":21}},"5":{"start":{"line":23,"column":8},"end":{"line":23,"column":54}},"6":{"start":{"line":27,"column":8},"end":{"line":27,"column":41}},"7":{"start":{"line":31,"column":8},"end":{"line":33,"column":11}},"8":{"start":{"line":36,"column":18},"end":{"line":38,"column":5}},"9":{"start":{"line":37,"column":8},"end":{"line":37,"column":56}},"10":{"start":{"line":41,"column":8},"end":{"line":63,"column":9}},"11":{"start":{"line":42,"column":12},"end":{"line":62,"column":14}},"12":{"start":{"line":65,"column":8},"end":{"line":65,"column":35}},"13":{"start":{"line":20,"column":0},"end":{"line":20,"column":13}},"14":{"start":{"line":69,"column":15},"end":{"line":135,"column":2}}},"fnMap":{"0":{"name":"(anonymous_0)","decl":{"start":{"line":21,"column":4},"end":{"line":21,"column":16}},"loc":{"start":{"line":21,"column":28},"end":{"line":24,"column":5}}},"1":{"name":"(anonymous_1)","decl":{"start":{"line":26,"column":4},"end":{"line":26,"column":10}},"loc":{"start":{"line":26,"column":48},"end":{"line":28,"column":5}}},"2":{"name":"(anonymous_2)","decl":{"start":{"line":30,"column":4},"end":{"line":30,"column":21}},"loc":{"start":{"line":30,"column":56},"end":{"line":34,"column":5}}},"3":{"name":"(anonymous_3)","decl":{"start":{"line":36,"column":18},"end":{"line":36,"column":21}},"loc":{"start":{"line":36,"column":23},"end":{"line":38,"column":5}}},"4":{"name":"(anonymous_4)","decl":{"start":{"line":40,"column":4},"end":{"line":40,"column":10}},"loc":{"start":{"line":40,"column":10},"end":{"line":66,"column":5}}}},"branchMap":{"0":{"loc":{"start":{"line":32,"column":28},"end":{"line":32,"column":65}},"type":"binary-expr","locations":[{"start":{"line":32,"column":28},"end":{"line":32,"column":52}},{"start":{"line":32,"column":56},"end":{"line":32,"column":65}}]},"1":{"loc":{"start":{"line":41,"column":8},"end":{"line":63,"column":9}},"type":"if","locations":[{"start":{"line":41,"column":8},"end":{"line":63,"column":9}},{"start":{},"end":{}}]},"2":{"loc":{"start":{"line":50,"column":25},"end":{"line":55,"column":null}},"type":"binary-expr","locations":[{"start":{"line":50,"column":25},"end":{"line":50,"column":32}},{"start":{"line":50,"column":36},"end":{"line":50,"column":52}},{"start":{"line":51,"column":28},"end":{"line":54,"column":null}}]}},"s":{"0":0,"1":0,"2":0,"3":0,"4":0,"5":0,"6":0,"7":0,"8":0,"9":0,"10":0,"11":0,"12":0,"13":0,"14":0},"f":{"0":0,"1":0,"2":0,"3":0,"4":0},"b":{"0":[0,0],"1":[0,0],"2":[0,0,0]}}
,"C:\\Users\\FLORZINHA\\Desktop\\projeto-aether\\AetherPlataforma\\EscalaiApp\\src\\components\\ExportButton.tsx": {"path":"C:\\Users\\FLORZINHA\\Desktop\\projeto-aether\\AetherPlataforma\\EscalaiApp\\src\\components\\ExportButton.tsx","statementMap":{"0":{"start":{"line":28,"column":0},"end":{"line":28,"column":16}},"1":{"start":{"line":6,"column":0},"end":{"line":6,"column":53}},"2":{"start":{"line":7,"column":0},"end":{"line":7,"column":78}},"3":{"start":{"line":8,"column":0},"end":{"line":8,"column":77}},"4":{"start":{"line":9,"column":0},"end":{"line":9,"column":46}},"5":{"start":{"line":10,"column":0},"end":{"line":10,"column":74}},"6":{"start":{"line":11,"column":0},"end":{"line":11,"column":52}},"7":{"start":{"line":34,"column":40},"end":{"line":34,"column":55}},"8":{"start":{"line":35,"column":42},"end":{"line":35,"column":57}},"9":{"start":{"line":36,"column":36},"end":{"line":41,"column":67}},"10":{"start":{"line":44,"column":25},"end":{"line":66,"column":40}},"11":{"start":{"line":45,"column":8},"end":{"line":45,"column":29}},"12":{"start":{"line":46,"column":8},"end":{"line":46,"column":29}},"13":{"start":{"line":48,"column":8},"end":{"line":65,"column":9}},"14":{"start":{"line":49,"column":12},"end":{"line":53,"column":13}},"15":{"start":{"line":50,"column":16},"end":{"line":50,"column":59}},"16":{"start":{"line":52,"column":16},"end":{"line":52,"column":66}},"17":{"start":{"line":56,"column":24},"end":{"line":56,"column":84}},"18":{"start":{"line":57,"column":12},"end":{"line":62,"column":15}},"19":{"start":{"line":64,"column":12},"end":{"line":64,"column":34}},"20":{"start":{"line":68,"column":4},"end":{"line":157,"column":6}},"21":{"start":{"line":72,"column":31},"end":{"line":72,"column":50}},"22":{"start":{"line":88,"column":38},"end":{"line":88,"column":58}},"23":{"start":{"line":92,"column":35},"end":{"line":92,"column":55}},"24":{"start":{"line":99,"column":61},"end":{"line":99,"column":81}},"25":{"start":{"line":110,"column":43},"end":{"line":110,"column":62}},"26":{"start":{"line":128,"column":43},"end":{"line":128,"column":62}},"27":{"start":{"line":154,"column":31},"end":{"line":154,"column":81}},"28":{"start":{"line":154,"column":52},"end":{"line":154,"column":79}}},"fnMap":{"0":{"name":"ExportButton","decl":{"start":{"line":28,"column":16},"end":{"line":28,"column":28}},"loc":{"start":{"line":33,"column":23},"end":{"line":158,"column":1}}},"1":{"name":"(anonymous_1)","decl":{"start":{"line":44,"column":37},"end":{"line":44,"column":42}},"loc":{"start":{"line":44,"column":69},"end":{"line":66,"column":5}}},"2":{"name":"(anonymous_2)","decl":{"start":{"line":72,"column":25},"end":{"line":72,"column":28}},"loc":{"start":{"line":72,"column":31},"end":{"line":72,"column":50}}},"3":{"name":"(anonymous_3)","decl":{"start":{"line":88,"column":32},"end":{"line":88,"column":35}},"loc":{"start":{"line":88,"column":38},"end":{"line":88,"column":58}}},"4":{"name":"(anonymous_4)","decl":{"start":{"line":92,"column":29},"end":{"line":92,"column":32}},"loc":{"start":{"line":92,"column":35},"end":{"line":92,"column":55}}},"5":{"name":"(anonymous_5)","decl":{"start":{"line":99,"column":55},"end":{"line":99,"column":58}},"loc":{"start":{"line":99,"column":61},"end":{"line":99,"column":81}}},"6":{"name":"(anonymous_6)","decl":{"start":{"line":110,"column":37},"end":{"line":110,"column":40}},"loc":{"start":{"line":110,"column":43},"end":{"line":110,"column":62}}},"7":{"name":"(anonymous_7)","decl":{"start":{"line":128,"column":37},"end":{"line":128,"column":40}},"loc":{"start":{"line":128,"column":43},"end":{"line":128,"column":62}}},"8":{"name":"(anonymous_8)","decl":{"start":{"line":154,"column":25},"end":{"line":154,"column":28}},"loc":{"start":{"line":154,"column":31},"end":{"line":154,"column":81}}},"9":{"name":"(anonymous_9)","decl":{"start":{"line":154,"column":43},"end":{"line":154,"column":47}},"loc":{"start":{"line":154,"column":52},"end":{"line":154,"column":79}}}},"branchMap":{"0":{"loc":{"start":{"line":49,"column":12},"end":{"line":53,"column":13}},"type":"if","locations":[{"start":{"line":49,"column":12},"end":{"line":53,"column":13}},{"start":{"line":51,"column":19},"end":{"line":53,"column":13}}]},"1":{"loc":{"start":{"line":56,"column":24},"end":{"line":56,"column":84}},"type":"cond-expr","locations":[{"start":{"line":56,"column":49},"end":{"line":56,"column":62}},{"start":{"line":56,"column":65},"end":{"line":56,"column":84}}]},"2":{"loc":{"start":{"line":73,"column":26},"end":{"line":73,"column":58}},"type":"binary-expr","locations":[{"start":{"line":73,"column":26},"end":{"line":73,"column":37}},{"start":{"line":73,"column":41},"end":{"line":73,"column":58}}]},"3":{"loc":{"start":{"line":75,"column":34},"end":{"line":75,"column":61}},"type":"cond-expr","locations":[{"start":{"line":75,"column":54},"end":{"line":75,"column":57}},{"start":{"line":75,"column":60},"end":{"line":75,"column":61}}]},"4":{"loc":{"start":{"line":78,"column":27},"end":{"line":78,"column":86}},"type":"cond-expr","locations":[{"start":{"line":78,"column":41},"end":{"line":78,"column":63}},{"start":{"line":78,"column":66},"end":{"line":78,"column":86}}]}},"s":{"0":0,"1":0,"2":0,"3":0,"4":0,"5":0,"6":0,"7":0,"8":0,"9":0,"10":0,"11":0,"12":0,"13":0,"14":0,"15":0,"16":0,"17":0,"18":0,"19":0,"20":0,"21":0,"22":0,"23":0,"24":0,"25":0,"26":0,"27":0,"28":0},"f":{"0":0,"1":0,"2":0,"3":0,"4":0,"5":0,"6":0,"7":0,"8":0,"9":0},"b":{"0":[0,0],"1":[0,0],"2":[0,0],"3":[0,0],"4":[0,0]}}
,"C:\\Users\\FLORZINHA\\Desktop\\projeto-aether\\AetherPlataforma\\EscalaiApp\\src\\components\\FloatingActionButton.tsx": {"path":"C:\\Users\\FLORZINHA\\Desktop\\projeto-aether\\AetherPlataforma\\EscalaiApp\\src\\components\\FloatingActionButton.tsx","statementMap":{"0":{"start":{"line":11,"column":0},"end":{"line":11,"column":16}},"1":{"start":{"line":2,"column":0},"end":{"line":2,"column":58}},"2":{"start":{"line":3,"column":0},"end":{"line":3,"column":46}},"3":{"start":{"line":4,"column":0},"end":{"line":4,"column":43}},"4":{"start":{"line":12,"column":4},"end":{"line":33,"column":6}}},"fnMap":{"0":{"name":"FloatingActionButton","decl":{"start":{"line":11,"column":16},"end":{"line":11,"column":36}},"loc":{"start":{"line":11,"column":81},"end":{"line":34,"column":1}}}},"branchMap":{"0":{"loc":{"start":{"line":31,"column":13},"end":{"line":31,"column":70}},"type":"binary-expr","locations":[{"start":{"line":31,"column":13},"end":{"line":31,"column":17}},{"start":{"line":31,"column":21},"end":{"line":31,"column":70}}]}},"s":{"0":0,"1":0,"2":0,"3":0,"4":0},"f":{"0":0},"b":{"0":[0,0]}}
,"C:\\Users\\FLORZINHA\\Desktop\\projeto-aether\\AetherPlataforma\\EscalaiApp\\src\\components\\ImportPreviewTable.tsx": {"path":"C:\\Users\\FLORZINHA\\Desktop\\projeto-aether\\AetherPlataforma\\EscalaiApp\\src\\components\\ImportPreviewTable.tsx","statementMap":{"0":{"start":{"line":135,"column":0},"end":{"line":135,"column":24}},"1":{"start":{"line":1,"column":0},"end":{"line":1,"column":36}},"2":{"start":{"line":2,"column":0},"end":{"line":2,"column":101}},"3":{"start":{"line":3,"column":0},"end":{"line":3,"column":96}},"4":{"start":{"line":5,"column":0},"end":{"line":5,"column":46}},"5":{"start":{"line":15,"column":17},"end":{"line":133,"column":2}},"6":{"start":{"line":16,"column":4},"end":{"line":132,"column":6}},"7":{"start":{"line":35,"column":43},"end":{"line":35,"column":95}},"8":{"start":{"line":46,"column":43},"end":{"line":46,"column":80}},"9":{"start":{"line":60,"column":39},"end":{"line":60,"column":70}},"10":{"start":{"line":74,"column":36},"end":{"line":74,"column":62}},"11":{"start":{"line":75,"column":35},"end":{"line":75,"column":70}},"12":{"start":{"line":76,"column":20},"end":{"line":76,"column":76}},"13":{"start":{"line":87,"column":39},"end":{"line":87,"column":75}},"14":{"start":{"line":97,"column":39},"end":{"line":97,"column":76}},"15":{"start":{"line":107,"column":39},"end":{"line":107,"column":70}},"16":{"start":{"line":118,"column":39},"end":{"line":118,"column":76}},"17":{"start":{"line":125,"column":44},"end":{"line":125,"column":76}},"18":{"start":{"line":136,"column":4},"end":{"line":144,"column":5}},"19":{"start":{"line":137,"column":8},"end":{"line":143,"column":10}},"20":{"start":{"line":146,"column":25},"end":{"line":160,"column":null}},"21":{"start":{"line":147,"column":8},"end":{"line":159,"column":null}},"22":{"start":{"line":163,"column":4},"end":{"line":188,"column":6}},"23":{"start":{"line":169,"column":44},"end":{"line":169,"column":60}},"24":{"start":{"line":171,"column":38},"end":{"line":171,"column":95}},"25":{"start":{"line":172,"column":20},"end":{"line":179,"column":22}}},"fnMap":{"0":{"name":"(anonymous_0)","decl":{"start":{"line":15,"column":22},"end":{"line":15,"column":23}},"loc":{"start":{"line":15,"column":72},"end":{"line":133,"column":1}}},"1":{"name":"(anonymous_1)","decl":{"start":{"line":35,"column":34},"end":{"line":35,"column":35}},"loc":{"start":{"line":35,"column":43},"end":{"line":35,"column":95}}},"2":{"name":"(anonymous_2)","decl":{"start":{"line":46,"column":34},"end":{"line":46,"column":35}},"loc":{"start":{"line":46,"column":43},"end":{"line":46,"column":80}}},"3":{"name":"(anonymous_3)","decl":{"start":{"line":60,"column":30},"end":{"line":60,"column":31}},"loc":{"start":{"line":60,"column":39},"end":{"line":60,"column":70}}},"4":{"name":"(anonymous_4)","decl":{"start":{"line":72,"column":30},"end":{"line":72,"column":31}},"loc":{"start":{"line":72,"column":38},"end":{"line":77,"column":17}}},"5":{"name":"(anonymous_5)","decl":{"start":{"line":87,"column":30},"end":{"line":87,"column":31}},"loc":{"start":{"line":87,"column":39},"end":{"line":87,"column":75}}},"6":{"name":"(anonymous_6)","decl":{"start":{"line":97,"column":30},"end":{"line":97,"column":31}},"loc":{"start":{"line":97,"column":39},"end":{"line":97,"column":76}}},"7":{"name":"(anonymous_7)","decl":{"start":{"line":107,"column":30},"end":{"line":107,"column":31}},"loc":{"start":{"line":107,"column":39},"end":{"line":107,"column":70}}},"8":{"name":"(anonymous_8)","decl":{"start":{"line":118,"column":30},"end":{"line":118,"column":31}},"loc":{"start":{"line":118,"column":39},"end":{"line":118,"column":76}}},"9":{"name":"(anonymous_9)","decl":{"start":{"line":125,"column":35},"end":{"line":125,"column":36}},"loc":{"start":{"line":125,"column":44},"end":{"line":125,"column":76}}},"10":{"name":"ImportPreviewTable","decl":{"start":{"line":135,"column":24},"end":{"line":135,"column":42}},"loc":{"start":{"line":135,"column":108},"end":{"line":189,"column":1}}},"11":{"name":"(anonymous_11)","decl":{"start":{"line":146,"column":25},"end":{"line":146,"column":28}},"loc":{"start":{"line":147,"column":8},"end":{"line":159,"column":null}}},"12":{"name":"(anonymous_12)","decl":{"start":{"line":169,"column":30},"end":{"line":169,"column":31}},"loc":{"start":{"line":169,"column":44},"end":{"line":169,"column":60}}},"13":{"name":"(anonymous_13)","decl":{"start":{"line":170,"column":28},"end":{"line":170,"column":29}},"loc":{"start":{"line":170,"column":48},"end":{"line":180,"column":17}}}},"branchMap":{"0":{"loc":{"start":{"line":20,"column":17},"end":{"line":25,"column":null}},"type":"cond-expr","locations":[{"start":{"line":21,"column":20},"end":{"line":21,"column":55}},{"start":{"line":23,"column":20},"end":{"line":24,"column":null}}]},"1":{"loc":{"start":{"line":30,"column":70},"end":{"line":30,"column":147}},"type":"cond-expr","locations":[{"start":{"line":30,"column":84},"end":{"line":30,"column":128}},{"start":{"line":30,"column":131},"end":{"line":30,"column":147}}]},"2":{"loc":{"start":{"line":33,"column":36},"end":{"line":33,"column":97}},"type":"cond-expr","locations":[{"start":{"line":33,"column":50},"end":{"line":33,"column":59}},{"start":{"line":33,"column":63},"end":{"line":33,"column":96}}]},"3":{"loc":{"start":{"line":33,"column":63},"end":{"line":33,"column":96}},"type":"cond-expr","locations":[{"start":{"line":33,"column":75},"end":{"line":33,"column":84}},{"start":{"line":33,"column":87},"end":{"line":33,"column":96}}]},"4":{"loc":{"start":{"line":33,"column":111},"end":{"line":33,"column":155}},"type":"cond-expr","locations":[{"start":{"line":33,"column":138},"end":{"line":33,"column":144}},{"start":{"line":33,"column":147},"end":{"line":33,"column":155}}]},"5":{"loc":{"start":{"line":33,"column":111},"end":{"line":33,"column":135}},"type":"binary-expr","locations":[{"start":{"line":33,"column":111},"end":{"line":33,"column":120}},{"start":{"line":33,"column":124},"end":{"line":33,"column":135}}]},"6":{"loc":{"start":{"line":41,"column":70},"end":{"line":41,"column":106}},"type":"cond-expr","locations":[{"start":{"line":41,"column":84},"end":{"line":41,"column":101}},{"start":{"line":41,"column":104},"end":{"line":41,"column":106}}]},"7":{"loc":{"start":{"line":44,"column":36},"end":{"line":44,"column":97}},"type":"cond-expr","locations":[{"start":{"line":44,"column":50},"end":{"line":44,"column":59}},{"start":{"line":44,"column":63},"end":{"line":44,"column":96}}]},"8":{"loc":{"start":{"line":44,"column":63},"end":{"line":44,"column":96}},"type":"cond-expr","locations":[{"start":{"line":44,"column":75},"end":{"line":44,"column":84}},{"start":{"line":44,"column":87},"end":{"line":44,"column":96}}]},"9":{"loc":{"start":{"line":48,"column":17},"end":{"line":51,"column":null}},"type":"binary-expr","locations":[{"start":{"line":48,"column":17},"end":{"line":48,"column":27}},{"start":{"line":49,"column":20},"end":{"line":49,"column":null}}]},"10":{"loc":{"start":{"line":69,"column":23},"end":{"line":69,"column":75}},"type":"cond-expr","locations":[{"start":{"line":69,"column":51},"end":{"line":69,"column":70}},{"start":{"line":69,"column":73},"end":{"line":69,"column":75}}]},"11":{"loc":{"start":{"line":75,"column":35},"end":{"line":75,"column":70}},"type":"cond-expr","locations":[{"start":{"line":75,"column":45},"end":{"line":75,"column":66}},{"start":{"line":75,"column":69},"end":{"line":75,"column":70}}]},"12":{"loc":{"start":{"line":76,"column":48},"end":{"line":76,"column":74}},"type":"cond-expr","locations":[{"start":{"line":76,"column":64},"end":{"line":76,"column":65}},{"start":{"line":76,"column":68},"end":{"line":76,"column":74}}]},"13":{"loc":{"start":{"line":94,"column":23},"end":{"line":94,"column":45}},"type":"binary-expr","locations":[{"start":{"line":94,"column":23},"end":{"line":94,"column":39}},{"start":{"line":94,"column":43},"end":{"line":94,"column":45}}]},"14":{"loc":{"start":{"line":115,"column":23},"end":{"line":115,"column":45}},"type":"binary-expr","locations":[{"start":{"line":115,"column":23},"end":{"line":115,"column":39}},{"start":{"line":115,"column":43},"end":{"line":115,"column":45}}]},"15":{"loc":{"start":{"line":127,"column":32},"end":{"line":127,"column":67}},"type":"cond-expr","locations":[{"start":{"line":127,"column":46},"end":{"line":127,"column":55}},{"start":{"line":127,"column":58},"end":{"line":127,"column":67}}]},"16":{"loc":{"start":{"line":136,"column":4},"end":{"line":144,"column":5}},"type":"if","locations":[{"start":{"line":136,"column":4},"end":{"line":144,"column":5}},{"start":{},"end":{}}]}},"s":{"0":0,"1":0,"2":0,"3":0,"4":0,"5":0,"6":0,"7":0,"8":0,"9":0,"10":0,"11":0,"12":0,"13":0,"14":0,"15":0,"16":0,"17":0,"18":0,"19":0,"20":0,"21":0,"22":0,"23":0,"24":0,"25":0},"f":{"0":0,"1":0,"2":0,"3":0,"4":0,"5":0,"6":0,"7":0,"8":0,"9":0,"10":0,"11":0,"12":0,"13":0},"b":{"0":[0,0],"1":[0,0],"2":[0,0],"3":[0,0],"4":[0,0],"5":[0,0],"6":[0,0],"7":[0,0],"8":[0,0],"9":[0,0],"10":[0,0],"11":[0,0],"12":[0,0],"13":[0,0],"14":[0,0],"15":[0,0],"16":[0,0]}}
,"C:\\Users\\FLORZINHA\\Desktop\\projeto-aether\\AetherPlataforma\\EscalaiApp\\src\\components\\NotificationCenter.tsx": {"path":"C:\\Users\\FLORZINHA\\Desktop\\projeto-aether\\AetherPlataforma\\EscalaiApp\\src\\components\\NotificationCenter.tsx","statementMap":{"0":{"start":{"line":45,"column":0},"end":{"line":45,"column":16}},"1":{"start":{"line":7,"column":0},"end":{"line":7,"column":64}},"2":{"start":{"line":8,"column":0},"end":{"line":8,"column":86}},"3":{"start":{"line":9,"column":0},"end":{"line":9,"column":107}},"4":{"start":{"line":10,"column":0},"end":{"line":10,"column":46}},"5":{"start":{"line":11,"column":0},"end":{"line":11,"column":58}},"6":{"start":{"line":12,"column":0},"end":{"line":12,"column":64}},"7":{"start":{"line":13,"column":0},"end":{"line":13,"column":48}},"8":{"start":{"line":26,"column":20},"end":{"line":31,"column":11}},"9":{"start":{"line":46,"column":21},"end":{"line":46,"column":35}},"10":{"start":{"line":47,"column":46},"end":{"line":47,"column":78}},"11":{"start":{"line":48,"column":38},"end":{"line":48,"column":52}},"12":{"start":{"line":54,"column":31},"end":{"line":83,"column":18}},"13":{"start":{"line":55,"column":8},"end":{"line":55,"column":30}},"14":{"start":{"line":55,"column":23},"end":{"line":55,"column":30}},"15":{"start":{"line":56,"column":8},"end":{"line":56,"column":27}},"16":{"start":{"line":57,"column":8},"end":{"line":82,"column":9}},"17":{"start":{"line":58,"column":35},"end":{"line":58,"column":80}},"18":{"start":{"line":59,"column":35},"end":{"line":62,"column":29}},"19":{"start":{"line":60,"column":36},"end":{"line":60,"column":58}},"20":{"start":{"line":61,"column":42},"end":{"line":61,"column":107}},"21":{"start":{"line":64,"column":46},"end":{"line":75,"column":15}},"22":{"start":{"line":64,"column":77},"end":{"line":75,"column":14}},"23":{"start":{"line":77,"column":12},"end":{"line":77,"column":36}},"24":{"start":{"line":79,"column":12},"end":{"line":79,"column":84}},"25":{"start":{"line":81,"column":12},"end":{"line":81,"column":32}},"26":{"start":{"line":85,"column":4},"end":{"line":87,"column":38}},"27":{"start":{"line":86,"column":8},"end":{"line":86,"column":42}},"28":{"start":{"line":86,"column":21},"end":{"line":86,"column":42}},"29":{"start":{"line":89,"column":4},"end":{"line":89,"column":30}},"30":{"start":{"line":89,"column":18},"end":{"line":89,"column":30}},"31":{"start":{"line":95,"column":31},"end":{"line":142,"column":5}},"32":{"start":{"line":96,"column":23},"end":{"line":96,"column":45}},"33":{"start":{"line":97,"column":21},"end":{"line":97,"column":32}},"34":{"start":{"line":98,"column":24},"end":{"line":98,"column":55}},"35":{"start":{"line":100,"column":28},"end":{"line":112,"column":9}},"36":{"start":{"line":101,"column":12},"end":{"line":101,"column":34}},"37":{"start":{"line":101,"column":27},"end":{"line":101,"column":34}},"38":{"start":{"line":102,"column":12},"end":{"line":111,"column":13}},"39":{"start":{"line":104,"column":16},"end":{"line":106,"column":19}},"40":{"start":{"line":108,"column":16},"end":{"line":108,"column":101}},"41":{"start":{"line":108,"column":41},"end":{"line":108,"column":99}},"42":{"start":{"line":108,"column":55},"end":{"line":108,"column":98}},"43":{"start":{"line":110,"column":16},"end":{"line":110,"column":85}},"44":{"start":{"line":114,"column":8},"end":{"line":141,"column":10}},"45":{"start":{"line":145,"column":32},"end":{"line":163,"column":5}},"46":{"start":{"line":146,"column":28},"end":{"line":146,"column":62}},"47":{"start":{"line":146,"column":54},"end":{"line":146,"column":61}},"48":{"start":{"line":147,"column":8},"end":{"line":147,"column":45}},"49":{"start":{"line":147,"column":38},"end":{"line":147,"column":45}},"50":{"start":{"line":149,"column":8},"end":{"line":162,"column":9}},"51":{"start":{"line":151,"column":12},"end":{"line":156,"column":14}},"52":{"start":{"line":153,"column":20},"end":{"line":154,"column":77}},"53":{"start":{"line":159,"column":12},"end":{"line":159,"column":76}},"54":{"start":{"line":159,"column":37},"end":{"line":159,"column":74}},"55":{"start":{"line":159,"column":52},"end":{"line":159,"column":72}},"56":{"start":{"line":161,"column":12},"end":{"line":161,"column":84}},"57":{"start":{"line":165,"column":4},"end":{"line":216,"column":6}},"58":{"start":{"line":171,"column":49},"end":{"line":171,"column":56}},"59":{"start":{"line":182,"column":45},"end":{"line":182,"column":52}},"60":{"start":{"line":195,"column":40},"end":{"line":195,"column":47}},"61":{"start":{"line":225,"column":16},"end":{"line":225,"column":26}},"62":{"start":{"line":226,"column":19},"end":{"line":226,"column":49}},"63":{"start":{"line":227,"column":20},"end":{"line":227,"column":46}},"64":{"start":{"line":228,"column":20},"end":{"line":228,"column":48}},"65":{"start":{"line":229,"column":21},"end":{"line":229,"column":50}},"66":{"start":{"line":231,"column":4},"end":{"line":231,"column":36}},"67":{"start":{"line":231,"column":21},"end":{"line":231,"column":36}},"68":{"start":{"line":232,"column":4},"end":{"line":232,"column":48}},"69":{"start":{"line":232,"column":22},"end":{"line":232,"column":48}},"70":{"start":{"line":233,"column":4},"end":{"line":233,"column":46}},"71":{"start":{"line":233,"column":22},"end":{"line":233,"column":46}},"72":{"start":{"line":234,"column":4},"end":{"line":234,"column":47}},"73":{"start":{"line":234,"column":22},"end":{"line":234,"column":47}},"74":{"start":{"line":235,"column":4},"end":{"line":235,"column":80}}},"fnMap":{"0":{"name":"NotificationCenter","decl":{"start":{"line":45,"column":16},"end":{"line":45,"column":34}},"loc":{"start":{"line":45,"column":80},"end":{"line":217,"column":1}}},"1":{"name":"(anonymous_1)","decl":{"start":{"line":54,"column":43},"end":{"line":54,"column":48}},"loc":{"start":{"line":54,"column":54},"end":{"line":83,"column":5}}},"2":{"name":"(anonymous_2)","decl":{"start":{"line":60,"column":24},"end":{"line":60,"column":25}},"loc":{"start":{"line":60,"column":36},"end":{"line":60,"column":58}}},"3":{"name":"(anonymous_3)","decl":{"start":{"line":61,"column":22},"end":{"line":61,"column":23}},"loc":{"start":{"line":61,"column":42},"end":{"line":61,"column":107}}},"4":{"name":"(anonymous_4)","decl":{"start":{"line":64,"column":64},"end":{"line":64,"column":65}},"loc":{"start":{"line":64,"column":77},"end":{"line":75,"column":14}}},"5":{"name":"(anonymous_5)","decl":{"start":{"line":85,"column":14},"end":{"line":85,"column":17}},"loc":{"start":{"line":85,"column":19},"end":{"line":87,"column":5}}},"6":{"name":"(anonymous_6)","decl":{"start":{"line":95,"column":31},"end":{"line":95,"column":32}},"loc":{"start":{"line":95,"column":72},"end":{"line":142,"column":5}}},"7":{"name":"(anonymous_7)","decl":{"start":{"line":100,"column":28},"end":{"line":100,"column":33}},"loc":{"start":{"line":100,"column":39},"end":{"line":112,"column":9}}},"8":{"name":"(anonymous_8)","decl":{"start":{"line":108,"column":33},"end":{"line":108,"column":37}},"loc":{"start":{"line":108,"column":41},"end":{"line":108,"column":99}}},"9":{"name":"(anonymous_9)","decl":{"start":{"line":108,"column":50},"end":{"line":108,"column":51}},"loc":{"start":{"line":108,"column":55},"end":{"line":108,"column":98}}},"10":{"name":"(anonymous_10)","decl":{"start":{"line":145,"column":32},"end":{"line":145,"column":37}},"loc":{"start":{"line":145,"column":43},"end":{"line":163,"column":5}}},"11":{"name":"(anonymous_11)","decl":{"start":{"line":146,"column":49},"end":{"line":146,"column":50}},"loc":{"start":{"line":146,"column":54},"end":{"line":146,"column":61}}},"12":{"name":"(anonymous_12)","decl":{"start":{"line":152,"column":32},"end":{"line":152,"column":36}},"loc":{"start":{"line":153,"column":20},"end":{"line":154,"column":77}}},"13":{"name":"(anonymous_13)","decl":{"start":{"line":159,"column":29},"end":{"line":159,"column":33}},"loc":{"start":{"line":159,"column":37},"end":{"line":159,"column":74}}},"14":{"name":"(anonymous_14)","decl":{"start":{"line":159,"column":46},"end":{"line":159,"column":47}},"loc":{"start":{"line":159,"column":52},"end":{"line":159,"column":72}}},"15":{"name":"(anonymous_15)","decl":{"start":{"line":171,"column":44},"end":{"line":171,"column":45}},"loc":{"start":{"line":171,"column":49},"end":{"line":171,"column":56}}},"16":{"name":"(anonymous_16)","decl":{"start":{"line":182,"column":40},"end":{"line":182,"column":41}},"loc":{"start":{"line":182,"column":45},"end":{"line":182,"column":52}}},"17":{"name":"(anonymous_17)","decl":{"start":{"line":195,"column":30},"end":{"line":195,"column":31}},"loc":{"start":{"line":195,"column":40},"end":{"line":195,"column":47}}},"18":{"name":"getRelativeTime","decl":{"start":{"line":224,"column":9},"end":{"line":224,"column":24}},"loc":{"start":{"line":224,"column":35},"end":{"line":236,"column":1}}}},"branchMap":{"0":{"loc":{"start":{"line":55,"column":8},"end":{"line":55,"column":30}},"type":"if","locations":[{"start":{"line":55,"column":8},"end":{"line":55,"column":30}},{"start":{},"end":{}}]},"1":{"loc":{"start":{"line":66,"column":23},"end":{"line":70,"column":53}},"type":"cond-expr","locations":[{"start":{"line":67,"column":22},"end":{"line":67,"column":54}},{"start":{"line":68,"column":22},"end":{"line":70,"column":53}}]},"2":{"loc":{"start":{"line":68,"column":22},"end":{"line":70,"column":53}},"type":"cond-expr","locations":[{"start":{"line":69,"column":26},"end":{"line":69,"column":59}},{"start":{"line":70,"column":26},"end":{"line":70,"column":53}}]},"3":{"loc":{"start":{"line":71,"column":30},"end":{"line":71,"column":45}},"type":"binary-expr","locations":[{"start":{"line":71,"column":30},"end":{"line":71,"column":36}},{"start":{"line":71,"column":40},"end":{"line":71,"column":45}}]},"4":{"loc":{"start":{"line":71,"column":51},"end":{"line":71,"column":78}},"type":"binary-expr","locations":[{"start":{"line":71,"column":51},"end":{"line":71,"column":62}},{"start":{"line":71,"column":66},"end":{"line
[...]
"end":{"line":105,"column":5}},{"start":{},"end":{}}]},"14":{"loc":{"start":{"line":106,"column":4},"end":{"line":109,"column":5}},"type":"if","locations":[{"start":{"line":106,"column":4},"end":{"line":109,"column":5}},{"start":{},"end":{}}]},"15":{"loc":{"start":{"line":116,"column":26},"end":{"line":118,"column":53}},"type":"binary-expr","locations":[{"start":{"line":116,"column":26},"end":{"line":116,"column":69}},{"start":{"line":117,"column":15},"end":{"line":117,"column":56}},{"start":{"line":118,"column":15},"end":{"line":118,"column":53}}]},"16":{"loc":{"start":{"line":140,"column":4},"end":{"line":140,"column":38}},"type":"default-arg","locations":[{"start":{"line":140,"column":36},"end":{"line":140,"column":38}}]},"17":{"loc":{"start":{"line":142,"column":4},"end":{"line":142,"column":31}},"type":"if","locations":[{"start":{"line":142,"column":4},"end":{"line":142,"column":31}},{"start":{},"end":{}}]},"18":{"loc":{"start":{"line":144,"column":19},"end":{"line":144,"column":81}},"type":"cond-expr","locations":[{"start":{"line":144,"column":50},"end":{"line":144,"column":63}},{"start":{"line":144,"column":66},"end":{"line":144,"column":81}}]},"19":{"loc":{"start":{"line":147,"column":4},"end":{"line":147,"column":41}},"type":"if","locations":[{"start":{"line":147,"column":4},"end":{"line":147,"column":41}},{"start":{},"end":{}}]},"20":{"loc":{"start":{"line":178,"column":12},"end":{"line":180,"column":13}},"type":"if","locations":[{"start":{"line":178,"column":12},"end":{"line":180,"column":13}},{"start":{},"end":{}}]},"21":{"loc":{"start":{"line":179,"column":54},"end":{"line":179,"column":101}},"type":"binary-expr","locations":[{"start":{"line":179,"column":54},"end":{"line":179,"column":83}},{"start":{"line":179,"column":87},"end":{"line":179,"column":101}}]},"22":{"loc":{"start":{"line":183,"column":12},"end":{"line":190,"column":13}},"type":"if","locations":[{"start":{"line":183,"column":12},"end":{"line":190,"column":13}},{"start":{},"end":{}}]},"23":{"loc":{"start":{"line":183,"column":16},"end":{"line":183,"column":66}},"type":"binary-expr","locations":[{"start":{"line":183,"column":16},"end":{"line":183,"column":32}},{"start":{"line":183,"column":36},"end":{"line":183,"column":66}}]},"24":{"loc":{"start":{"line":185,"column":20},"end":{"line":188,"column":21}},"type":"if","locations":[{"start":{"line":185,"column":20},"end":{"line":188,"column":21}},{"start":{},"end":{}}]},"25":{"loc":{"start":{"line":186,"column":44},"end":{"line":186,"column":101}},"type":"binary-expr","locations":[{"start":{"line":186,"column":44},"end":{"line":186,"column":65}},{"start":{"line":186,"column":69},"end":{"line":186,"column":83}},{"start":{"line":186,"column":87},"end":{"line":186,"column":101}}]},"26":{"loc":{"start":{"line":193,"column":24},"end":{"line":193,"column":84}},"type":"cond-expr","locations":[{"start":{"line":193,"column":49},"end":{"line":193,"column":62}},{"start":{"line":193,"column":65},"end":{"line":193,"column":84}}]},"27":{"loc":{"start":{"line":198,"column":4},"end":{"line":202,"column":5}},"type":"if","locations":[{"start":{"line":198,"column":4},"end":{"line":202,"column":5}},{"start":{"line":200,"column":11},"end":{"line":202,"column":5}}]},"28":{"loc":{"start":{"line":198,"column":8},"end":{"line":198,"column":89}},"type":"binary-expr","locations":[{"start":{"line":198,"column":8},"end":{"line":198,"column":25}},{"start":{"line":198,"column":29},"end":{"line":198,"column":89}}]},"29":{"loc":{"start":{"line":200,"column":11},"end":{"line":202,"column":5}},"type":"if","locations":[{"start":{"line":200,"column":11},"end":{"line":202,"column":5}},{"start":{},"end":{}}]},"30":{"loc":{"start":{"line":233,"column":4},"end":{"line":233,"column":38}},"type":"default-arg","locations":[{"start":{"line":233,"column":36},"end":{"line":233,"column":38}}]},"31":{"loc":{"start":{"line":236,"column":4},"end":{"line":238,"column":5}},"type":"if","locations":[{"start":{"line":236,"column":4},"end":{"line":238,"column":5}},{"start":{},"end":{}}]},"32":{"loc":{"start":{"line":236,"column":8},"end":{"line":236,"column":73}},"type":"binary-expr","locations":[{"start":{"line":236,"column":8},"end":{"line":236,"column":17}},{"start":{"line":236,"column":22},"end":{"line":236,"column":73}}]},"33":{"loc":{"start":{"line":247,"column":23},"end":{"line":247,"column":93}},"type":"binary-expr","locations":[{"start":{"line":247,"column":23},"end":{"line":247,"column":49}},{"start":{"line":247,"column":54},"end":{"line":247,"column":87}},{"start":{"line":247,"column":91},"end":{"line":247,"column":93}}]},"34":{"loc":{"start":{"line":248,"column":22},"end":{"line":248,"column":94}},"type":"binary-expr","locations":[{"start":{"line":248,"column":22},"end":{"line":248,"column":45}},{"start":{"line":248,"column":50},"end":{"line":248,"column":80}},{"start":{"line":248,"column":84},"end":{"line":248,"column":94}}]},"35":{"loc":{"start":{"line":250,"column":8},"end":{"line":254,"column":9}},"type":"if","locations":[{"start":{"line":250,"column":8},"end":{"line":254,"column":9}},{"start":{"line":252,"column":15},"end":{"line":254,"column":9}}]},"36":{"loc":{"start":{"line":250,"column":12},"end":{"line":250,"column":40}},"type":"binary-expr","locations":[{"start":{"line":250,"column":12},"end":{"line":250,"column":17}},{"start":{"line":250,"column":21},"end":{"line":250,"column":40}}]},"37":{"loc":{"start":{"line":257,"column":4},"end":{"line":259,"column":5}},"type":"if","locations":[{"start":{"line":257,"column":4},"end":{"line":259,"column":5}},{"start":{},"end":{}}]},"38":{"loc":{"start":{"line":264,"column":4},"end":{"line":266,"column":5}},"type":"if","locations":[{"start":{"line":264,"column":4},"end":{"line":266,"column":5}},{"start":{},"end":{}}]},"39":{"loc":{"start":{"line":303,"column":8},"end":{"line":306,"column":9}},"type":"if","locations":[{"start":{"line":303,"column":8},"end":{"line":306,"column":9}},{"start":{},"end":{}}]},"40":{"loc":{"start":{"line":310,"column":8},"end":{"line":317,"column":9}},"type":"if","locations":[{"start":{"line":310,"column":8},"end":{"line":317,"column":9}},{"start":{},"end":{}}]},"41":{"loc":{"start":{"line":313,"column":12},"end":{"line":316,"column":13}},"type":"if","locations":[{"start":{"line":313,"column":12},"end":{"line":316,"column":13}},{"start":{},"end":{}}]},"42":{"loc":{"start":{"line":320,"column":26},"end":{"line":322,"column":53}},"type":"binary-expr","locations":[{"start":{"line":320,"column":26},"end":{"line":320,"column":69}},{"start":{"line":321,"column":15},"end":{"line":321,"column":56}},{"start":{"line":322,"column":15},"end":{"line":322,"column":53}}]},"43":{"loc":{"start":{"line":327,"column":8},"end":{"line":330,"column":9}},"type":"if","locations":[{"start":{"line":327,"column":8},"end":{"line":330,"column":9}},{"start":{},"end":{}}]},"44":{"loc":{"start":{"line":338,"column":8},"end":{"line":367,"column":9}},"type":"if","locations":[{"start":{"line":338,"column":8},"end":{"line":367,"column":9}},{"start":{"line":354,"column":15},"end":{"line":367,"column":9}}]},"45":{"loc":{"start":{"line":338,"column":12},"end":{"line":338,"column":64}},"type":"binary-expr","locations":[{"start":{"line":338,"column":12},"end":{"line":338,"column":25}},{"start":{"line":338,"column":30},"end":{"line":338,"column":64}}]},"46":{"loc":{"start":{"line":340,"column":33},"end":{"line":340,"column":93}},"type":"binary-expr","locations":[{"start":{"line":340,"column":33},"end":{"line":340,"column":53}},{"start":{"line":340,"column":57},"end":{"line":340,"column":87}},{"start":{"line":340,"column":91},"end":{"line":340,"column":93}}]},"47":{"loc":{"start":{"line":343,"column":12},"end":{"line":346,"column":13}},"type":"if","locations":[{"start":{"line":343,"column":12},"end":{"line":346,"column":13}},{"start":{},"end":{}}]},"48":{"loc":{"start":{"line":353,"column":76},"end":{"line":353,"column":123}},"type":"cond-expr","locations":[{"start":{"line":353,"column":91},"end":{"line":353,"column":101}},{"start":{"line":353,"column":104},"end":{"line":353,"column":123}}]},"49":{"loc":{"start":{"line":360,"column":27},"end":{"line":360,"column":42}},"type":"binary-expr","locations":[{"start":{"line":360,"column":27},"end":{"line":360,"column":36}},{"start":{"line":360,"column":40},"end":{"line":360,"column":42}}]},"50":{"loc":{"start":{"line":372,"column":20},"end":{"line":372,"column":74}},"type":"cond-expr","locations":[{"start":{"line":372,"column":45},"end":{"line":372,"column":58}},{"start":{"line":372,"column":61},"end":{"line":372,"column":74}}]},"51":{"loc":{"start":{"line":390,"column":4},"end":{"line":390,"column":23}},"type":"if","locations":[{"start":{"line":390,"column":4},"end":{"line":390,"column":23}},{"start":{},"end":{}}]},"52":{"loc":{"start":{"line":398,"column":8},"end":{"line":412,"column":9}},"type":"if","locations":[{"start":{"line":398,"column":8},"end":{"line":412,"column":9}},{"start":{"line":405,"column":15},"end":{"line":412,"column":9}}]},"53":{"loc":{"start":{"line":398,"column":12},"end":{"line":398,"column":54}},"type":"binary-expr","locations":[{"start":{"line":398,"column":12},"end":{"line":398,"column":20}},{"start":{"line":398,"column":25},"end":{"line":398,"column":54}}]},"54":{"loc":{"start":{"line":431,"column":4},"end":{"line":431,"column":38}},"type":"default-arg","locations":[{"start":{"line":431,"column":36},"end":{"line":431,"column":38}}]},"55":{"loc":{"start":{"line":435,"column":8},"end":{"line":438,"column":9}},"type":"if","locations":[{"start":{"line":435,"column":8},"end":{"line":438,"column":9}},{"start":{},"end":{}}]},"56":{"loc":{"start":{"line":435,"column":12},"end":{"line":435,"column":79}},"type":"binary-expr","locations":[{"start":{"line":435,"column":12},"end":{"line":435,"column":22}},{"start":{"line":435,"column":27},"end":{"line":435,"column":79}}]},"57":{"loc":{"start":{"line":441,"column":20},"end":{"line":441,"column":52}},"type":"binary-expr","locations":[{"start":{"line":441,"column":20},"end":{"line":441,"column":46}},{"start":{"line":441,"column":50},"end":{"line":441,"column":52}}]},"58":{"loc":{"start":{"line":442,"column":23},"end":{"line":442,"column":43}},"type":"binary-expr","locations":[{"start":{"line":442,"column":23},"end":{"line":442,"column":24}},{"start":{"line":442,"column":28},"end":{"line":442,"column":43}}]},"59":{"loc":{"start":{"line":444,"column":8},"end":{"line":447,"column":9}},"type":"if","locations":[{"start":{"line":444,"column":8},"end":{"line":447,"column":9}},{"start":{},"end":{}}]},"60":{"loc":{"start":{"line":475,"column":29},"end":{"line":475,"column":52}},"type":"binary-expr","locations":[{"start":{"line":475,"column":29},"end":{"line":475,"column":44}},{"start":{"line":475,"column":48},"end":{"line":475,"column":52}}]},"61":{"loc":{"start":{"line":476,"column":33},"end":{"line":476,"column":60}},"type":"binary-expr","locations":[{"start":{"line":476,"column":33},"end":{"line":476,"column":52}},{"start":{"line":476,"column":56},"end":{"line":476,"column":60}}]},"62":{"loc":{"start":{"line":501,"column":4},"end":{"line":501,"column":38}},"type":"default-arg","locations":[{"start":{"line":501,"column":36},"end":{"line":501,"column":38}}]},"63":{"loc":{"start":{"line":508,"column":4},"end":{"line":510,"column":5}},"type":"if","locations":[{"start":{"line":508,"column":4},"end":{"line":510,"column":5}},{"start":{},"end":{}}]},"64":{"loc":{"start":{"line":508,"column":8},"end":{"line":508,"column":50}},"type":"binary-expr","locations":[{"start":{"line":508,"column":8},"end":{"line":508,"column":21}},{"start":{"line":508,"column":25},"end":{"line":508,"column":50}}]},"65":{"loc":{"start":{"line":514,"column":19},"end":{"line":514,"column":94}},"type":"binary-expr","locations":[{"start":{"line":514,"column":19},"end":{"line":514,"column":50}},{"start":{"line":514,"column":55},"end":{"line":514,"column":88}},{"start":{"line":514,"column":92},"end":{"line":514,"column":94}}]},"66":{"loc":{"start":{"line":515,"column":4},"end":{"line":517,"column":5}},"type":"if","locations":[{"start":{"line":515,"column":4},"end":{"line":517,"column":5}},{"start":{},"end":{}}]}},"s":{"0":3,"1":3,"2":3,"3":3,"4":3,"5":3,"6":3,"7":3,"8":3,"9":3,"10":3,"11":3,"12":3,"13":3,"14":3,"15":3,"16":14,"17":1,"18":13,"19":10,"20":10,"21":1,"22":9,"23":1,"24":8,"25":1,"26":7,"27":1,"28":6,"29":4,"30":2,"31":1,"32":1,"33":3,"34":3,"35":3,"36":2,"37":2,"38":0,"39":1,"40":0,"41":0,"42":0,"43":0,"44":0,"45":0,"46":0,"47":0,"48":0,"49":0,"50":0,"51":0,"52":0,"53":0,"54":0,"55":0,"56":0,"57":0,"58":0,"59":0,"60":0,"61":0,"62":15,"63":1,"64":14,"65":14,"66":365,"67":14,"68":1,"69":13,"70":13,"71":13,"72":13,"73":15,"74":15,"75":365,"76":15,"77":15,"78":12,"79":12,"80":0,"81":12,"82":12,"83":12,"84":0,"85":0,"86":3,"87":3,"88":13,"89":2,"90":11,"91":1,"92":5,"93":5,"94":1,"95":4,"96":4,"97":4,"98":4,"99":8,"100":8,"101":8,"102":8,"103":6,"104":2,"105":4,"106":1,"107":3,"108":3,"109":1,"110":3,"111":5,"112":5,"113":0,"114":0,"115":5,"116":5,"117":1,"118":1,"119":1,"120":1,"121":4,"122":4,"123":4,"124":4,"125":0,"126":0,"127":4,"128":3,"129":2,"130":2,"131":2,"132":1,"133":1,"134":1,"135":1,"136":1,"137":1,"138":2,"139":1,"140":1,"141":1,"142":0,"143":0,"144":0,"145":0,"146":0,"147":0,"148":0,"149":0,"150":0,"151":0,"152":4,"153":4,"154":4,"155":1,"156":1,"157":3,"158":4,"159":4,"160":3,"161":1,"162":1,"163":2,"164":1,"165":1,"166":1,"167":0,"168":0,"169":0,"170":0,"171":5,"172":5,"173":1,"174":4,"175":4,"176":4,"177":4,"178":2,"179":2},"f":{"0":14,"1":0,"2":0,"3":0,"4":15,"5":365,"6":365,"7":12,"8":5,"9":8,"10":5,"11":0,"12":4,"13":4,"14":4,"15":0,"16":5},"b":{"0":[1,13],"1":[10,3],"2":[1,9],"3":[1,8],"4":[1,7],"5":[1,6],"6":[4,2],"7":[6,5,4,3],"8":[1,1],"9":[2,1],"10":[0,0],"11":[0,0],"12":[0,0],"13":[0,0],"14":[0,0],"15":[0,0,0],"16":[7],"17":[1,14],"18":[8,6],"19":[1,13],"20":[0,12],"21":[0,0],"22":[12,0],"23":[12,12],"24":[0,12],"25":[0,0,0],"26":[3,0],"27":[2,11],"28":[13,3],"29":[1,10],"30":[5],"31":[1,4],"32":[5,5],"33":[8,3,2],"34":[8,0,0],"35":[6,2],"36":[8,6],"37":[1,3],"38":[1,2],"39":[0,5],"40":[1,4],"41":[1,0],"42":[4,0,0],"43":[0,4],"44":[2,1],"45":[3,3],"46":[2,0,0],"47":[1,1],"48":[1,0],"49":[1,1],"50":[1,0],"51":[0,0],"52":[0,0],"53":[0,0],"54":[4],"55":[1,3],"56":[4,4],"57":[4,1],"58":[4,3],"59":[1,2],"60":[0,0],"61":[0,0],"62":[4],"63":[1,4],"64":[5,5],"65":[4,2,2],"66":[2,2]}}
,"C:\\Users\\FLORZINHA\\Desktop\\projeto-aether\\AetherPlataforma\\EscalaiApp\\src\\lib\\schemas.ts": {"path":"C:\\Users\\FLORZINHA\\Desktop\\projeto-aether\\AetherPlataforma\\EscalaiApp\\src\\lib\\schemas.ts","statementMap":{"0":{"start":{"line":91,"column":0},"end":{"line":91,"column":16}},"1":{"start":{"line":1,"column":0},"end":{"line":1,"column":27}},"2":{"start":{"line":12,"column":19},"end":{"line":12,"column":39}},"3":{"start":{"line":13,"column":20},"end":{"line":13,"column":44}},"4":{"start":{"line":16,"column":13},"end":{"line":36,"column":3}},"5":{"start":{"line":39,"column":13},"end":{"line":52,"column":3}},"6":{"start":{"line":55,"column":13},"end":{"line":68,"column":3}},"7":{"start":{"line":71,"column":13},"end":{"line":82,"column":3}},"8":{"start":{"line":96,"column":25},"end":{"line":96,"column":27}},"9":{"start":{"line":97,"column":4},"end":{"line":109,"column":5}},"10":{"start":{"line":99,"column":21},"end":{"line":99,"column":71}},"11":{"start":{"line":100,"column":23},"end":{"line":100,"column":44}},"12":{"start":{"line":101,"column":8},"end":{"line":108,"column":9}},"13":{"start":{"line":102,"column":12},"end":{"line":102,"column":38}},"14":{"start":{"line":103,"column":15},"end":{"line":108,"column":9}},"15":{"start":{"line":104,"column":12},"end":{"line":107,"column":14}},"16":{"start":{"line":110,"column":4},"end":{"line":110,"column":19}}},"fnMap":{"0":{"name":"validateArray","decl":{"start":{"line":91,"column":16},"end":{"line":91,"column":29}},"loc":{"start":{"line":94,"column":27},"end":{"line":111,"column":1}}}},"branchMap":{"0":{"loc":{"start":{"line":99,"column":21},"end":{"line":99,"column":71}},"type":"binary-expr","locations":[{"start":{"line":99,"column":21},"end":{"line":99,"column":63}},{"start":{"line":99,"column":67},"end":{"line":99,"column":71}}]},"1":{"loc":{"start":{"line":101,"column":8},"end":{"line":108,"column":9}},"type":"if","locations":[{"start":{"line":101,"column":8},"end":{"line":108,"column":9}},{"start":{"line":103,"column":15},"end":{"line":108,"column":9}}]},"2":{"loc":{"start":{"line":103,"column":15},"end":{"line":108,"column":9}},"type":"if","locations":[{"start":{"line":103,"column":15},"end":{"line":108,"column":9}},{"start":{},"end":{}}]},"3":{"loc":{"start":{"line":105,"column":52},"end":{"line":105,"column":97}},"type":"cond-expr","locations":[{"start":{"line":105,"column":69},"end":{"line":105,"column":92}},{"start":{"line":105,"column":95},"end":{"line":105,"column":97}}]},"4":{"loc":{"start":{"line":106,"column":16},"end":{"line":106,"column":62}},"type":"binary-expr","locations":[{"start":{"line":106,"column":16},"end":{"line":106,"column":49}},{"start":{"line":106,"column":53},"end":{"line":106,"column":62}}]}},"s":{"0":1,"1":1,"2":1,"3":1,"4":1,"5":1,"6":1,"7":1,"8":5,"9":5,"10":8,"11":8,"12":8,"13":4,"14":4,"15":4,"16":5},"f":{"0":5},"b":{"0":[8,7],"1":[4,4],"2":[4,0],"3":[4,0],"4":[4,0]}}
,"C:\\Users\\FLORZINHA\\Desktop\\projeto-aether\\AetherPlataforma\\EscalaiApp\\src\\lib\\secureStorage.ts": {"path":"C:\\Users\\FLORZINHA\\Desktop\\projeto-aether\\AetherPlataforma\\EscalaiApp\\src\\lib\\secureStorage.ts","statementMap":{"0":{"start":{"line":1,"column":0},"end":{"line":1,"column":49}},"1":{"start":{"line":14,"column":13},"end":{"line":24,"column":2}},"2":{"start":{"line":16,"column":8},"end":{"line":16,"column":46}},"3":{"start":{"line":19,"column":8},"end":{"line":19,"column":52}},"4":{"start":{"line":22,"column":8},"end":{"line":22,"column":48}}},"fnMap":{"0":{"name":"(anonymous_9)","decl":{"start":{"line":15,"column":13},"end":{"line":15,"column":18}},"loc":{"start":{"line":15,"column":60},"end":{"line":17,"column":5}}},"1":{"name":"(anonymous_10)","decl":{"start":{"line":18,"column":13},"end":{"line":18,"column":18}},"loc":{"start":{"line":18,"column":66},"end":{"line":20,"column":5}}},"2":{"name":"(anonymous_11)","decl":{"start":{"line":21,"column":16},"end":{"line":21,"column":21}},"loc":{"start":{"line":21,"column":54},"end":{"line":23,"column":5}}}},"branchMap":{},"s":{"0":0,"1":0,"2":0,"3":0,"4":0},"f":{"0":0,"1":0,"2":0},"b":{}}
,"C:\\Users\\FLORZINHA\\Desktop\\projeto-aether\\AetherPlataforma\\EscalaiApp\\src\\store\\auth.ts": {"path":"C:\\Users\\FLORZINHA\\Desktop\\projeto-aether\\AetherPlataforma\\EscalaiApp\\src\\store\\auth.ts","statementMap":{"0":{"start":{"line":1,"column":0},"end":{"line":1,"column":33}},"1":{"start":{"line":2,"column":0},"end":{"line":2,"column":64}},"2":{"start":{"line":3,"column":0},"end":{"line":3,"column":69}},"3":{"start":{"line":61,"column":13},"end":{"line":74,"column":2}},"4":{"start":{"line":63,"column":18},"end":{"line":68,"column":10}},"5":{"start":{"line":66,"column":35},"end":{"line":66,"column":54}},"6":{"start":{"line":67,"column":26},"end":{"line":67,"column":57}},"7":{"start":{"line":71,"column":45},"end":{"line":71,"column":57}}},"fnMap":{"0":{"name":"(anonymous_1)","decl":{"start":{"line":63,"column":8},"end":{"line":63,"column":9}},"loc":{"start":{"line":63,"column":18},"end":{"line":68,"column":10}}},"1":{"name":"(anonymous_2)","decl":{"start":{"line":66,"column":19},"end":{"line":66,"column":20}},"loc":{"start":{"line":66,"column":35},"end":{"line":66,"column":54}}},"2":{"name":"(anonymous_3)","decl":{"start":{"line":67,"column":20},"end":{"line":67,"column":23}},"loc":{"start":{"line":67,"column":26},"end":{"line":67,"column":57}}},"3":{"name":"(anonymous_4)","decl":{"start":{"line":71,"column":39},"end":{"line":71,"column":42}},"loc":{"start":{"line":71,"column":45},"end":{"line":71,"column":57}}}},"branchMap":{},"s":{"0":1,"1":1,"2":1,"3":1,"4":1,"5":9,"6":3,"7":1},"f":{"0":1,"1":9,"2":3,"3":1},"b":{}}
}
