TN:
SF:src\components\AdminBottomNav.tsx
FN:37,AdminBottomNav
FN:41,(anonymous_1)
FN:47,(anonymous_2)
FN:52,(anonymous_3)
FN:67,(anonymous_4)
FN:80,(anonymous_5)
FN:81,(anonymous_6)
FN:82,(anonymous_7)
FN:89,(anonymous_8)
FN:96,(anonymous_9)
FN:101,(anonymous_10)
FNF:11
FNH:0
FNDA:0,AdminBottomNav
FNDA:0,(anonymous_1)
FNDA:0,(anonymous_2)
FNDA:0,(anonymous_3)
FNDA:0,(anonymous_4)
FNDA:0,(anonymous_5)
FNDA:0,(anonymous_6)
FNDA:0,(anonymous_7)
FNDA:0,(anonymous_8)
FNDA:0,(anonymous_9)
FNDA:0,(anonymous_10)
DA:1,0
DA:2,0
DA:3,0
DA:4,0
DA:5,0
DA:18,0
DA:26,0
DA:37,0
DA:38,0
DA:41,0
DA:43,0
DA:48,0
DA:49,0
DA:52,0
DA:67,0
DA:80,0
DA:81,0
DA:89,0
DA:97,0
DA:98,0
DA:102,0
DA:103,0
LF:22
LH:0
BRDA:53,0,0,0
BRDA:53,0,1,0
BRDA:55,1,0,0
BRDA:55,1,1,0
BRDA:57,2,0,0
BRDA:57,2,1,0
BRDA:68,3,0,0
BRDA:68,3,1,0
BRDA:70,4,0,0
BRDA:70,4,1,0
BRDA:72,5,0,0
BRDA:72,5,1,0
BRDA:105,6,0,0
BRDA:105,6,1,0
BRDA:110,7,0,0
BRDA:110,7,1,0
BRDA:111,8,0,0
BRDA:111,8,1,0
BRDA:114,9,0,0
BRDA:114,9,1,0
BRF:20
BRH:0
end_of_record
TN:
SF:src\components\AdminNotificationCenter.tsx
FN:29,AdminNotificationCenter
FN:33,(anonymous_1)
FN:39,(anonymous_2)
FN:49,(anonymous_3)
FN:60,(anonymous_4)
FN:66,(anonymous_5)
FN:71,(anonymous_6)
FN:79,(anonymous_7)
FN:79,(anonymous_8)
FN:115,(anonymous_9)
FN:116,(anonymous_10)
FN:121,(anonymous_11)
FN:125,(anonymous_12)
FN:125,(anonymous_13)
FN:138,(anonymous_14)
FN:149,(anonymous_15)
FN:162,(anonymous_16)
FN:186,getRelativeTime
FNF:18
FNH:0
FNDA:0,AdminNotificationCenter
FNDA:0,(anonymous_1)
FNDA:0,(anonymous_2)
FNDA:0,(anonymous_3)
FNDA:0,(anonymous_4)
FNDA:0,(anonymous_5)
FNDA:0,(anonymous_6)
FNDA:0,(anonymous_7)
FNDA:0,(anonymous_8)
FNDA:0,(anonymous_9)
FNDA:0,(anonymous_10)
FNDA:0,(anonymous_11)
FNDA:0,(anonymous_12)
FNDA:0,(anonymous_13)
FNDA:0,(anonymous_14)
FNDA:0,(anonymous_15)
FNDA:0,(anonymous_16)
FNDA:0,getRelativeTime
DA:6,0
DA:7,0
DA:8,0
DA:9,0
DA:10,0
DA:11,0
DA:12,0
DA:15,0
DA:29,0
DA:30,0
DA:31,0
DA:33,0
DA:34,0
DA:35,0
DA:37,0
DA:38,0
DA:39,0
DA:49,0
DA:52,0
DA:54,0
DA:56,0
DA:60,0
DA:61,0
DA:64,0
DA:66,0
DA:67,0
DA:68,0
DA:69,0
DA:71,0
DA:72,0
DA:73,0
DA:75,0
DA:79,0
DA:81,0
DA:85,0
DA:115,0
DA:116,0
DA:117,0
DA:119,0
DA:120,0
DA:122,0
DA:125,0
DA:127,0
DA:131,0
DA:138,0
DA:149,0
DA:162,0
DA:187,0
DA:188,0
DA:189,0
DA:190,0
DA:191,0
DA:192,0
DA:194,0
DA:195,0
DA:196,0
DA:197,0
DA:198,0
LF:58
LH:0
BRDA:38,0,0,0
BRDA:38,0,1,0
BRDA:43,1,0,0
BRDA:43,1,1,0
BRDA:61,2,0,0
BRDA:61,2,1,0
BRDA:64,3,0,0
BRDA:64,3,1,0
BRDA:67,4,0,0
BRDA:67,4,1,0
BRDA:72,5,0,0
BRDA:72,5,1,0
BRDA:79,6,0,0
BRDA:79,6,1,0
BRDA:89,7,0,0
BRDA:89,7,1,0
BRDA:96,8,0,0
BRDA:96,8,1,0
BRDA:117,9,0,0
BRDA:117,9,1,0
BRDA:138,10,0,0
BRDA:138,10,1,0
BRDA:149,11,0,0
BRDA:149,11,1,0
BRDA:169,12,0,0
BRDA:169,12,1,0
BRDA:189,13,0,0
BRDA:189,13,1,0
BRDA:194,14,0,0
BRDA:194,14,1,0
BRDA:195,15,0,0
BRDA:195,15,1,0
BRDA:196,16,0,0
BRDA:196,16,1,0
BRDA:197,17,0,0
BRDA:197,17,1,0
BRF:36
BRH:0
end_of_record
TN:
SF:src\components\AlertModal.tsx
FN:14,AlertModal
FN:17,(anonymous_1)
FN:26,(anonymous_2)
FNF:3
FNH:0
FNDA:0,AlertModal
FNDA:0,(anonymous_1)
FNDA:0,(anonymous_2)
DA:2,0
DA:3,0
DA:14,0
DA:15,0
DA:17,0
DA:18,0
DA:19,0
DA:20,0
DA:21,0
DA:22,0
DA:26,0
DA:27,0
DA:28,0
DA:29,0
DA:30,0
DA:31,0
DA:35,0
DA:78,0
LF:18
LH:0
BRDA:15,0,0,0
BRDA:15,0,1,0
BRDA:18,1,0,0
BRDA:18,1,1,0
BRDA:18,1,2,0
BRDA:18,1,3,0
BRDA:18,1,4,0
BRDA:27,2,0,0
BRDA:27,2,1,0
BRDA:27,2,2,0
BRDA:27,2,3,0
BRDA:27,2,4,0
BRDA:43,3,0,0
BRDA:43,3,1,0
BRDA:43,4,0,0
BRDA:43,4,1,0
BRDA:43,5,0,0
BRDA:43,5,1,0
BRF:18
BRH:0
end_of_record
TN:
SF:src\components\AssignmentDetailModal.tsx
FN:41,AssignmentDetailModal
FN:66,(anonymous_1)
FN:157,(anonymous_2)
FNF:3
FNH:0
FNDA:0,AssignmentDetailModal
FNDA:0,(anonymous_1)
FNDA:0,(anonymous_2)
DA:8,0
DA:9,0
DA:10,0
DA:11,0
DA:23,0
DA:30,0
DA:41,0
DA:46,0
DA:48,0
DA:49,0
DA:50,0
DA:51,0
DA:53,0
DA:158,0
DA:159,0
DA:160,0
DA:161,0
DA:163,0
LF:18
LH:0
BRDA:46,0,0,0
BRDA:46,0,1,0
BRDA:48,1,0,0
BRDA:48,1,1,0
BRDA:49,2,0,0
BRDA:49,2,1,0
BRDA:51,3,0,0
BRDA:51,3,1,0
BRDA:110,4,0,0
BRDA:110,4,1,0
BRDA:114,5,0,0
BRDA:114,5,1,0
BRDA:124,6,0,0
BRDA:124,6,1,0
BRDA:129,7,0,0
BRDA:129,7,1,0
BRDA:130,8,0,0
BRDA:130,8,1,0
BRDA:131,9,0,0
BRDA:131,9,1,0
BRDA:141,10,0,0
BRDA:141,10,1,0
BRDA:168,11,0,0
BRDA:168,11,1,0
BRDA:169,12,0,0
BRDA:169,12,1,0
BRDA:172,13,0,0
BRDA:172,13,1,0
BRDA:175,14,0,0
BRDA:175,14,1,0
BRDA:176,15,0,0
BRDA:176,15,1,0
BRDA:180,16,0,0
BRDA:180,16,1,0
BRF:34
BRH:0
end_of_record
TN:
SF:src\components\DateSelectionModal.tsx
FN:12,DateSelectionModal
FN:16,(anonymous_1)
FN:59,(anonymous_2)
FN:64,(anonymous_3)
FN:77,(anonymous_4)
FNF:5
FNH:0
FNDA:0,DateSelectionModal
FNDA:0,(anonymous_1)
FNDA:0,(anonymous_2)
FNDA:0,(anonymous_3)
FNDA:0,(anonymous_4)
DA:1,0
DA:2,0
DA:3,0
DA:4,0
DA:12,0
DA:13,0
DA:14,0
DA:16,0
DA:18,0
DA:19,0
DA:20,0
DA:21,0
DA:22,0
DA:23,0
DA:24,0
DA:25,0
DA:26,0
DA:27,0
DA:29,0
DA:30,0
DA:31,0
DA:35,0
DA:60,0
DA:61,0
DA:64,0
DA:78,0
DA:79,0
LF:27
LH:0
BRDA:30,0,0,0
BRDA:30,0,1,0
BRDA:65,1,0,0
BRDA:65,1,1,0
BRDA:67,2,0,0
BRDA:67,2,1,0
BRDA:68,3,0,0
BRDA:68,3,1,0
BRDA:69,4,0,0
BRDA:69,4,1,0
BRF:10
BRH:0
end_of_record
TN:
SF:src\components\DriverBottomNav.tsx
FN:20,DriverBottomNav
FN:24,(anonymous_1)
FN:40,(anonymous_2)
FN:47,(anonymous_3)
FNF:4
FNH:0
FNDA:0,DriverBottomNav
FNDA:0,(anonymous_1)
FNDA:0,(anonymous_2)
FNDA:0,(anonymous_3)
DA:1,0
DA:2,0
DA:3,0
DA:4,0
DA:5,0
DA:6,0
DA:12,0
DA:20,0
DA:21,0
DA:22,0
DA:24,0
DA:25,0
DA:26,0
DA:33,0
DA:34,0
DA:38,0
DA:41,0
DA:42,0
DA:44,0
DA:47,0
LF:20
LH:0
BRDA:25,0,0,0
BRDA:25,0,1,0
BRDA:25,1,0,0
BRDA:25,1,1,0
BRDA:42,2,0,0
BRDA:42,2,1,0
BRDA:42,2,2,0
BRDA:48,3,0,0
BRDA:48,3,1,0
BRDA:50,4,0,0
BRDA:50,4,1,0
BRDA:62,5,0,0
BRDA:62,5,1,0
BRDA:64,6,0,0
BRDA:64,6,1,0
BRF:15
BRH:0
end_of_record
TN:
SF:src\components\DriverDetailModal.tsx
FN:45,DriverDetailModal
FN:69,(anonymous_1)
FN:159,(anonymous_2)
FN:159,(anonymous_3)
FN:171,(anonymous_4)
FN:171,(anonymous_5)
FNF:6
FNH:0
FNDA:0,DriverDetailModal
FNDA:0,(anonymous_1)
FNDA:0,(anonymous_2)
FNDA:0,(anonymous_3)
FNDA:0,(anonymous_4)
FNDA:0,(anonymous_5)
DA:8,0
DA:9,0
DA:10,0
DA:11,0
DA:34,0
DA:45,0
DA:52,0
DA:54,0
DA:56,0
DA:159,0
DA:171,0
LF:11
LH:0
BRDA:52,0,0,0
BRDA:52,0,1,0
BRDA:54,1,0,0
BRDA:54,1,1,0
BRDA:112,2,0,0
BRDA:112,2,1,0
BRDA:157,3,0,0
BRDA:157,3,1,0
BRDA:169,4,0,0
BRDA:169,4,1,0
BRF:10
BRH:0
end_of_record
TN:
SF:src\components\EnterpriseModal.tsx
FN:19,EnterpriseModal
FN:33,(anonymous_1)
FN:42,(anonymous_2)
FNF:3
FNH:0
FNDA:0,EnterpriseModal
FNDA:0,(anonymous_1)
FNDA:0,(anonymous_2)
DA:2,0
DA:3,0
DA:4,0
DA:19,0
DA:31,0
DA:33,0
DA:34,0
DA:35,0
DA:36,0
DA:37,0
DA:38,0
DA:42,0
DA:43,0
DA:44,0
DA:45,0
DA:46,0
DA:47,0
DA:51,0
LF:18
LH:0
BRDA:23,0,0,0
BRDA:26,1,0,0
BRDA:27,2,0,0
BRDA:28,3,0,0
BRDA:31,4,0,0
BRDA:31,4,1,0
BRDA:34,5,0,0
BRDA:34,5,1,0
BRDA:34,5,2,0
BRDA:34,5,3,0
BRDA:43,6,0,0
BRDA:43,6,1,0
BRDA:43,6,2,0
BRDA:43,6,3,0
BRDA:60,7,0,0
BRDA:60,7,1,0
BRDA:71,8,0,0
BRDA:71,8,1,0
BRDA:77,9,0,0
BRDA:77,9,1,0
BRDA:77,9,2,0
BRDA:81,10,0,0
BRDA:81,10,1,0
BRDA:81,10,2,0
BRDA:85,11,0,0
BRDA:85,11,1,0
BRDA:86,12,0,0
BRDA:86,12,1,0
BRDA:92,13,0,0
BRDA:92,13,1,0
BRDA:99,14,0,0
BRDA:99,14,1,0
BRDA:112,15,0,0
BRDA:112,15,1,0
BRDA:114,16,0,0
BRDA:114,16,1,0
BRDA:115,17,0,0
BRDA:115,17,1,0
BRDA:117,18,0,0
BRDA:117,18,1,0
BRDA:127,19,0,0
BRDA:127,19,1,0
BRDA:128,20,0,0
BRDA:128,20,1,0
BRDA:129,21,0,0
BRDA:129,21,1,0
BRDA:133,22,0,0
BRDA:133,22,1,0
BRDA:134,23,0,0
BRDA:134,23,1,0
BRDA:135,24,0,0
BRDA:135,24,1,0
BRF:52
BRH:0
end_of_record
TN:
SF:src\components\ErrorBoundary.tsx
FN:21,(anonymous_0)
FN:26,(anonymous_1)
FN:30,(anonymous_2)
FN:36,(anonymous_3)
FN:40,(anonymous_4)
FNF:5
FNH:0
FNDA:0,(anonymous_0)
FNDA:0,(anonymous_1)
FNDA:0,(anonymous_2)
FNDA:0,(anonymous_3)
FNDA:0,(anonymous_4)
DA:1,0
DA:2,0
DA:3,0
DA:4,0
DA:20,0
DA:22,0
DA:23,0
DA:27,0
DA:31,0
DA:36,0
DA:37,0
DA:41,0
DA:42,0
DA:65,0
DA:69,0
LF:15
LH:0
BRDA:32,0,0,0
BRDA:32,0,1,0
BRDA:41,1,0,0
BRDA:41,1,1,0
BRDA:50,2,0,0
BRDA:50,2,1,0
BRDA:50,2,2,0
BRF:7
BRH:0
end_of_record
TN:
SF:src\components\ExportButton.tsx
FN:28,ExportButton
FN:44,(anonymous_1)
FN:72,(anonymous_2)
FN:88,(anonymous_3)
FN:92,(anonymous_4)
FN:99,(anonymous_5)
FN:110,(anonymous_6)
FN:128,(anonymous_7)
FN:154,(anonymous_8)
FN:154,(anonymous_9)
FNF:10
FNH:0
FNDA:0,ExportButton
FNDA:0,(anonymous_1)
FNDA:0,(anonymous_2)
FNDA:0,(anonymous_3)
FNDA:0,(anonymous_4)
FNDA:0,(anonymous_5)
FNDA:0,(anonymous_6)
FNDA:0,(anonymous_7)
FNDA:0,(anonymous_8)
FNDA:0,(anonymous_9)
DA:6,0
DA:7,0
DA:8,0
DA:9,0
DA:10,0
DA:11,0
DA:28,0
DA:34,0
DA:35,0
DA:36,0
DA:44,0
DA:45,0
DA:46,0
DA:48,0
DA:49,0
DA:50,0
DA:52,0
DA:56,0
DA:57,0
DA:64,0
DA:68,0
DA:72,0
DA:88,0
DA:92,0
DA:99,0
DA:110,0
DA:128,0
DA:154,0
LF:28
LH:0
BRDA:49,0,0,0
BRDA:49,0,1,0
BRDA:56,1,0,0
BRDA:56,1,1,0
BRDA:73,2,0,0
BRDA:73,2,1,0
BRDA:75,3,0,0
BRDA:75,3,1,0
BRDA:78,4,0,0
BRDA:78,4,1,0
BRF:10
BRH:0
end_of_record
TN:
SF:src\components\FloatingActionButton.tsx
FN:11,FloatingActionButton
FNF:1
FNH:0
FNDA:0,FloatingActionButton
DA:2,0
DA:3,0
DA:4,0
DA:11,0
DA:12,0
LF:5
LH:0
BRDA:31,0,0,0
BRDA:31,0,1,0
BRF:2
BRH:0
end_of_record
TN:
SF:src\components\ImportPreviewTable.tsx
FN:15,(anonymous_0)
FN:35,(anonymous_1)
FN:46,(anonymous_2)
FN:60,(anonymous_3)
FN:72,(anonymous_4)
FN:87,(anonymous_5)
FN:97,(anonymous_6)
FN:107,(anonymous_7)
FN:118,(anonymous_8)
FN:125,(anonymous_9)
FN:135,ImportPreviewTable
FN:146,(anonymous_11)
FN:169,(anonymous_12)
FN:170,(anonymous_13)
FNF:14
FNH:0
FNDA:0,(anonymous_0)
FNDA:0,(anonymous_1)
FNDA:0,(anonymous_2)
FNDA:0,(anonymous_3)
FNDA:0,(anonymous_4)
FNDA:0,(anonymous_5)
FNDA:0,(anonymous_6)
FNDA:0,(anonymous_7)
FNDA:0,(anonymous_8)
FNDA:0,(anonymous_9)
FNDA:0,ImportPreviewTable
FNDA:0,(anonymous_11)
FNDA:0,(anonymous_12)
FNDA:0,(anonymous_13)
DA:1,0
DA:2,0
DA:3,0
DA:5,0
DA:15,0
DA:16,0
DA:35,0
DA:46,0
DA:60,0
DA:74,0
DA:75,0
DA:76,0
DA:87,0
DA:97,0
DA:107,0
DA:118,0
DA:125,0
DA:135,0
DA:136,0
DA:137,0
DA:146,0
DA:147,0
DA:163,0
DA:169,0
DA:171,0
DA:172,0
LF:26
LH:0
BRDA:20,0,0,0
BRDA:20,0,1,0
BRDA:30,1,0,0
BRDA:30,1,1,0
BRDA:33,2,0,0
BRDA:33,2,1,0
BRDA:33,3,0,0
BRDA:33,3,1,0
BRDA:33,4,0,0
BRDA:33,4,1,0
BRDA:33,5,0,0
BRDA:33,5,1,0
BRDA:41,6,0,0
BRDA:41,6,1,0
BRDA:44,7,0,0
BRDA:44,7,1,0
BRDA:44,8,0,0
BRDA:44,8,1,0
BRDA:48,9,0,0
BRDA:48,9,1,0
BRDA:69,10,0,0
BRDA:69,10,1,0
BRDA:75,11,0,0
BRDA:75,11,1,0
BRDA:76,12,0,0
BRDA:76,12,1,0
BRDA:94,13,0,0
BRDA:94,13,1,0
BRDA:115,14,0,0
BRDA:115,14,1,0
BRDA:127,15,0,0
BRDA:127,15,1,0
BRDA:136,16,0,0
BRDA:136,16,1,0
BRF:34
BRH:0
end_of_record
TN:
SF:src\components\NotificationCenter.tsx
FN:45,NotificationCenter
FN:54,(anonymous_1)
FN:60,(anonymous_2)
FN:61,(anonymous_3)
FN:64,(anonymous_4)
FN:85,(anonymous_5)
FN:95,(anonymous_6)
FN:100,(anonymous_7)
FN:108,(anonymous_8)
FN:108,(anonymous_9)
FN:145,(anonymous_10)
FN:146,(anonymous_11)
FN:152,(anonymous_12)
FN:159,(anonymous_13)
FN:159,(anonymous_14)
FN:171,(anonymous_15)
FN:182,(anonymous_16)
FN:195,(anonymous_17)
FN:224,getRelativeTime
FNF:19
FNH:0
FNDA:0,NotificationCenter
FNDA:0,(anonymous_1)
FNDA:0,(anonymous_2)
FNDA:0,(anonymous_3)
FNDA:0,(anonymous_4)
FNDA:0,(anonymous_5)
FNDA:0,(anonymous_6)
FNDA:0,(anonymous_7)
FNDA:0,(anonymous_8)
FNDA:0,(anonymous_9)
FNDA:0,(anonymous_10)
FNDA:0,(anonymous_11)
FNDA:0,(anonymous_12)
FNDA:0,(anonymous_13)
FNDA:0,(anonymous_14)
FNDA:0,(anonymous_15)
FNDA:0,(anonymous_16)
FNDA:0,(anonymous_17)
FNDA:0,getRelativeTime
DA:7,0
DA:8,0
DA:9,0
DA:10,0
DA:11,0
DA:12,0
DA:13,0
DA:26,0
DA:45,0
DA:46,0
DA:47,0
DA:48,0
DA:54,0
DA:55,0
DA:56,0
DA:57,0
DA:58,0
DA:59,0
DA:60,0
DA:61,0
DA:64,0
DA:77,0
DA:79,0
DA:81,0
DA:85,0
DA:86,0
DA:89,0
DA:95,0
DA:96,0
DA:97,0
DA:98,0
DA:100,0
DA:101,0
DA:102,0
DA:104,0
DA:108,0
DA:110,0
DA:114,0
DA:145,0
DA:146,0
DA:147,0
DA:149,0
DA:151,0
DA:153,0
DA:159,0
DA:161,0
DA:165,0
DA:171,0
DA:182,0
DA:195,0
DA:225,0
DA:226,0
DA:227,0
DA:228,0
DA:229,0
DA:231,0
DA:232,0
DA:233,0
DA:234,0
DA:235,0
LF:60
LH:0
BRDA:55,0,0,0
BRDA:55,0,1,0
BRDA:66,1,0,0
BRDA:66,1,1,0
BRDA:68,2,0,0
BRDA:68,2,1,0
BRDA:71,3,0,0
BRDA:71,3,1,0
BRDA:71,4,0,0
BRDA:71,4,1,0
BRDA:71,4,2,0
BRDA:71,5,0,0
BRDA:71,5,1,0
BRDA:72,6,0,0
BRDA:72,6,1,0
BRDA:72,7,0,0
BRDA:72,7,1,0
BRDA:74,8,0,0
BRDA:74,8,1,0
BRDA:86,9,0,0
BRDA:86,9,1,0
BRDA:89,10,0,0
BRDA:89,10,1,0
BRDA:101,11,0,0
BRDA:101,11,1,0
BRDA:108,12,0,0
BRDA:108,12,1,0
BRDA:118,13,0,0
BRDA:118,13,1,0
BRDA:125,14,0,0
BRDA:125,14,1,0
BRDA:147,15,0,0
BRDA:147,15,1,0
BRDA:171,16,0,0
BRDA:171,16,1,0
BRDA:182,17,0,0
BRDA:182,17,1,0
BRDA:202,18,0,0
BRDA:202,18,1,0
BRDA:231,19,0,0
BRDA:231,19,1,0
BRDA:232,20,0,0
BRDA:232,20,1,0
BRDA:233,21,0,0
BRDA:233,21,1,0
BRDA:234,22,0,0
BRDA:234,22,1,0
BRF:47
BRH:0
end_of_record
TN:
SF:src\components\OTAUpdater.tsx
FN:18,OTAUpdater
FN:25,(anonymous_10)
FN:30,checkUpdates
FN:40,(anonymous_12)
FN:41,(anonymous_13)
FN:59,(anonymous_14)
FN:71,(anonymous_15)
FN:80,(anonymous_16)
FN:88,(anonymous_17)
FNF:9
FNH:0
FNDA:0,OTAUpdater
FNDA:0,(anonymous_10)
FNDA:0,checkUpdates
FNDA:0,(anonymous_12)
FNDA:0,(anonymous_13)
FNDA:0,(anonymous_14)
FNDA:0,(anonymous_15)
FNDA:0,(anonymous_16)
FNDA:0,(anonymous_17)
DA:1,0
DA:2,0
DA:3,0
DA:4,0
DA:5,0
DA:18,0
DA:19,0
DA:20,0
DA:21,0
DA:23,0
DA:25,0
DA:31,0
DA:33,0
DA:36,0
DA:39,0
DA:40,0
DA:41,0
DA:44,0
DA:46,0
DA:47,0
DA:51,0
DA:56,0
DA:59,0
DA:60,0
DA:64,0
DA:65,0
DA:68,0
DA:71,0
DA:72,0
DA:80,0
DA:81,0
DA:82,0
DA:83,0
DA:84,0
DA:85,0
DA:88,0
DA:89,0
DA:92,0
DA:93,0
DA:94,0
DA:99,0
DA:101,0
LF:42
LH:0
BRDA:33,0,0,0
BRDA:33,0,1,0
BRDA:36,1,0,0
BRDA:36,1,1,0
BRDA:46,2,0,0
BRDA:46,2,1,0
BRDA:51,3,0,0
BRDA:51,3,1,0
BRDA:60,4,0,0
BRDA:60,4,1,0
BRDA:61,5,0,0
BRDA:61,5,1,0
BRDA:64,6,0,0
BRDA:64,6,1,0
BRDA:64,7,0,0
BRDA:64,7,1,0
BRDA:99,8,0,0
BRDA:99,8,1,0
BRDA:125,9,0,0
BRDA:125,9,1,0
BRDA:125,9,2,0
BRDA:194,10,0,0
BRDA:194,10,1,0
BRDA:223,11,0,0
BRDA:223,11,1,0
BRF:25
BRH:0
end_of_record
TN:
SF:src\components\OfflineBanner.tsx
FN:11,OfflineBanner
FN:17,(anonymous_1)
FNF:2
FNH:0
FNDA:0,OfflineBanner
FNDA:0,(anonymous_1)
DA:1,0
DA:2,0
DA:3,0
DA:4,0
DA:11,0
DA:12,0
DA:13,0
DA:15,0
DA:17,0
DA:18,0
DA:25,0
DA:34,0
LF:12
LH:0
BRDA:15,0,0,0
BRDA:15,0,1,0
BRDA:19,1,0,0
BRDA:19,1,1,0
BRF:4
BRH:0
end_of_record
TN:
SF:src\components\dashboard\AssignmentComponents.tsx
FN:46,RecentAssignmentsList
FN:91,(anonymous_1)
FN:94,(anonymous_2)
FN:140,AssignmentDetailModal
FN:194,(anonymous_4)
FN:201,(anonymous_5)
FNF:6
FNH:0
FNDA:0,RecentAssignmentsList
FNDA:0,(anonymous_1)
FNDA:0,(anonymous_2)
FNDA:0,AssignmentDetailModal
FNDA:0,(anonymous_4)
FNDA:0,(anonymous_5)
DA:2,0
DA:3,0
DA:6,0
DA:8,0
DA:46,0
DA:49,0
DA:92,0
DA:94,0
DA:140,0
DA:143,0
DA:145,0
DA:194,0
DA:201,0
LF:13
LH:0
BRDA:55,0,0,0
BRDA:55,0,1,0
BRDA:86,1,0,0
BRDA:86,1,1,0
BRDA:99,2,0,0
BRDA:99,2,1,0
BRDA:104,3,0,0
BRDA:104,3,1,0
BRDA:106,4,0,0
BRDA:106,4,1,0
BRDA:114,5,0,0
BRDA:114,5,1,0
BRDA:114,6,0,0
BRDA:114,6,1,0
BRDA:114,7,0,0
BRDA:114,7,1,0
BRDA:121,8,0,0
BRDA:121,8,1,0
BRDA:121,9,0,0
BRDA:121,9,1,0
BRDA:125,10,0,0
BRDA:125,10,1,0
BRDA:93,11,0,0
BRDA:93,11,1,0
BRDA:143,12,0,0
BRDA:143,12,1,0
BRDA:168,13,0,0
BRDA:168,13,1,0
BRDA:181,14,0,0
BRDA:181,14,1,0
BRF:30
BRH:0
end_of_record
TN:
SF:src\components\dashboard\CityPickerModal.tsx
FN:29,CityPickerModal
FN:38,(anonymous_2)
FN:58,(anonymous_3)
FN:59,(anonymous_4)
FN:61,(anonymous_5)
FN:78,(anonymous_6)
FN:100,(anonymous_7)
FN:100,(anonymous_8)
FNF:8
FNH:0
FNDA:0,CityPickerModal
FNDA:0,(anonymous_2)
FNDA:0,(anonymous_3)
FNDA:0,(anonymous_4)
FNDA:0,(anonymous_5)
FNDA:0,(anonymous_6)
FNDA:0,(anonymous_7)
FNDA:0,(anonymous_8)
DA:1,0
DA:2,0
DA:3,0
DA:4,0
DA:29,0
DA:32,0
DA:33,0
DA:34,0
DA:35,0
DA:38,0
DA:39,0
DA:40,0
DA:43,0
DA:58,0
DA:60,0
DA:61,0
DA:78,0
DA:100,0
LF:18
LH:0
BRDA:62,0,0,0
BRDA:62,0,1,0
BRDA:65,1,0,0
BRDA:65,1,1,0
BRDA:66,2,0,0
BRDA:66,2,1,0
BRDA:68,3,0,0
BRDA:68,3,1,0
BRDA:77,4,0,0
BRDA:77,4,1,0
BRDA:102,5,0,0
BRDA:102,5,1,0
BRDA:104,6,0,0
BRDA:104,6,1,0
BRF:14
BRH:0
end_of_record
TN:
SF:src\components\dashboard\DashboardActionModal.tsx
FN:22,DashboardActionModal
FN:24,(anonymous_1)
FN:34,(anonymous_2)
FN:45,(anonymous_3)
FN:55,(anonymous_4)
FN:91,(anonymous_5)
FNF:6
FNH:0
FNDA:0,DashboardActionModal
FNDA:0,(anonymous_1)
FNDA:0,(anonymous_2)
FNDA:0,(anonymous_3)
FNDA:0,(anonymous_4)
FNDA:0,(anonymous_5)
DA:2,0
DA:3,0
DA:4,0
DA:22,0
DA:24,0
DA:25,0
DA:26,0
DA:27,0
DA:28,0
DA:29,0
DA:34,0
DA:35,0
DA:36,0
DA:37,0
DA:38,0
DA:39,0
DA:40,0
DA:45,0
DA:46,0
DA:47,0
DA:48,0
DA:49,0
DA:50,0
DA:55,0
DA:56,0
DA:57,0
DA:58,0
DA:59,0
DA:60,0
DA:64,0
DA:92,0
DA:93,0
LF:32
LH:0
BRDA:25,0,0,0
BRDA:25,0,1,0
BRDA:25,0,2,0
BRDA:25,0,3,0
BRDA:35,1,0,0
BRDA:35,1,1,0
BRDA:35,1,2,0
BRDA:35,1,3,0
BRDA:35,1,4,0
BRDA:46,2,0,0
BRDA:46,2,1,0
BRDA:46,2,2,0
BRDA:46,2,3,0
BRDA:56,3,0,0
BRDA:56,3,1,0
BRDA:56,3,2,0
BRDA:56,3,3,0
BRDA:81,4,0,0
BRDA:81,4,1,0
BRDA:92,5,0,0
BRDA:92,5,1,0
BRDA:97,6,0,0
BRDA:97,6,1,0
BRF:23
BRH:0
end_of_record
TN:
SF:src\components\dashboard\DriverPickerModal.tsx
FN:31,DriverPickerModal
FN:78,(anonymous_1)
FN:80,(anonymous_2)
FN:85,(anonymous_3)
FNF:4
FNH:0
FNDA:0,DriverPickerModal
FNDA:0,(anonymous_1)
FNDA:0,(anonymous_2)
FNDA:0,(anonymous_3)
DA:2,0
DA:3,0
DA:4,0
DA:31,0
DA:35,0
DA:78,0
DA:81,0
DA:82,0
DA:83,0
DA:85,0
LF:10
LH:0
BRDA:51,0,0,0
BRDA:51,0,1,0
BRDA:61,1,0,0
BRDA:61,1,1,0
BRDA:65,2,0,0
BRDA:65,2,1,0
BRDA:78,3,0,0
BRDA:78,3,1,0
BRDA:81,4,0,0
BRDA:81,4,1,0
BRDA:86,5,0,0
BRDA:86,5,1,0
BRDA:88,6,0,0
BRDA:88,6,1,0
BRDA:89,7,0,0
BRDA:89,7,1,0
BRDA:92,8,0,0
BRDA:92,8,1,0
BRDA:93,9,0,0
BRDA:93,9,1,0
BRDA:98,10,0,0
BRDA:98,10,1,0
BRDA:110,11,0,0
BRDA:110,11,1,0
BRF:24
BRH:0
end_of_record
TN:
SF:src\components\dashboard\EditorComponents.tsx
FN:15,EditorCard
FN:83,(anonymous_1)
FN:107,EditorFormModal
FNF:3
FNH:0
FNDA:0,EditorCard
FNDA:0,(anonymous_1)
FNDA:0,EditorFormModal
DA:2,0
DA:3,0
DA:4,0
DA:6,0
DA:7,0
DA:15,0
DA:16,0
DA:83,0
DA:107,0
DA:108,0
DA:110,0
LF:11
LH:0
BRDA:22,0,0,0
BRDA:22,0,1,0
BRDA:22,1,0,0
BRDA:22,1,1,0
BRDA:44,2,0,0
BRDA:44,2,1,0
BRDA:47,3,0,0
BRDA:47,3,1,0
BRDA:70,4,0,0
BRDA:70,4,1,0
BRDA:108,5,0,0
BRDA:108,5,1,0
BRDA:108,6,0,0
BRDA:108,6,1,0
BRF:14
BRH:0
end_of_record
TN:
SF:src\components\dashboard\WindowCreatorModal.tsx
FN:16,WindowCreatorModal
FN:23,(anonymous_1)
FN:34,(anonymous_2)
FN:43,(anonymous_3)
FN:47,(anonymous_4)
FN:57,(anonymous_5)
FN:67,(anonymous_6)
FN:72,(anonymous_7)
FN:82,(anonymous_8)
FN:112,(anonymous_9)
FN:133,(anonymous_10)
FN:156,(anonymous_11)
FN:165,(anonymous_12)
FN:176,(anonymous_13)
FNF:14
FNH:0
FNDA:0,WindowCreatorModal
FNDA:0,(anonymous_1)
FNDA:0,(anonymous_2)
FNDA:0,(anonymous_3)
FNDA:0,(anonymous_4)
FNDA:0,(anonymous_5)
FNDA:0,(anonymous_6)
FNDA:0,(anonymous_7)
FNDA:0,(anonymous_8)
FNDA:0,(anonymous_9)
FNDA:0,(anonymous_10)
FNDA:0,(anonymous_11)
FNDA:0,(anonymous_12)
FNDA:0,(anonymous_13)
DA:1,0
DA:2,0
DA:3,0
DA:5,0
DA:6,0
DA:7,0
DA:8,0
DA:16,0
DA:17,0
DA:18,0
DA:19,0
DA:20,0
DA:21,0
DA:23,0
DA:24,0
DA:26,0
DA:27,0
DA:30,0
DA:34,0
DA:35,0
DA:36,0
DA:37,0
DA:39,0
DA:43,0
DA:44,0
DA:47,0
DA:48,0
DA:57,0
DA:58,0
DA:59,0
DA:67,0
DA:68,0
DA:69,0
DA:72,0
DA:73,0
DA:74,0
DA:75,0
DA:76,0
DA:78,0
DA:79,0
DA:82,0
DA:83,0
DA:89,0
DA:90,0
DA:94,0
DA:95,0
DA:97,0
DA:102,0
DA:106,0
DA:108,0
DA:112,0
DA:131,0
DA:132,0
DA:133,0
DA:134,0
DA:135,0
DA:137,0
DA:138,0
DA:141,0
DA:143,0
DA:144,0
DA:146,0
DA:149,0
DA:151,0
DA:156,0
DA:165,0
DA:176,0
DA:177,0
DA:180,0
DA:183,0
DA:184,0
DA:185,0
DA:186,0
DA:188,0
DA:190,0
DA:192,0
DA:194,0
DA:195,0
DA:196,0
DA:197,0
DA:201,0
DA:210,0
DA:211,0
DA:216,0
DA:219,0
DA:220,0
DA:222,0
DA:223,0
DA:225,0
DA:229,0
LF:90
LH:0
BRDA:24,0,0,0
BRDA:24,0,1,0
BRDA:59,1,0,0
BRDA:59,1,1,0
BRDA:97,2,0,0
BRDA:97,2,1,0
BRDA:97,2,2,0
BRDA:102,3,0,0
BRDA:102,3,1,0
BRDA:102,3,2,0
BRDA:113,4,0,0
BRDA:113,4,1,0
BRDA:115,5,0,0
BRDA:115,5,1,0
BRDA:117,6,0,0
BRDA:117,6,1,0
BRDA:122,7,0,0
BRDA:122,7,1,0
BRDA:122,8,0,0
BRDA:122,8,1,0
BRDA:134,9,0,0
BRDA:134,9,1,0
BRDA:137,10,0,0
BRDA:137,10,1,0
BRDA:141,11,0,0
BRDA:141,11,1,0
BRDA:177,12,0,0
BRDA:177,12,1,0
BRDA:194,13,0,0
BRDA:194,13,1,0
BRDA:194,14,0,0
BRDA:194,14,1,0
BRDA:233,15,0,0
BRDA:233,15,1,0
BRDA:307,16,0,0
BRDA:307,16,1,0
BRDA:316,17,0,0
BRDA:316,17,1,0
BRF:38
BRH:0
end_of_record
TN:
SF:src\components\ui\Button.tsx
FN:17,(anonymous_0)
FN:29,(anonymous_1)
FN:44,(anonymous_2)
FN:57,(anonymous_3)
FNF:4
FNH:0
FNDA:0,(anonymous_0)
FNDA:0,(anonymous_1)
FNDA:0,(anonymous_2)
FNDA:0,(anonymous_3)
DA:2,0
DA:3,0
DA:17,0
DA:29,0
DA:30,0
DA:32,0
DA:34,0
DA:36,0
DA:39,0
DA:44,0
DA:45,0
DA:47,0
DA:49,0
DA:52,0
DA:57,0
DA:58,0
DA:61,0
DA:63,0
DA:66,0
DA:70,0
DA:72,0
LF:21
LH:0
BRDA:18,0,0,0
BRDA:19,1,0,0
BRDA:21,2,0,0
BRDA:24,3,0,0
BRDA:30,4,0,0
BRDA:30,4,1,0
BRDA:30,4,2,0
BRDA:30,4,3,0
BRDA:30,4,4,0
BRDA:45,5,0,0
BRDA:45,5,1,0
BRDA:45,5,2,0
BRDA:45,5,3,0
BRDA:58,6,0,0
BRDA:58,6,1,0
BRDA:58,6,2,0
BRDA:58,6,3,0
BRDA:58,6,4,0
BRDA:70,7,0,0
BRDA:70,7,1,0
BRDA:80,8,0,0
BRDA:80,8,1,0
BRDA:86,9,0,0
BRDA:86,9,1,0
BRDA:88,10,0,0
BRDA:88,10,1,0
BRDA:93,11,0,0
BRDA:93,11,1,0
BRF:28
BRH:0
end_of_record
TN:
SF:src\components\ui\DriverAvatar.tsx
FN:21,DriverAvatar
FNF:1
FNH:0
FNDA:0,DriverAvatar
DA:2,0
DA:3,0
DA:21,0
DA:26,0
DA:27,0
DA:29,0
LF:6
LH:0
BRDA:23,0,0,0
BRDA:24,1,0,0
BRDA:26,2,0,0
BRDA:26,2,1,0
BRDA:26,2,2,0
BRDA:36,3,0,0
BRDA:36,3,1,0
BRDA:39,4,0,0
BRDA:39,4,1,0
BRDA:40,5,0,0
BRDA:40,5,1,0
BRDA:43,6,0,0
BRDA:43,6,1,0
BRF:13
BRH:0
end_of_record
TN:
SF:src\components\ui\Input.tsx
FN:19,(anonymous_0)
FN:39,(anonymous_1)
FN:43,(anonymous_2)
FNF:3
FNH:0
FNDA:0,(anonymous_0)
FNDA:0,(anonymous_1)
FNDA:0,(anonymous_2)
DA:1,0
DA:2,0
DA:3,0
DA:18,0
DA:20,0
DA:22,0
DA:40,0
DA:41,0
DA:44,0
DA:45,0
DA:80,0
LF:11
LH:0
BRDA:19,0,0,0
BRDA:19,1,0,0
BRDA:24,2,0,0
BRDA:24,2,1,0
BRDA:31,3,0,0
BRDA:31,3,1,0
BRDA:50,4,0,0
BRDA:50,4,1,0
BRDA:51,5,0,0
BRDA:51,5,1,0
BRDA:52,6,0,0
BRDA:52,6,1,0
BRDA:52,7,0,0
BRDA:52,7,1,0
BRDA:59,8,0,0
BRDA:59,8,1,0
BRDA:62,9,0,0
BRDA:62,9,1,0
BRDA:70,10,0,0
BRDA:70,10,1,0
BRF:20
BRH:0
end_of_record
TN:
SF:src\components\ui\Skeleton.tsx
FN:17,Skeleton
FN:20,(anonymous_1)
FN:28,(anonymous_2)
FN:51,SkeletonCard
FN:68,SkeletonKPI
FN:81,SkeletonList
FN:84,(anonymous_6)
FNF:7
FNH:0
FNDA:0,Skeleton
FNDA:0,(anonymous_1)
FNDA:0,(anonymous_2)
FNDA:0,SkeletonCard
FNDA:0,SkeletonKPI
FNDA:0,SkeletonList
FNDA:0,(anonymous_6)
DA:1,0
DA:2,0
DA:3,0
DA:17,0
DA:18,0
DA:20,0
DA:21,0
DA:27,0
DA:28,0
DA:31,0
DA:51,0
DA:52,0
DA:68,0
DA:69,0
DA:81,0
DA:82,0
DA:85,0
DA:91,0
LF:18
LH:0
BRDA:17,0,0,0
BRDA:81,1,0,0
BRF:2
BRH:0
end_of_record
TN:
SF:src\constants\theme.ts
FNF:0
FNH:0
DA:6,0
LF:1
LH:0
BRF:0
BRH:0
end_of_record
TN:
SF:src\hooks\useActionModal.ts
FN:30,(anonymous_0)
FN:46,useActionModal
FN:58,(anonymous_2)
FN:69,(anonymous_3)
FN:69,(anonymous_4)
FN:76,(anonymous_5)
FN:77,(anonymous_6)
FNF:7
FNH:0
FNDA:0,(anonymous_0)
FNDA:0,useActionModal
FNDA:0,(anonymous_2)
FNDA:0,(anonymous_3)
FNDA:0,(anonymous_4)
FNDA:0,(anonymous_5)
FNDA:0,(anonymous_6)
DA:1,0
DA:25,0
DA:46,0
DA:47,0
DA:58,0
DA:64,0
DA:69,0
DA:76,0
DA:77,0
DA:80,0
LF:10
LH:0
BRDA:61,0,0,0
BRDA:69,1,0,0
BRDA:69,1,1,0
BRF:3
BRH:0
end_of_record
TN:
SF:src\hooks\useAssignmentActions.ts
FN:44,useAssignmentActions
FN:60,(anonymous_10)
FN:84,(anonymous_11)
FN:92,(anonymous_12)
FN:103,(anonymous_13)
FN:136,(anonymous_14)
FN:193,(anonymous_15)
FN:198,(anonymous_16)
FN:223,(anonymous_17)
FN:260,(anonymous_18)
FN:266,(anonymous_19)
FN:276,(anonymous_20)
FN:284,(anonymous_21)
FN:299,(anonymous_22)
FN:306,(anonymous_23)
FNF:15
FNH:0
FNDA:0,useAssignmentActions
FNDA:0,(anonymous_10)
FNDA:0,(anonymous_11)
FNDA:0,(anonymous_12)
FNDA:0,(anonymous_13)
FNDA:0,(anonymous_14)
FNDA:0,(anonymous_15)
FNDA:0,(anonymous_16)
FNDA:0,(anonymous_17)
FNDA:0,(anonymous_18)
FNDA:0,(anonymous_19)
FNDA:0,(anonymous_20)
FNDA:0,(anonymous_21)
FNDA:0,(anonymous_22)
FNDA:0,(anonymous_23)
DA:1,0
DA:2,0
DA:3,0
DA:7,0
DA:9,0
DA:10,0
DA:12,0
DA:13,0
DA:14,0
DA:15,0
DA:44,0
DA:49,0
DA:50,0
DA:60,0
DA:65,0
DA:67,0
DA:68,0
DA:69,0
DA:71,0
DA:72,0
DA:73,0
DA:75,0
DA:76,0
DA:77,0
DA:81,0
DA:82,0
DA:84,0
DA:85,0
DA:86,0
DA:87,0
DA:89,0
DA:90,0
DA:91,0
DA:92,0
DA:95,0
DA:96,0
DA:97,0
DA:98,0
DA:103,0
DA:104,0
DA:105,0
DA:124,0
DA:127,0
DA:128,0
DA:129,0
DA:131,0
DA:132,0
DA:134,0
DA:135,0
DA:136,0
DA:140,0
DA:143,0
DA:144,0
DA:147,0
DA:148,0
DA:150,0
DA:151,0
DA:154,0
DA:158,0
DA:159,0
DA:162,0
DA:163,0
DA:166,0
DA:168,0
DA:171,0
DA:172,0
DA:173,0
DA:175,0
DA:176,0
DA:178,0
DA:182,0
DA:193,0
DA:198,0
DA:199,0
DA:200,0
DA:201,0
DA:202,0
DA:203,0
DA:205,0
DA:207,0
DA:208,0
DA:209,0
DA:210,0
DA:212,0
DA:213,0
DA:215,0
DA:223,0
DA:230,0
DA:231,0
DA:232,0
DA:238,0
DA:239,0
DA:240,0
DA:242,0
DA:245,0
DA:246,0
DA:247,0
DA:248,0
DA:250,0
DA:251,0
DA:253,0
DA:260,0
DA:261,0
DA:262,0
DA:263,0
DA:264,0
DA:266,0
DA:267,0
DA:269,0
DA:276,0
DA:277,0
DA:278,0
DA:279,0
DA:280,0
DA:281,0
DA:283,0
DA:284,0
DA:285,0
DA:287,0
DA:288,0
DA:289,0
DA:291,0
DA:292,0
DA:299,0
DA:300,0
DA:301,0
DA:302,0
DA:303,0
DA:304,0
DA:306,0
DA:307,0
DA:308,0
DA:309,0
DA:310,0
DA:311,0
DA:312,0
DA:313,0
DA:315,0
DA:316,0
DA:320,0
LF:140
LH:0
BRDA:67,0,0,0
BRDA:67,0,1,0
BRDA:71,1,0,0
BRDA:71,1,1,0
BRDA:75,2,0,0
BRDA:75,2,1,0
BRDA:90,3,0,0
BRDA:90,3,1,0
BRDA:92,4,0,0
BRDA:92,4,1,0
BRDA:95,5,0,0
BRDA:95,5,1,0
BRDA:103,6,0,0
BRDA:104,7,0,0
BRDA:104,7,1,0
BRDA:113,8,0,0
BRDA:113,8,1,0
BRDA:113,9,0,0
BRDA:113,9,1,0
BRDA:120,10,0,0
BRDA:120,10,1,0
BRDA:135,11,0,0
BRDA:135,11,1,0
BRDA:140,12,0,0
BRDA:140,12,1,0
BRDA:144,13,0,0
BRDA:144,13,1,0
BRDA:162,14,0,0
BRDA:162,14,1,0
BRDA:163,15,0,0
BRDA:163,15,1,0
BRDA:175,16,0,0
BRDA:175,16,1,0
BRDA:212,17,0,0
BRDA:212,17,1,0
BRDA:250,18,0,0
BRDA:250,18,1,0
BRDA:264,19,0,0
BRDA:264,19,1,0
BRDA:267,20,0,0
BRDA:267,20,1,0
BRDA:279,21,0,0
BRDA:279,21,1,0
BRDA:285,22,0,0
BRDA:285,22,1,0
BRDA:285,23,0,0
BRDA:285,23,1,0
BRDA:285,24,0,0
BRDA:285,24,1,0
BRDA:285,25,0,0
BRDA:285,25,1,0
BRDA:291,26,0,0
BRDA:291,26,1,0
BRDA:302,27,0,0
BRDA:302,27,1,0
BRDA:306,28,0,0
BRDA:306,28,1,0
BRDA:315,29,0,0
BRDA:315,29,1,0
BRF:59
BRH:0
end_of_record
TN:
SF:src\hooks\useDashboardData.ts
FN:32,useDashboardData
FN:57,(anonymous_1)
FN:57,(anonymous_2)
FN:65,(anonymous_3)
FN:67,(anonymous_4)
FN:76,(anonymous_5)
FN:76,(anonymous_6)
FN:80,(anonymous_7)
FN:83,(anonymous_8)
FN:88,(anonymous_9)
FN:91,(anonymous_10)
FN:101,(anonymous_11)
FN:107,(anonymous_12)
FN:109,(anonymous_13)
FN:117,(anonymous_14)
FN:121,(anonymous_15)
FN:128,(anonymous_16)
FN:139,(anonymous_17)
FN:153,(anonymous_18)
FN:165,(anonymous_19)
FN:173,(anonymous_20)
FN:178,(anonymous_21)
FN:201,(anonymous_22)
FN:208,(anonymous_23)
FN:214,(anonymous_24)
FN:231,(anonymous_25)
FN:238,(anonymous_26)
FN:258,(anonymous_27)
FNF:28
FNH:0
FNDA:0,useDashboardData
FNDA:0,(anonymous_1)
FNDA:0,(anonymous_2)
FNDA:0,(anonymous_3)
FNDA:0,(anonymous_4)
FNDA:0,(anonymous_5)
FNDA:0,(anonymous_6)
FNDA:0,(anonymous_7)
FNDA:0,(anonymous_8)
FNDA:0,(anonymous_9)
FNDA:0,(anonymous_10)
FNDA:0,(anonymous_11)
FNDA:0,(anonymous_12)
FNDA:0,(anonymous_13)
FNDA:0,(anonymous_14)
FNDA:0,(anonymous_15)
FNDA:0,(anonymous_16)
FNDA:0,(anonymous_17)
FNDA:0,(anonymous_18)
FNDA:0,(anonymous_19)
FNDA:0,(anonymous_20)
FNDA:0,(anonymous_21)
FNDA:0,(anonymous_22)
FNDA:0,(anonymous_23)
FNDA:0,(anonymous_24)
FNDA:0,(anonymous_25)
FNDA:0,(anonymous_26)
FNDA:0,(anonymous_27)
DA:1,0
DA:2,0
DA:3,0
DA:4,0
DA:9,0
DA:10,0
DA:11,0
DA:14,0
DA:20,0
DA:32,0
DA:36,0
DA:39,0
DA:43,0
DA:48,0
DA:53,0
DA:56,0
DA:57,0
DA:62,0
DA:65,0
DA:66,0
DA:67,0
DA:68,0
DA:70,0
DA:75,0
DA:76,0
DA:80,0
DA:81,0
DA:82,0
DA:83,0
DA:88,0
DA:89,0
DA:91,0
DA:94,0
DA:95,0
DA:97,0
DA:101,0
DA:102,0
DA:107,0
DA:108,0
DA:109,0
DA:110,0
DA:117,0
DA:118,0
DA:121,0
DA:122,0
DA:128,0
DA:129,0
DA:135,0
DA:140,0
DA:141,0
DA:153,0
DA:156,0
DA:157,0
DA:158,0
DA:161,0
DA:166,0
DA:167,0
DA:168,0
DA:169,0
DA:171,0
DA:172,0
DA:173,0
DA:174,0
DA:177,0
DA:178,0
DA:183,0
DA:184,0
DA:186,0
DA:187,0
DA:189,0
DA:201,0
DA:204,0
DA:209,0
DA:210,0
DA:212,0
DA:213,0
DA:214,0
DA:215,0
DA:216,0
DA:217,0
DA:220,0
DA:221,0
DA:222,0
DA:225,0
DA:226,0
DA:228,0
DA:229,0
DA:230,0
DA:232,0
DA:233,0
DA:237,0
DA:238,0
DA:243,0
DA:244,0
DA:246,0
DA:247,0
DA:249,0
DA:258,0
DA:264,0
DA:265,0
DA:266,0
DA:268,0
DA:269,0
DA:270,0
DA:277,0
DA:278,0
DA:279,0
DA:281,0
DA:282,0
DA:284,0
DA:288,0
LF:111
LH:0
BRDA:43,0,0,0
BRDA:48,1,0,0
BRDA:53,2,0,0
BRDA:66,3,0,0
BRDA:66,3,1,0
BRDA:66,4,0,0
BRDA:66,4,1,0
BRDA:68,5,0,0
BRDA:68,5,1,0
BRDA:70,6,0,0
BRDA:70,6,1,0
BRDA:83,7,0,0
BRDA:83,7,1,0
BRDA:94,8,0,0
BRDA:94,8,1,0
BRDA:95,9,0,0
BRDA:95,9,1,0
BRDA:108,10,0,0
BRDA:108,10,1,0
BRDA:110,11,0,0
BRDA:110,11,1,0
BRDA:156,12,0,0
BRDA:156,12,1,0
BRDA:177,13,0,0
BRDA:177,13,1,0
BRDA:186,14,0,0
BRDA:186,14,1,0
BRDA:215,15,0,0
BRDA:215,15,1,0
BRDA:216,16,0,0
BRDA:216,16,1,0
BRDA:220,17,0,0
BRDA:220,17,1,0
BRDA:232,18,0,0
BRDA:232,18,1,0
BRDA:233,19,0,0
BRDA:233,19,1,0
BRDA:237,20,0,0
BRDA:237,20,1,0
BRDA:246,21,0,0
BRDA:246,21,1,0
BRDA:264,22,0,0
BRDA:264,22,1,0
BRDA:272,23,0,0
BRDA:272,23,1,0
BRDA:281,24,0,0
BRDA:281,24,1,0
BRF:47
BRH:0
end_of_record
TN:
SF:src\hooks\useDrivers.ts
FN:42,useDrivers
FN:47,(anonymous_1)
FN:52,(anonymous_2)
FN:78,(anonymous_3)
FNF:4
FNH:0
FNDA:0,useDrivers
FNDA:0,(anonymous_1)
FNDA:0,(anonymous_2)
FNDA:0,(anonymous_3)
DA:1,0
DA:2,0
DA:3,0
DA:42,0
DA:43,0
DA:44,0
DA:47,0
DA:48,0
DA:49,0
DA:50,0
DA:51,0
DA:52,0
DA:53,0
DA:54,0
DA:69,0
DA:72,0
DA:74,0
DA:78,0
DA:79,0
DA:82,0
LF:20
LH:0
BRDA:51,0,0,0
BRDA:51,0,1,0
BRDA:53,1,0,0
BRDA:53,1,1,0
BRDA:55,2,0,0
BRDA:55,2,1,0
BRDA:56,3,0,0
BRDA:56,3,1,0
BRDA:57,4,0,0
BRDA:57,4,1,0
BRDA:57,4,2,0
BRDA:58,5,0,0
BRDA:58,5,1,0
BRDA:59,6,0,0
BRDA:59,6,1,0
BRDA:60,7,0,0
BRDA:60,7,1,0
BRDA:61,8,0,0
BRDA:61,8,1,0
BRDA:62,9,0,0
BRDA:62,9,1,0
BRDA:63,10,0,0
BRDA:63,10,1,0
BRDA:64,11,0,0
BRDA:64,11,1,0
BRDA:65,12,0,0
BRDA:65,12,1,0
BRDA:66,13,0,0
BRDA:66,13,1,0
BRF:29
BRH:0
end_of_record
TN:
SF:src\hooks\useEditorData.ts
FN:8,useEditorData
FN:24,(anonymous_1)
FN:30,(anonymous_2)
FN:43,(anonymous_3)
FN:46,(anonymous_4)
FN:57,(anonymous_5)
FN:62,(anonymous_6)
FN:72,(anonymous_7)
FN:82,(anonymous_8)
FN:114,(anonymous_9)
FN:159,(anonymous_10)
FNF:11
FNH:0
FNDA:0,useEditorData
FNDA:0,(anonymous_1)
FNDA:0,(anonymous_2)
FNDA:0,(anonymous_3)
FNDA:0,(anonymous_4)
FNDA:0,(anonymous_5)
FNDA:0,(anonymous_6)
FNDA:0,(anonymous_7)
FNDA:0,(anonymous_8)
FNDA:0,(anonymous_9)
FNDA:0,(anonymous_10)
DA:1,0
DA:2,0
DA:3,0
DA:4,0
DA:5,0
DA:6,0
DA:8,0
DA:9,0
DA:10,0
DA:11,0
DA:14,0
DA:15,0
DA:18,0
DA:19,0
DA:20,0
DA:21,0
DA:24,0
DA:25,0
DA:26,0
DA:27,0
DA:28,0
DA:30,0
DA:31,0
DA:33,0
DA:36,0
DA:37,0
DA:39,0
DA:42,0
DA:43,0
DA:46,0
DA:48,0
DA:50,0
DA:51,0
DA:53,0
DA:57,0
DA:58,0
DA:62,0
DA:63,0
DA:64,0
DA:65,0
DA:66,0
DA:67,0
DA:68,0
DA:72,0
DA:73,0
DA:74,0
DA:82,0
DA:83,0
DA:85,0
DA:86,0
DA:87,0
DA:88,0
DA:90,0
DA:91,0
DA:92,0
DA:95,0
DA:97,0
DA:99,0
DA:100,0
DA:106,0
DA:107,0
DA:108,0
DA:111,0
DA:113,0
DA:114,0
DA:115,0
DA:116,0
DA:119,0
DA:120,0
DA:121,0
DA:122,0
DA:124,0
DA:125,0
DA:126,0
DA:127,0
DA:130,0
DA:131,0
DA:136,0
DA:139,0
DA:140,0
DA:142,0
DA:144,0
DA:147,0
DA:148,0
DA:149,0
DA:150,0
DA:152,0
DA:155,0
DA:158,0
DA:159,0
DA:160,0
DA:163,0
DA:164,0
DA:166,0
DA:167,0
DA:168,0
DA:172,0
LF:97
LH:0
BRDA:31,0,0,0
BRDA:31,0,1,0
BRDA:33,1,0,0
BRDA:33,1,1,0
BRDA:36,2,0,0
BRDA:36,2,1,0
BRDA:39,3,0,0
BRDA:39,3,1,0
BRDA:39,3,2,0
BRDA:39,3,3,0
BRDA:39,3,4,0
BRDA:42,4,0,0
BRDA:42,4,1,0
BRDA:43,5,0,0
BRDA:43,5,1,0
BRDA:64,6,0,0
BRDA:64,6,1,0
BRDA:65,7,0,0
BRDA:65,7,1,0
BRDA:66,8,0,0
BRDA:66,8,1,0
BRDA:67,9,0,0
BRDA:67,9,1,0
BRDA:83,10,0,0
BRDA:83,10,1,0
BRDA:90,11,0,0
BRDA:90,11,1,0
BRDA:90,12,0,0
BRDA:90,12,1,0
BRDA:90,12,2,0
BRDA:111,13,0,0
BRDA:111,13,1,0
BRDA:115,14,0,0
BRDA:115,14,1,0
BRDA:116,15,0,0
BRDA:116,15,1,0
BRDA:119,16,0,0
BRDA:119,16,1,0
BRDA:120,17,0,0
BRDA:120,17,1,0
BRDA:121,18,0,0
BRDA:121,18,1,0
BRDA:121,18,2,0
BRDA:140,19,0,0
BRDA:140,19,1,0
BRDA:140,20,0,0
BRDA:140,20,1,0
BRDA:148,21,0,0
BRDA:148,21,1,0
BRDA:149,22,0,0
BRDA:149,22,1,0
BRDA:150,23,0,0
BRDA:150,23,1,0
BRDA:166,24,0,0
BRDA:166,24,1,0
BRF:55
BRH:0
end_of_record
TN:
SF:src\hooks\useForegroundRefresh.ts
FN:12,useForegroundRefresh
FN:15,(anonymous_1)
FN:16,(anonymous_2)
FN:29,(anonymous_3)
FNF:4
FNH:0
FNDA:0,useForegroundRefresh
FNDA:0,(anonymous_1)
FNDA:0,(anonymous_2)
FNDA:0,(anonymous_3)
DA:1,0
DA:2,0
DA:3,0
DA:12,0
DA:13,0
DA:15,0
DA:16,0
DA:18,0
DA:22,0
DA:23,0
DA:26,0
DA:29,0
DA:30,0
LF:13
LH:0
BRDA:18,0,0,0
BRDA:18,0,1,0
BRDA:19,1,0,0
BRDA:19,1,1,0
BRF:4
BRH:0
end_of_record
TN:
SF:src\hooks\useMonitorData.ts
FN:41,sortByDockPriority
FN:42,(anonymous_1)
FN:58,computeKPIs
FN:61,(anonymous_3)
FN:62,(anonymous_4)
FN:63,(anonymous_5)
FN:77,useMonitorData
FN:98,(anonymous_7)
FN:101,(anonymous_8)
FN:123,(anonymous_9)
FN:126,(anonymous_10)
FN:127,(anonymous_11)
FN:151,(anonymous_12)
FN:164,(anonymous_13)
FN:169,(anonymous_14)
FN:172,(anonymous_15)
FN:178,(anonymous_16)
FN:181,(anonymous_17)
FN:198,(anonymous_18)
FN:212,(anonymous_19)
FN:217,(anonymous_20)
FN:227,(anonymous_21)
FN:229,(anonymous_22)
FNF:23
FNH:0
FNDA:0,sortByDockPriority
FNDA:0,(anonymous_1)
FNDA:0,computeKPIs
FNDA:0,(anonymous_3)
FNDA:0,(anonymous_4)
FNDA:0,(anonymous_5)
FNDA:0,useMonitorData
FNDA:0,(anonymous_7)
FNDA:0,(anonymous_8)
FNDA:0,(anonymous_9)
FNDA:0,(anonymous_10)
FNDA:0,(anonymous_11)
FNDA:0,(anonymous_12)
FNDA:0,(anonymous_13)
FNDA:0,(anonymous_14)
FNDA:0,(anonymous_15)
FNDA:0,(anonymous_16)
FNDA:0,(anonymous_17)
FNDA:0,(anonymous_18)
FNDA:0,(anonymous_19)
FNDA:0,(anonymous_20)
FNDA:0,(anonymous_21)
FNDA:0,(anonymous_22)
DA:1,0
DA:2,0
DA:3,0
DA:4,0
DA:5,0
DA:6,0
DA:7,0
DA:8,0
DA:9,0
DA:10,0
DA:11,0
DA:12,0
DA:30,0
DA:33,0
DA:42,0
DA:43,0
DA:44,0
DA:45,0
DA:47,0
DA:48,0
DA:49,0
DA:50,0
DA:53,0
DA:59,0
DA:61,0
DA:62,0
DA:63,0
DA:77,0
DA:78,0
DA:79,0
DA:80,0
DA:83,0
DA:86,0
DA:90,0
DA:95,0
DA:98,0
DA:99,0
DA:101,0
DA:103,0
DA:104,0
DA:107,0
DA:110,0
DA:112,0
DA:116,0
DA:119,0
DA:123,0
DA:126,0
DA:127,0
DA:128,0
DA:129,0
DA:130,0
DA:137,0
DA:138,0
DA:141,0
DA:147,0
DA:152,0
DA:154,0
DA:155,0
DA:157,0
DA:159,0
DA:162,0
DA:165,0
DA:168,0
DA:169,0
DA:170,0
DA:171,0
DA:172,0
DA:174,0
DA:178,0
DA:179,0
DA:180,0
DA:181,0
DA:182,0
DA:187,0
DA:188,0
DA:198,0
DA:199,0
DA:203,0
DA:212,0
DA:213,0
DA:218,0
DA:219,0
DA:220,0
DA:225,0
DA:228,0
DA:229,0
DA:230,0
DA:236,0
DA:237,0
DA:238,0
DA:239,0
DA:240,0
DA:242,0
DA:243,0
DA:244,0
DA:247,0
DA:248,0
DA:250,0
DA:256,0
LF:99
LH:0
BRDA:43,0,0,0
BRDA:43,0,1,0
BRDA:43,1,0,0
BRDA:43,1,1,0
BRDA:44,2,0,0
BRDA:44,2,1,0
BRDA:44,3,0,0
BRDA:44,3,1,0
BRDA:45,4,0,0
BRDA:45,4,1,0
BRDA:47,5,0,0
BRDA:47,5,1,0
BRDA:48,6,0,0
BRDA:48,6,1,0
BRDA:49,7,0,0
BRDA:49,7,1,0
BRDA:49,8,0,0
BRDA:49,8,1,0
BRDA:49,8,2,0
BRDA:61,9,0,0
BRDA:61,9,1,0
BRDA:63,10,0,0
BRDA:63,10,1,0
BRDA:90,11,0,0
BRDA:92,12,0,0
BRDA:92,12,1,0
BRDA:95,13,0,0
BRDA:95,13,1,0
BRDA:95,13,2,0
BRDA:103,14,0,0
BRDA:103,14,1,0
BRDA:104,15,0,0
BRDA:104,15,1,0
BRDA:112,16,0,0
BRDA:112,16,1,0
BRDA:112,16,2,0
BRDA:112,16,3,0
BRDA:112,16,4,0
BRDA:116,17,0,0
BRDA:116,17,1,0
BRDA:129,18,0,0
BRDA:129,18,1,0
BRDA:152,19,0,0
BRDA:152,19,1,0
BRDA:154,20,0,0
BRDA:154,20,1,0
BRDA:155,21,0,0
BRDA:155,21,1,0
BRDA:157,22,0,0
BRDA:157,22,1,0
BRDA:159,23,0,0
BRDA:159,23,1,0
BRDA:165,24,0,0
BRDA:165,24,1,0
BRDA:168,25,0,0
BRDA:168,25,1,0
BRDA:170,26,0,0
BRDA:170,26,1,0
BRDA:179,27,0,0
BRDA:179,27,1,0
BRDA:182,28,0,0
BRDA:182,28,1,0
BRDA:215,29,0,0
BRDA:215,29,1,0
BRDA:228,30,0,0
BRDA:228,30,1,0
BRDA:230,31,0,0
BRDA:230,31,1,0
BRDA:247,32,0,0
BRDA:247,32,1,0
BRF:70
BRH:0
end_of_record
TN:
SF:src\hooks\useNetworkStatus.ts
FN:10,useNetworkStatus
FN:14,(anonymous_2)
FN:15,(anonymous_3)
FN:20,(anonymous_4)
FNF:4
FNH:0
FNDA:0,useNetworkStatus
FNDA:0,(anonymous_2)
FNDA:0,(anonymous_3)
FNDA:0,(anonymous_4)
DA:1,0
DA:2,0
DA:10,0
DA:11,0
DA:12,0
DA:14,0
DA:15,0
DA:16,0
DA:17,0
DA:20,0
DA:23,0
LF:11
LH:0
BRDA:16,0,0,0
BRDA:16,0,1,0
BRDA:17,1,0,0
BRDA:17,1,1,0
BRF:4
BRH:0
end_of_record
TN:
SF:src\hooks\usePendingAvailability.ts
FN:13,usePendingAvailability
FN:21,(anonymous_1)
FN:28,(anonymous_2)
FN:41,(anonymous_3)
FN:41,(anonymous_4)
FN:54,(anonymous_5)
FN:61,(anonymous_6)
FN:68,(anonymous_7)
FNF:8
FNH:0
FNDA:0,usePendingAvailability
FNDA:0,(anonymous_1)
FNDA:0,(anonymous_2)
FNDA:0,(anonymous_3)
FNDA:0,(anonymous_4)
FNDA:0,(anonymous_5)
FNDA:0,(anonymous_6)
FNDA:0,(anonymous_7)
DA:1,0
DA:2,0
DA:3,0
DA:4,0
DA:5,0
DA:6,0
DA:13,0
DA:14,0
DA:15,0
DA:21,0
DA:22,0
DA:24,0
DA:26,0
DA:27,0
DA:28,0
DA:30,0
DA:31,0
DA:32,0
DA:36,0
DA:38,0
DA:41,0
DA:42,0
DA:44,0
DA:49,0
DA:55,0
DA:56,0
DA:61,0
DA:62,0
DA:64,0
DA:66,0
DA:68,0
DA:69,0
DA:73,0
LF:33
LH:0
BRDA:22,0,0,0
BRDA:22,0,1,0
BRDA:27,1,0,0
BRDA:27,1,1,0
BRDA:30,2,0,0
BRDA:30,2,1,0
BRDA:38,3,0,0
BRDA:38,3,1,0
BRDA:62,4,0,0
BRDA:62,4,1,0
BRF:10
BRH:0
end_of_record
TN:
SF:src\hooks\useRealtimeSubscribe.ts
FN:41,useRealtimeSubscribe
FN:54,(anonymous_1)
FN:62,(anonymous_2)
FN:66,(anonymous_3)
FN:77,(anonymous_4)
FNF:5
FNH:0
FNDA:0,useRealtimeSubscribe
FNDA:0,(anonymous_1)
FNDA:0,(anonymous_2)
FNDA:0,(anonymous_3)
FNDA:0,(anonymous_4)
DA:1,0
DA:2,0
DA:3,0
DA:41,0
DA:48,0
DA:51,0
DA:52,0
DA:54,0
DA:55,0
DA:60,0
DA:61,0
DA:65,0
DA:66,0
DA:67,0
DA:68,0
DA:72,0
DA:74,0
DA:77,0
DA:78,0
DA:79,0
DA:80,0
DA:82,0
LF:22
LH:0
BRDA:45,0,0,0
BRDA:46,1,0,0
BRDA:47,2,0,0
BRDA:55,3,0,0
BRDA:55,3,1,0
BRDA:78,4,0,0
BRDA:78,4,1,0
BRF:7
BRH:0
end_of_record
TN:
SF:src\hooks\useRequireAuth.ts
FN:18,useRequireAuth
FN:21,(anonymous_1)
FNF:2
FNH:0
FNDA:0,useRequireAuth
FNDA:0,(anonymous_1)
DA:1,0
DA:2,0
DA:3,0
DA:18,0
DA:19,0
DA:21,0
DA:22,0
DA:23,0
LF:8
LH:0
BRDA:22,0,0,0
BRDA:22,0,1,0
BRF:2
BRH:0
end_of_record
TN:
SF:src\hooks\queries\useAetherQueries.ts
FN:27,useAssignmentsQuery
FN:33,(anonymous_1)
FN:48,useDriverAvailabilityQuery
FN:54,(anonymous_3)
FN:66,useDriverStatusQuery
FN:71,(anonymous_5)
FN:82,useCitiesQuery
FN:87,(anonymous_7)
FNF:8
FNH:0
FNDA:0,useAssignmentsQuery
FNDA:0,(anonymous_1)
FNDA:0,useDriverAvailabilityQuery
FNDA:0,(anonymous_3)
FNDA:0,useDriverStatusQuery
FNDA:0,(anonymous_5)
FNDA:0,useCitiesQuery
FNDA:0,(anonymous_7)
DA:1,0
DA:2,0
DA:3,0
DA:4,0
DA:11,0
DA:27,0
DA:31,0
DA:34,0
DA:35,0
DA:48,0
DA:52,0
DA:55,0
DA:56,0
DA:66,0
DA:69,0
DA:72,0
DA:82,0
DA:85,0
DA:88,0
DA:89,0
LF:20
LH:0
BRDA:89,0,0,0
BRDA:89,0,1,0
BRF:2
BRH:0
end_of_record
TN:
SF:src\lib\aether.ts
FN:19,createAetherProxy
FN:21,(anonymous_1)
FN:48,aetherFetchAll
FN:101,(anonymous_3)
FN:145,(anonymous_4)
FN:169,waitForClient
FN:170,(anonymous_6)
FN:173,(anonymous_7)
FNF:8
FNH:0
FNDA:0,createAetherProxy
FNDA:0,(anonymous_1)
FNDA:0,aetherFetchAll
FNDA:0,(anonymous_3)
FNDA:0,(anonymous_4)
FNDA:0,waitForClient
FNDA:0,(anonymous_6)
FNDA:0,(anonymous_7)
DA:2,0
DA:3,0
DA:9,0
DA:20,0
DA:22,0
DA:23,0
DA:25,0
DA:26,0
DA:27,0
DA:28,0
DA:30,0
DA:36,0
DA:48,0
DA:50,0
DA:51,0
DA:55,0
DA:56,0
DA:57,0
DA:61,0
DA:62,0
DA:63,0
DA:67,0
DA:68,0
DA:76,0
DA:77,0
DA:78,0
DA:79,0
DA:81,0
DA:83,0
DA:84,0
DA:85,0
DA:88,0
DA:89,0
DA:94,0
DA:95,0
DA:96,0
DA:97,0
DA:98,0
DA:101,0
DA:102,0
DA:104,0
DA:107,0
DA:108,0
DA:111,0
DA:112,0
DA:113,0
DA:116,0
DA:117,0
DA:118,0
DA:120,0
DA:122,0
DA:125,0
DA:126,0
DA:127,0
DA:131,0
DA:132,0
DA:137,0
DA:138,0
DA:139,0
DA:140,0
DA:141,0
DA:142,0
DA:143,0
DA:144,0
DA:145,0
DA:146,0
DA:149,0
DA:153,0
DA:154,0
DA:155,0
DA:156,0
DA:158,0
DA:159,0
DA:170,0
DA:171,0
DA:172,0
DA:173,0
DA:174,0
DA:175,0
DA:176,0
DA:178,0
DA:179,0
DA:181,0
LF:83
LH:0
BRDA:10,0,0,0
BRDA:10,0,1,0
BRDA:11,1,0,0
BRDA:11,1,1,0
BRDA:22,2,0,0
BRDA:22,2,1,0
BRDA:27,3,0,0
BRDA:27,3,1,0
BRDA:50,4,0,0
BRDA:50,4,1,0
BRDA:55,5,0,0
BRDA:55,5,1,0
BRDA:63,6,0,0
BRDA:63,6,1,0
BRDA:67,7,0,0
BRDA:67,7,1,0
BRDA:84,8,0,0
BRDA:84,8,1,0
BRDA:89,9,0,0
BRDA:89,9,1,0
BRDA:94,10,0,0
BRDA:94,10,1,0
BRDA:112,11,0,0
BRDA:112,11,1,0
BRDA:112,11,2,0
BRDA:116,12,0,0
BRDA:116,12,1,0
BRDA:122,13,0,0
BRDA:122,13,1,0
BRDA:122,14,0,0
BRDA:122,14,1,0
BRDA:125,15,0,0
BRDA:125,15,1,0
BRDA:131,16,0,0
BRDA:131,16,1,0
BRDA:139,17,0,0
BRDA:139,17,1,0
BRDA:140,18,0,0
BRDA:140,18,1,0
BRDA:149,19,0,0
BRDA:149,19,1,0
BRDA:155,20,0,0
BRDA:155,20,1,0
BRDA:156,21,0,0
BRDA:156,21,1,0
BRDA:169,22,0,0
BRDA:174,23,0,0
BRDA:174,23,1,0
BRDA:174,24,0,0
BRDA:174,24,1,0
BRF:50
BRH:0
end_of_record
TN:
SF:src\lib\audit.ts
FN:61,logAudit
FN:79,(anonymous_1)
FNF:2
FNH:0
FNDA:0,logAudit
FNDA:0,(anonymous_1)
DA:10,0
DA:11,0
DA:61,0
DA:68,0
DA:78,0
DA:80,0
LF:6
LH:0
BRF:0
BRH:0
end_of_record
TN:
SF:src\lib\collections.ts
FN:171,getBrazilNow
FN:185,(anonymous_1)
FN:185,(anonymous_2)
FN:201,formatBrazilTimestamp
FN:219,formatBrazilTime
FN:262,getDeadlineForDate
FN:281,isDeadlinePassed
FN:293,getTimeRemainingMs
FN:306,formatLocalDate
FN:318,getTodayDateStr
FN:326,getTomorrowDateStr
FN:339,extractBrazilDateStr
FN:358,(anonymous_12)
FN:358,(anonymous_13)
FNF:14
FNH:14
FNDA:2071,getBrazilNow
FNDA:12426,(anonymous_1)
FNDA:74556,(anonymous_2)
FNDA:6,formatBrazilTimestamp
FNDA:4,formatBrazilTime
FNDA:19,getDeadlineForDate
FNDA:5,isDeadlinePassed
FNDA:7,getTimeRemainingMs
FNDA:2026,formatLocalDate
FNDA:1019,getTodayDateStr
FNDA:1007,getTomorrowDateStr
FNDA:14,extractBrazilDateStr
FNDA:12,(anonymous_12)
FNDA:36,(anonymous_13)
DA:5,10
DA:153,10
DA:171,10
DA:172,2071
DA:174,2071
DA:184,2071
DA:185,74556
DA:186,2071
DA:201,10
DA:202,6
DA:203,6
DA:204,6
DA:205,6
DA:206,6
DA:207,6
DA:208,6
DA:209,6
DA:219,10
DA:220,4
DA:221,4
DA:222,4
DA:223,2
DA:230,2
DA:232,0
DA:245,10
DA:262,10
DA:263,19
DA:264,19
DA:265,19
DA:266,19
DA:272,19
DA:281,10
DA:282,5
DA:283,5
DA:284,5
DA:293,10
DA:294,7
DA:295,7
DA:296,7
DA:297,7
DA:307,2026
DA:308,2026
DA:309,2026
DA:310,2026
DA:311,2026
DA:318,10
DA:319,1019
DA:326,10
DA:327,1007
DA:328,1007
DA:329,1007
DA:339,10
DA:340,14
DA:344,13
DA:345,8
DA:348,5
DA:349,5
DA:350,5
DA:351,4
DA:357,4
DA:358,36
DA:359,4
DA:361,0
LF:63
LH:61
BRDA:185,0,0,12426
BRDA:185,0,1,0
BRDA:219,1,0,3
BRDA:222,2,0,2
BRDA:222,2,1,2
BRDA:227,3,0,1
BRDA:227,3,1,1
BRDA:265,4,0,19
BRDA:265,4,1,0
BRDA:307,5,0,2026
BRDA:307,5,1,0
BRDA:340,6,0,1
BRDA:340,6,1,13
BRDA:344,7,0,8
BRDA:344,7,1,5
BRDA:344,8,0,13
BRDA:344,8,1,13
BRDA:344,8,2,12
BRDA:350,9,0,1
BRDA:350,9,1,4
BRDA:358,10,0,12
BRDA:358,10,1,0
BRF:22
BRH:18
end_of_record
TN:
SF:src\lib\crashReporter.ts
FN:42,initCrashReporting
FN:51,persistCrash
FN:70,(anonymous_3)
FN:88,(anonymous_4)
FN:97,(anonymous_5)
FN:106,(anonymous_6)
FN:118,(anonymous_7)
FNF:7
FNH:7
FNDA:1,initCrashReporting
FNDA:3,persistCrash
FNDA:3,(anonymous_3)
FNDA:1,(anonymous_4)
FNDA:2,(anonymous_5)
FNDA:2,(anonymous_6)
FNDA:1,(anonymous_7)
DA:1,1
DA:2,1
DA:33,1
DA:34,1
DA:42,1
DA:52,3
DA:53,3
DA:54,3
DA:55,3
DA:56,3
DA:57,0
DA:59,3
DA:65,1
DA:71,3
DA:78,3
DA:79,3
DA:82,3
DA:89,1
DA:90,1
DA:98,2
DA:99,1
DA:107,2
DA:108,2
DA:109,2
DA:111,0
DA:119,1
LF:26
LH:24
BRDA:54,0,0,0
BRDA:54,0,1,3
BRDA:56,1,0,0
BRDA:56,1,1,3
BRDA:78,2,0,3
BRDA:78,2,1,0
BRDA:79,3,0,3
BRDA:79,3,1,3
BRDA:89,4,0,1
BRDA:89,4,1,0
BRDA:90,5,0,1
BRDA:90,5,1,0
BRDA:98,6,0,1
BRDA:98,6,1,1
BRDA:98,7,0,2
BRDA:98,7,1,2
BRDA:99,8,0,1
BRDA:99,8,1,0
BRDA:109,9,0,1
BRDA:109,9,1,1
BRF:20
BRH:14
end_of_record
TN:
SF:src\lib\export.ts
FN:31,exportToCSV
FN:41,(anonymous_10)
FN:44,(anonymous_11)
FN:45,(anonymous_12)
FN:81,exportToPDF
FN:97,(anonymous_14)
FN:99,(anonymous_15)
FN:138,(anonymous_16)
FNF:8
FNH:0
FNDA:0,exportToCSV
FNDA:0,(anonymous_10)
FNDA:0,(anonymous_11)
FNDA:0,(anonymous_12)
FNDA:0,exportToPDF
FNDA:0,(anonymous_14)
FNDA:0,(anonymous_15)
FNDA:0,(anonymous_16)
DA:7,0
DA:8,0
DA:9,0
DA:31,0
DA:36,0
DA:37,0
DA:41,0
DA:44,0
DA:45,0
DA:46,0
DA:47,0
DA:49,0
DA:53,0
DA:56,0
DA:57,0
DA:61,0
DA:62,0
DA:68,0
DA:81,0
DA:87,0
DA:88,0
DA:91,0
DA:97,0
DA:98,0
DA:100,0
DA:101,0
DA:102,0
DA:107,0
DA:138,0
DA:152,0
DA:155,0
DA:156,0
DA:158,0
DA:159,0
DA:165,0
LF:35
LH:0
BRDA:36,0,0,0
BRDA:36,0,1,0
BRDA:47,1,0,0
BRDA:47,1,1,0
BRDA:47,2,0,0
BRDA:47,2,1,0
BRDA:61,3,0,0
BRDA:61,3,1,0
BRDA:87,4,0,0
BRDA:87,4,1,0
BRDA:98,5,0,0
BRDA:98,5,1,0
BRDA:101,6,0,0
BRDA:101,6,1,0
BRDA:101,7,0,0
BRDA:101,7,1,0
BRDA:158,8,0,0
BRDA:158,8,1,0
BRF:18
BRH:0
end_of_record
TN:
SF:src\lib\gemini.ts
FN:67,parseLogisticsSheet
FN:108,callGeminiDirectly
FN:144,(anonymous_2)
FN:175,cleanRawData
FN:245,sanitizeRoutes
FN:246,(anonymous_5)
FNF:6
FNH:5
FNDA:11,parseLogisticsSheet
FNDA:6,callGeminiDirectly
FNDA:0,(anonymous_2)
FNDA:7,cleanRawData
FNDA:5,sanitizeRoutes
FNDA:5,(anonymous_5)
DA:1,1
DA:2,1
DA:21,1
DA:54,1
DA:67,1
DA:69,11
DA:70,11
DA:72,11
DA:78,10
DA:79,7
DA:82,7
DA:83,7
DA:84,7
DA:85,7
DA:90,3
DA:93,3
DA:97,6
DA:109,6
DA:110,6
DA:116,0
DA:118,0
DA:120,0
DA:136,0
DA:137,0
DA:143,0
DA:144,0
DA:145,0
DA:147,0
DA:148,0
DA:150,0
DA:153,0
DA:155,0
DA:156,0
DA:158,0
DA:161,0
DA:163,0
DA:164,0
DA:180,7
DA:183,7
DA:184,0
DA:188,7
DA:189,0
DA:193,7
DA:194,0
DA:198,7
DA:199,0
DA:203,7
DA:204,0
DA:208,7
DA:209,0
DA:210,0
DA:213,7
DA:214,1
DA:215,1
DA:219,6
DA:222,6
DA:223,6
DA:225,1
DA:226,1
DA:229,5
DA:230,0
DA:231,0
DA:234,5
DA:235,5
DA:246,5
DA:247,5
DA:249,5
DA:251,5
DA:253,5
LF:69
LH:42
BRDA:54,0,0,1
BRDA:54,0,1,1
BRDA:78,1,0,7
BRDA:78,1,1,3
BRDA:78,2,0,10
BRDA:78,2,1,8
BRDA:82,3,0,7
BRDA:82,3,1,0
BRDA:82,4,0,7
BRDA:82,4,1,7
BRDA:82,4,2,7
BRDA:109,5,0,6
BRDA:109,5,1,0
BRDA:143,6,0,0
BRDA:143,6,1,0
BRDA:145,7,0,0
BRDA:145,7,1,0
BRDA:147,8,0,0
BRDA:147,8,1,0
BRDA:163,9,0,0
BRDA:163,9,1,0
BRDA:183,10,0,0
BRDA:183,10,1,7
BRDA:183,11,0,7
BRDA:183,11,1,1
BRDA:188,12,0,0
BRDA:188,12,1,7
BRDA:188,13,0,7
BRDA:188,13,1,1
BRDA:193,14,0,0
BRDA:193,14,1,7
BRDA:193,15,0,7
BRDA:193,15,1,1
BRDA:198,16,0,0
BRDA:198,16,1,7
BRDA:198,17,0,7
BRDA:198,17,1,1
BRDA:203,18,0,0
BRDA:203,18,1,7
BRDA:203,19,0,7
BRDA:203,19,1,1
BRDA:208,20,0,0
BRDA:208,20,1,7
BRDA:208,21,0,7
BRDA:208,21,1,1
BRDA:213,22,0,1
BRDA:213,22,1,6
BRDA:213,23,0,7
BRDA:213,23,1,6
BRDA:229,24,0,0
BRDA:229,24,1,5
BRDA:247,25,0,5
BRDA:247,25,1,0
BRF:53
BRH:35
end_of_record
TN:
SF:src\lib\logger.ts
FN:26,shouldLog
FN:34,sanitize
FN:35,(anonymous_2)
FN:58,(anonymous_3)
FN:64,(anonymous_4)
FN:70,(anonymous_5)
FN:76,(anonymous_6)
FNF:7
FNH:7
FNDA:15,shouldLog
FNDA:15,sanitize
FNDA:16,(anonymous_2)
FNDA:1,(anonymous_3)
FNDA:11,(anonymous_4)
FNDA:1,(anonymous_5)
FNDA:2,(anonymous_6)
DA:16,4
DA:24,4
DA:27,15
DA:35,15
DA:36,16
DA:38,7
DA:40,9
DA:41,8
DA:42,8
DA:43,8
DA:44,16
DA:45,16
DA:46,5
DA:48,11
DA:51,8
DA:53,1
DA:57,4
DA:59,1
DA:60,1
DA:65,11
DA:66,11
DA:71,1
DA:72,1
DA:77,2
DA:78,2
LF:25
LH:25
BRDA:24,0,0,4
BRDA:24,0,1,0
BRDA:36,1,0,7
BRDA:36,1,1,9
BRDA:40,2,0,8
BRDA:40,2,1,1
BRDA:40,3,0,9
BRDA:40,3,1,9
BRDA:40,3,2,9
BRDA:45,4,0,5
BRDA:45,4,1,11
BRDA:45,5,0,16
BRDA:45,5,1,14
BRDA:45,5,2,13
BRDA:45,5,3,12
BRDA:59,6,0,1
BRDA:59,6,1,0
BRDA:65,7,0,11
BRDA:65,7,1,0
BRDA:71,8,0,1
BRDA:71,8,1,0
BRDA:77,9,0,2
BRDA:77,9,1,0
BRF:23
BRH:18
end_of_record
TN:
SF:src\lib\passwordValidation.ts
FN:20,validatePassword
FN:40,getPasswordStrength
FNF:2
FNH:2
FNDA:20,validatePassword
FNDA:15,getPasswordStrength
DA:11,2
DA:20,2
DA:21,20
DA:22,4
DA:24,16
DA:25,3
DA:27,13
DA:28,1
DA:30,12
DA:31,1
DA:33,11
DA:40,2
DA:41,15
DA:42,15
DA:43,15
DA:44,15
DA:45,15
DA:46,15
DA:47,15
LF:19
LH:19
BRDA:21,0,0,4
BRDA:21,0,1,16
BRDA:24,1,0,3
BRDA:24,1,1,13
BRDA:27,2,0,1
BRDA:27,2,1,12
BRDA:30,3,0,1
BRDA:30,3,1,11
BRDA:42,4,0,12
BRDA:42,4,1,3
BRDA:43,5,0,4
BRDA:43,5,1,11
BRDA:44,6,0,10
BRDA:44,6,1,5
BRDA:44,7,0,15
BRDA:44,7,1,10
BRDA:45,8,0,9
BRDA:45,8,1,6
BRDA:46,9,0,4
BRDA:46,9,1,11
BRF:20
BRH:20
end_of_record
TN:
SF:src\lib\push.ts
FN:18,diagnosePushError
FN:70,initializeNotificationHandler
FN:73,(anonymous_11)
FN:88,registerForPushNotificationsAsync
FN:136,sendPushNotification
FN:145,(anonymous_14)
FN:154,(anonymous_15)
FN:184,(anonymous_16)
FN:230,notifyAllDrivers
FN:245,(anonymous_18)
FN:295,ensureDriverPushToken
FN:385,registerAdminPushToken
FN:428,notifyAdmins
FN:440,(anonymous_22)
FN:442,(anonymous_23)
FN:461,dispatchAdminAlert
FN:497,notifyDriver
FNF:17
FNH:12
FNDA:14,diagnosePushError
FNDA:0,initializeNotificationHandler
FNDA:0,(anonymous_11)
FNDA:0,registerForPushNotificationsAsync
FNDA:15,sendPushNotification
FNDA:365,(anonymous_14)
FNDA:365,(anonymous_15)
FNDA:12,(anonymous_16)
FNDA:5,notifyAllDrivers
FNDA:8,(anonymous_18)
FNDA:5,ensureDriverPushToken
FNDA:0,registerAdminPushToken
FNDA:4,notifyAdmins
FNDA:4,(anonymous_22)
FNDA:4,(anonymous_23)
FNDA:0,dispatchAdminAlert
FNDA:5,notifyDriver
DA:1,3
DA:2,3
DA:3,3
DA:4,3
DA:5,3
DA:7,3
DA:18,3
DA:19,14
DA:20,1
DA:23,13
DA:24,10
DA:26,10
DA:27,1
DA:29,9
DA:30,1
DA:32,8
DA:33,1
DA:35,7
DA:36,1
DA:38,6
DA:39,4
DA:41,2
DA:42,1
DA:45,1
DA:48,3
DA:55,3
DA:56,3
DA:57,2
DA:58,2
DA:60,0
DA:63,1
DA:70,3
DA:71,0
DA:72,0
DA:73,0
DA:88,3
DA:89,0
DA:91,0
DA:92,0
DA:100,0
DA:101,0
DA:102,0
DA:103,0
DA:104,0
DA:106,0
DA:107,0
DA:108,0
DA:111,0
DA:116,0
DA:120,0
DA:121,0
DA:123,0
DA:124,0
DA:136,3
DA:142,15
DA:144,14
DA:145,365
DA:147,14
DA:149,13
DA:150,13
DA:152,13
DA:153,15
DA:154,365
DA:164,15
DA:165,15
DA:175,12
DA:178,12
DA:179,0
DA:183,12
DA:184,12
DA:185,12
DA:186,0
DA:187,0
DA:193,3
DA:194,3
DA:198,13
DA:199,2
DA:200,11
DA:201,1
DA:230,3
DA:235,5
DA:236,5
DA:237,1
DA:240,4
DA:241,4
DA:242,4
DA:245,4
DA:246,8
DA:247,8
DA:248,8
DA:250,8
DA:251,6
DA:253,2
DA:257,4
DA:258,1
DA:261,3
DA:264,3
DA:265,1
DA:268,3
DA:295,3
DA:301,5
DA:303,5
DA:304,0
DA:305,0
DA:309,5
DA:310,5
DA:312,1
DA:313,1
DA:314,1
DA:315,1
DA:320,4
DA:324,4
DA:325,4
DA:327,4
DA:328,0
DA:329,0
DA:333,4
DA:338,3
DA:339,2
DA:340,2
DA:343,2
DA:344,1
DA:345,1
DA:349,1
DA:353,1
DA:356,1
DA:366,1
DA:369,2
DA:372,1
DA:373,1
DA:374,1
DA:385,3
DA:390,0
DA:392,0
DA:393,0
DA:398,0
DA:399,0
DA:400,0
DA:406,0
DA:413,0
DA:415,0
DA:428,3
DA:433,4
DA:434,4
DA:435,4
DA:436,1
DA:437,1
DA:440,3
DA:441,4
DA:442,4
DA:444,3
DA:445,1
DA:446,1
DA:449,2
DA:450,1
DA:452,1
DA:453,1
DA:461,3
DA:468,0
DA:470,0
DA:480,0
DA:484,0
DA:497,3
DA:503,5
DA:508,5
DA:509,1
DA:512,4
DA:513,4
DA:514,4
DA:515,4
DA:516,2
DA:519,2
LF:172
LH:131
BRDA:19,0,0,1
BRDA:19,0,1,13
BRDA:23,1,0,10
BRDA:23,1,1,3
BRDA:26,2,0,1
BRDA:26,2,1,9
BRDA:29,3,0,1
BRDA:29,3,1,8
BRDA:32,4,0,1
BRDA:32,4,1,7
BRDA:35,5,0,1
BRDA:35,5,1,6
BRDA:38,6,0,4
BRDA:38,6,1,2
BRDA:38,7,0,6
BRDA:38,7,1,5
BRDA:38,7,2,4
BRDA:38,7,3,3
BRDA:41,8,0,1
BRDA:41,8,1,1
BRDA:56,9,0,2
BRDA:56,9,1,1
BRDA:71,10,0,0
BRDA:71,10,1,0
BRDA:89,11,0,0
BRDA:89,11,1,0
BRDA:91,12,0,0
BRDA:91,12,1,0
BRDA:102,13,0,0
BRDA:102,13,1,0
BRDA:106,14,0,0
BRDA:106,14,1,0
BRDA:116,15,0,0
BRDA:116,15,1,0
BRDA:116,15,2,0
BRDA:140,16,0,7
BRDA:142,17,0,1
BRDA:142,17,1,14
BRDA:144,18,0,8
BRDA:144,18,1,6
BRDA:147,19,0,1
BRDA:147,19,1,13
BRDA:178,20,0,0
BRDA:178,20,1,12
BRDA:179,21,0,0
BRDA:179,21,1,0
BRDA:183,22,0,12
BRDA:183,22,1,0
BRDA:183,23,0,12
BRDA:183,23,1,12
BRDA:185,24,0,0
BRDA:185,24,1,12
BRDA:186,25,0,0
BRDA:186,25,1,0
BRDA:186,25,2,0
BRDA:193,26,0,3
BRDA:193,26,1,0
BRDA:198,27,0,2
BRDA:198,27,1,11
BRDA:198,28,0,13
BRDA:198,28,1,3
BRDA:200,29,0,1
BRDA:200,29,1,10
BRDA:233,30,0,5
BRDA:236,31,0,1
BRDA:236,31,1,4
BRDA:236,32,0,5
BRDA:236,32,1,5
BRDA:247,33,0,8
BRDA:247,33,1,3
BRDA:247,33,2,2
BRDA:248,34,0,8
BRDA:248,34,1,0
BRDA:248,34,2,0
BRDA:250,35,0,6
BRDA:250,35,1,2
BRDA:250,36,0,8
BRDA:250,36,1,6
BRDA:257,37,0,1
BRDA:257,37,1,3
BRDA:264,38,0,1
BRDA:264,38,1,2
BRDA:303,39,0,0
BRDA:303,39,1,5
BRDA:310,40,0,1
BRDA:310,40,1,4
BRDA:313,41,0,1
BRDA:313,41,1,0
BRDA:320,42,0,4
BRDA:320,42,1,0
BRDA:320,42,2,0
BRDA:327,43,0,0
BRDA:327,43,1,4
BRDA:338,44,0,2
BRDA:338,44,1,1
BRDA:338,45,0,3
BRDA:338,45,1,3
BRDA:340,46,0,2
BRDA:340,46,1,0
BRDA:340,46,2,0
BRDA:343,47,0,1
BRDA:343,47,1,1
BRDA:353,48,0,1
BRDA:353,48,1,0
BRDA:360,49,0,1
BRDA:360,49,1,1
BRDA:372,50,0,1
BRDA:372,50,1,0
BRDA:390,51,0,0
BRDA:390,51,1,0
BRDA:398,52,0,0
BRDA:398,52,1,0
BRDA:398,53,0,0
BRDA:398,53,1,0
BRDA:431,54,0,4
BRDA:435,55,0,1
BRDA:435,55,1,3
BRDA:435,56,0,4
BRDA:435,56,1,4
BRDA:441,57,0,4
BRDA:441,57,1,1
BRDA:442,58,0,4
BRDA:442,58,1,3
BRDA:444,59,0,1
BRDA:444,59,1,2
BRDA:475,60,0,0
BRDA:475,60,1,0
BRDA:476,61,0,0
BRDA:476,61,1,0
BRDA:501,62,0,4
BRDA:508,63,0,1
BRDA:508,63,1,4
BRDA:508,64,0,5
BRDA:508,64,1,5
BRDA:514,65,0,4
BRDA:514,65,1,2
BRDA:514,65,2,2
BRDA:515,66,0,2
BRDA:515,66,1,2
BRF:139
BRH:96
end_of_record
TN:
SF:src\lib\schemas.ts
FN:91,validateArray
FNF:1
FNH:1
FNDA:5,validateArray
DA:1,1
DA:12,1
DA:13,1
DA:16,1
DA:39,1
DA:55,1
DA:71,1
DA:91,1
DA:96,5
DA:97,5
DA:99,8
DA:100,8
DA:101,8
DA:102,4
DA:103,4
DA:104,4
DA:110,5
LF:17
LH:17
BRDA:99,0,0,8
BRDA:99,0,1,7
BRDA:101,1,0,4
BRDA:101,1,1,4
BRDA:103,2,0,4
BRDA:103,2,1,0
BRDA:105,3,0,4
BRDA:105,3,1,0
BRDA:106,4,0,4
BRDA:106,4,1,0
BRF:10
BRH:7
end_of_record
TN:
SF:src\lib\secureStorage.ts
FN:15,(anonymous_9)
FN:18,(anonymous_10)
FN:21,(anonymous_11)
FNF:3
FNH:0
FNDA:0,(anonymous_9)
FNDA:0,(anonymous_10)
FNDA:0,(anonymous_11)
DA:1,0
DA:14,0
DA:16,0
DA:19,0
DA:22,0
LF:5
LH:0
BRF:0
BRH:0
end_of_record
TN:
SF:src\store\auth.ts
FN:63,(anonymous_1)
FN:66,(anonymous_2)
FN:67,(anonymous_3)
FN:71,(anonymous_4)
FNF:4
FNH:4
FNDA:1,(anonymous_1)
FNDA:9,(anonymous_2)
FNDA:3,(anonymous_3)
FNDA:1,(anonymous_4)
DA:1,1
DA:2,1
DA:3,1
DA:61,1
DA:63,1
DA:66,9
DA:67,3
DA:71,1
LF:8
LH:8
BRF:0
BRH:0
end_of_record
